Energy (eV)    DOS (1/eV)    PDOS (1/eV)  of atom type Mo S  
     -5.05829      5.54490      2.49305      3.05185
     -5.04829      5.07915      2.25006      2.82909
     -5.03829      4.61484      2.00212      2.61271
     -5.02829      4.27420      1.80581      2.46839
     -5.01829      4.14782      1.70565      2.44217
     -5.00829      4.19328      1.68987      2.50341
     -4.99829      4.21791      1.68073      2.53718
     -4.98829      4.00621      1.58557      2.42064
     -4.97829      3.50626      1.37609      2.13017
     -4.96829      2.88121      1.11489      1.76632
     -4.95829      2.36339      0.89809      1.46531
     -4.94829      2.07626      0.77955      1.29671
     -4.93829      1.99222      0.74959      1.24263
     -4.92829      2.00756      0.76412      1.24343
     -4.91829      2.02472      0.77946      1.24526
     -4.90829      1.99222      0.77110      1.22112
     -4.89829      1.91149      0.73881      1.17268
     -4.88829      1.82102      0.70059      1.12044
     -4.87829      1.76580      0.67821      1.08759
     -4.86829      1.77124      0.68428      1.08696
     -4.85829      1.83368      0.71745      1.11623
     -4.84829      1.92044      0.76303      1.15741
     -4.83829      1.97728      0.79627      1.18101
     -4.82829      1.95298      0.79265      1.16033
     -4.81829      1.83257      0.74314      1.08942
     -4.80829      1.64871      0.66140      0.98731
     -4.79829      1.45837      0.57468      0.88369
     -4.78829      1.30844      0.50696      0.80148
     -4.77829      1.21984      0.46905      0.75079
     -4.76829      1.19221      0.45993      0.73228
     -4.75829      1.21109      0.47143      0.73966
     -4.74829      1.24960      0.49065      0.75895
     -4.73829      1.27414      0.50279      0.77135
     -4.72829      1.26052      0.49766      0.76286
     -4.71829      1.20944      0.47605      0.73339
     -4.70829      1.14611      0.44926      0.69685
     -4.69829      1.10501      0.43225      0.67276
     -4.68829      1.11224      0.43603      0.67621
     -4.67829      1.17173      0.46236      0.70938
     -4.66829      1.25781      0.50110      0.75671
     -4.65829      1.32465      0.53352      0.79113
     -4.64829      1.33423      0.54260      0.79163
     -4.63829      1.28109      0.52336      0.75774
     -4.62829      1.19142      0.48454      0.70688
     -4.61829      1.10057      0.44120      0.65938
     -4.60829      1.02997      0.40497      0.62499
     -4.59829      0.98096      0.37972      0.60124
     -4.58829      0.94730      0.36473      0.58257
     -4.57829      0.92973      0.35992      0.56980
     -4.56829      0.93488      0.36602      0.56886
     -4.55829      0.96250      0.38074      0.58176
     -4.54829      0.99894      0.39714      0.60180
     -4.53829      1.02429      0.40666      0.61763
     -4.52829      1.02422      0.40410      0.62012
     -4.51829      0.99743      0.39060      0.60683
     -4.50829      0.95695      0.37322      0.58373
     -4.49829      0.92439      0.36136      0.56303
     -4.48829      0.91760      0.36158      0.55602
     -4.47829      0.94156      0.37476      0.56680
     -4.46829      0.99145      0.39804      0.59341
     -4.45829      1.05746      0.42667      0.63079
     -4.44829      1.11867      0.45158      0.66709
     -4.43829      1.13945      0.45843      0.68103
     -4.42829      1.08922      0.43568      0.65354
     -4.41829      0.97281      0.38628      0.58653
     -4.40829      0.83556      0.32901      0.50655
     -4.39829      0.73405      0.28679      0.44726
     -4.38829      0.70309      0.27367      0.42943
     -4.37829      0.74529      0.29041      0.45489
     -4.36829      0.83621      0.32664      0.50957
     -4.35829      0.93014      0.36383      0.56631
     -4.34829      0.97518      0.38180      0.59338
     -4.33829      0.94559      0.37087      0.57472
     -4.32829      0.86362      0.33956      0.52406
     -4.31829      0.78018      0.30715      0.47303
     -4.30829      0.73446      0.28873      0.44573
     -4.29829      0.73919      0.28961      0.44958
     -4.28829      0.79368      0.30988      0.48380
     -4.27829      0.88876      0.34600      0.54277
     -4.26829      0.99553      0.38689      0.60864
     -4.25829      1.06908      0.41560      0.65347
     -4.24829      1.08007      0.42100      0.65907
     -4.23829      1.03994      0.40697      0.63297
     -4.22829      0.98945      0.38877      0.60068
     -4.21829      0.97317      0.38497      0.58820
     -4.20829      1.03957      0.41882      0.62075
     -4.19829      1.25463      0.52249      0.73213
     -4.18829      1.67710      0.72345      0.95364
     -4.17829      2.29032      1.01327      1.27705
     -4.16829      2.96853      1.33359      1.63493
     -4.15829      3.54419      1.60702      1.93717
     -4.14829      3.92339      1.78857      2.13482
     -4.13829      4.12843      1.88545      2.24297
     -4.12829      4.23699      1.93186      2.30513
     -4.11829      4.30839      1.95647      2.35193
     -4.10829      4.37628      1.97649      2.39980
     -4.09829      4.48059      2.00931      2.47128
     -4.08829      4.66293      2.07164      2.59129
     -4.07829      4.91898      2.16205      2.75692
     -4.06829      5.18558      2.25656      2.92902
     -4.05829      5.40597      2.33388      3.07210
     -4.04829      5.59979      2.40196      3.19783
     -4.03829      5.84812      2.49103      3.35709
     -4.02829      6.21656      2.62333      3.59322
     -4.01829      6.70452      2.79474      3.90978
     -4.00829      7.24905      2.97835      4.27069
     -3.99829      7.75112      3.13661      4.61451
     -3.98829      8.10839      3.23436      4.87402
     -3.97829      8.26056      3.25490      5.00566
     -3.96829      8.23071      3.21286      5.01785
     -3.95829      8.12104      3.15050      4.97053
     -3.94829      8.04830      3.11276      4.93554
     -3.93829      8.06378      3.11757      4.94620
     -3.92829      8.12144      3.14434      4.97710
     -3.91829      8.11480      3.14875      4.96605
     -3.90829      7.95447      3.09360      4.86088
     -3.89829      7.63510      2.97541      4.65970
     -3.88829      7.23623      2.82469      4.41153
     -3.87829      6.84836      2.67674      4.17162
     -3.86829      6.49752      2.54193      3.95559
     -3.85829      6.14775      2.40656      3.74118
     -3.84829      5.76667      2.25824      3.50843
     -3.83829      5.36745      2.10216      3.26529
     -3.82829      4.98405      1.95167      3.03238
     -3.81829      4.63036      1.81251      2.81785
     -3.80829      4.30915      1.68644      2.62271
     -3.79829      4.05049      1.58600      2.46449
     -3.78829      3.90433      1.53056      2.37376
     -3.77829      3.87860      1.52155      2.35705
     -3.76829      3.90277      1.52951      2.37326
     -3.75829      3.87155      1.51339      2.35817
     -3.74829      3.72625      1.45234      2.27391
     -3.73829      3.49231      1.35817      2.13414
     -3.72829      3.24403      1.26005      1.98398
     -3.71829      3.03896      1.18006      1.85891
     -3.70829      2.88555      1.12237      1.76318
     -3.69829      2.76251      1.08100      1.68151
     -3.68829      2.64955      1.04991      1.59964
     -3.67829      2.53038      1.02182      1.50856
     -3.66829      2.38137      0.98330      1.39807
     -3.65829      2.17924      0.91980      1.25944
     -3.64829      1.92643      0.82860      1.09783
     -3.63829      1.66387      0.72551      0.93837
     -3.62829      1.45380      0.63816      0.81564
     -3.61829      1.34507      0.59093      0.75414
     -3.60829      1.34827      0.59194      0.75633
     -3.59829      1.43742      0.63041      0.80701
     -3.58829      1.57198      0.68548      0.88650
     -3.57829      1.71637      0.73861      0.97776
     -3.56829      1.84344      0.77971      1.06372
     -3.55829      1.93267      0.80641      1.12626
     -3.54829      1.97828      0.82251      1.15577
     -3.53829      1.99661      0.83624      1.16037
     -3.52829      2.01256      0.85335      1.15921
     -3.51829      2.03879      0.87073      1.16807
     -3.50829      2.08513      0.88470      1.20043
     -3.49829      2.19225      0.90963      1.28262
     -3.48829      2.42694      0.97780      1.44913
     -3.47829      2.81316      1.10794      1.70522
     -3.46829      3.27570      1.27637      1.99933
     -3.45829      3.68618      1.43235      2.25383
     -3.44829      3.97766      1.54540      2.43227
     -3.43829      4.19454      1.62807      2.56647
     -3.42829      4.41810      1.70874      2.70936
     -3.41829      4.66250      1.79257      2.86993
     -3.40829      4.86709      1.85956      3.00753
     -3.39829      4.98592      1.89783      3.08808
     -3.38829      5.05563      1.92594      3.12969
     -3.37829      5.15378      1.97329      3.18049
     -3.36829      5.30198      2.04291      3.25907
     -3.35829      5.44141      2.10569      3.33571
     -3.34829      5.51223      2.13492      3.37731
     -3.33829      5.53340      2.13861      3.39479
     -3.32829      5.59153      2.15479      3.43675
     -3.31829      5.77270      2.22353      3.54917
     -3.30829      6.12080      2.36783      3.75297
     -3.29829      6.63525      2.58874      4.04652
     -3.28829      7.26343      2.86086      4.40258
     -3.27829      7.88581      3.13030      4.75551
     -3.26829      8.34536      3.33292      5.01244
     -3.25829      8.53036      3.43027      5.10009
     -3.24829      8.44083      3.43223      5.00860
     -3.23829      8.17651      3.38434      4.79217
     -3.22829      7.86499      3.33322      4.53177
     -3.21829      7.59102      3.29871      4.29231
     -3.20829      7.36637      3.26740      4.09897
     -3.19829      7.14951      3.20789      3.94162
     -3.18829      6.89734      3.09741      3.79993
     -3.17829      6.60124      2.93898      3.66226
     -3.16829      6.27448      2.75349      3.52099
     -3.15829      5.92326      2.56033      3.36292
     -3.14829      5.55120      2.37145      3.17975
     -3.13829      5.18569      2.19941      2.98627
     -3.12829      4.87340      2.05912      2.81428
     -3.11829      4.63605      1.95533      2.68072
     -3.10829      4.44233      1.87462      2.56771
     -3.09829      4.23901      1.79773      2.44128
     -3.08829      4.00456      1.71830      2.28626
     -3.07829      3.75890      1.64295      2.11595
     -3.06829      3.52712      1.57477      1.95235
     -3.05829      3.31213      1.50573      1.80640
     -3.04829      3.10564      1.42834      1.67729
     -3.03829      2.91157      1.34897      1.56261
     -3.02829      2.75113      1.28495      1.46618
     -3.01829      2.65206      1.25120      1.40086
     -3.00829      2.63555      1.25098      1.38457
     -2.99829      2.70094      1.27497      1.42596
     -2.98829      2.81197      1.30536      1.50661
     -2.97829      2.89933      1.32107      1.57826
     -2.96829      2.88945      1.30345      1.58600
     -2.95829      2.75351      1.24622      1.50729
     -2.94829      2.54717      1.16878      1.37839
     -2.93829      2.39281      1.11464      1.27817
     -2.92829      2.38685      1.11913      1.26772
     -2.91829      2.50498      1.17062      1.33435
     -2.90829      2.61678      1.21461      1.40217
     -2.89829      2.61122      1.20580      1.40543
     -2.88829      2.49198      1.14853      1.34345
     -2.87829      2.33978      1.07915      1.26063
     -2.86829      2.21370      1.02178      1.19192
     -2.85829      2.11942      0.97625      1.14317
     -2.84829      2.05319      0.94206      1.11113
     -2.83829      2.03452      0.93378      1.10074
     -2.82829      2.08414      0.96534      1.11880
     -2.81829      2.18704      1.02734      1.15970
     -2.80829      2.29198      1.08815      1.20383
     -2.79829      2.34608      1.11694      1.22914
     -2.78829      2.32318      1.10231      1.22087
     -2.77829      2.22378      1.05070      1.17308
     -2.76829      2.06677      0.97576      1.09101
     -2.75829      1.89451      0.89589      0.99862
     -2.74829      1.77630      0.83795      0.93835
     -2.73829      1.78100      0.83001      0.95099
     -2.72829      1.92425      0.88005      1.04420
     -2.71829      2.13758      0.96109      1.17649
     -2.70829      2.30420      1.02573      1.27847
     -2.69829      2.34534      1.04291      1.30243
     -2.68829      2.27680      1.02060      1.25620
     -2.67829      2.17907      0.99065      1.18843
     -2.66829      2.12102      0.97604      1.14498
     -2.65829      2.11669      0.97614      1.14055
     -2.64829      2.13324      0.97492      1.15833
     -2.63829      2.12034      0.95504      1.16531
     -2.62829      2.04533      0.90920      1.13613
     -2.61829      1.92182      0.84695      1.07487
     -2.60829      1.80330      0.79038      1.01292
     -2.59829      1.74246      0.76066      0.98180
     -2.58829      1.76175      0.77070      0.99105
     -2.57829      1.85984      0.82864      1.03119
     -2.56829      2.02174      0.93482      1.08692
     -2.55829      2.20725      1.06661      1.14063
     -2.54829      2.35052      1.17746      1.17306
     -2.53829      2.40014      1.22620      1.17394
     -2.52829      2.36215      1.20928      1.15287
     -2.51829      2.29231      1.16030      1.13201
     -2.50829      2.24265      1.11852      1.12413
     -2.49829      2.21486      1.09641      1.11845
     -2.48829      2.16607      1.07420      1.09187
     -2.47829      2.06543      1.02693      1.03849
     -2.46829      1.94687      0.95894      0.98793
     -2.45829      1.89790      0.90944      0.98847
     -2.44829      1.98506      0.92053      1.06453
     -2.43829      2.18560      0.99818      1.18742
     -2.42829      2.39597      1.10423      1.29174
     -2.41829      2.51171      1.18541      1.32630
     -2.40829      2.50322      1.21098      1.29224
     -2.39829      2.42861      1.19026      1.23835
     -2.38829      2.38720      1.16222      1.22498
     -2.37829      2.44454      1.16404      1.28050
     -2.36829      2.57111      1.19774      1.37337
     -2.35829      2.65556      1.22627      1.42929
     -2.34829      2.60529      1.20992      1.39536
     -2.33829      2.44107      1.14804      1.29303
     -2.32829      2.28229      1.08128      1.20101
     -2.31829      2.24409      1.05644      1.18765
     -2.30829      2.35550      1.09216      1.26335
     -2.29829      2.55698      1.17103      1.38594
     -2.28829      2.74938      1.25334      1.49604
     -2.27829      2.84964      1.29868      1.55096
     -2.26829      2.83182      1.28675      1.54507
     -2.25829      2.74012      1.22914      1.51097
     -2.24829      2.66415      1.16490      1.49925
     -2.23829      2.68621      1.13946      1.54675
     -2.22829      2.83005      1.17666      1.65340
     -2.21829      3.04494      1.26179      1.78314
     -2.20829      3.24075      1.35134      1.88941
     -2.19829      3.35268      1.40541      1.94726
     -2.18829      3.38410      1.41593      1.96817
     -2.17829      3.39127      1.40512      1.98614
     -2.16829      3.42548      1.39856      2.02692
     -2.15829      3.48747      1.40132      2.08615
     -2.14829      3.53858      1.40068      2.13790
     -2.13829      3.55794      1.38943      2.16851
     -2.12829      3.58081      1.38152      2.19929
     -2.11829      3.66614      1.39969      2.26645
     -2.10829      3.82558      1.44850      2.37708
     -2.09829      4.00527      1.50595      2.49932
     -2.08829      4.16306      1.54784      2.61521
     -2.07829      4.36688      1.58015      2.78672
     -2.06829      4.78683      1.64104      3.14578
     -2.05829      5.54474      1.76435      3.78039
     -2.04829      6.55498      1.94199      4.61299
     -2.03829      7.53905      2.12810      5.41094
     -2.02829      8.22290      2.27948      5.94342
     -2.01829      8.51879      2.38488      6.13391
     -2.00829      8.51896      2.45475      6.06421
     -1.99829      8.35164      2.49253      5.85911
     -1.98829      8.08237      2.48570      5.59667
     -1.97829      7.73923      2.42431      5.31492
     -1.96829      7.36877      2.32068      5.04808
     -1.95829      7.02188      2.20542      4.81646
     -1.94829      6.70774      2.10627      4.60147
     -1.93829      6.40884      2.03505      4.37379
     -1.92829      6.14214      1.99120      4.15094
     -1.91829      5.96715      1.96915      3.99800
     -1.90829      5.91756      1.95937      3.95819
     -1.89829      5.94527      1.94917      3.99610
     -1.88829      5.94889      1.92905      4.01984
     -1.87829      5.85146      1.89672      3.95475
     -1.86829      5.64169      1.84993      3.79176
     -1.85829      5.35409      1.77841      3.57568
     -1.84829      5.04133      1.67375      3.36758
     -1.83829      4.77078      1.55116      3.21961
     -1.82829      4.60917      1.45104      3.15813
     -1.81829      4.57472      1.40736      3.16736
     -1.80829      4.60702      1.41392      3.19310
     -1.79829      4.60232      1.42675      3.17557
     -1.78829      4.49019      1.40282      3.08737
     -1.77829      4.29015      1.33819      2.95196
     -1.76829      4.10720      1.27164      2.83556
     -1.75829      4.05777      1.25033      2.80744
     -1.74829      4.16484      1.28523      2.87961
     -1.73829      4.31564      1.33607      2.97957
     -1.72829      4.34607      1.34366      3.00241
     -1.71829      4.18191      1.28117      2.90074
     -1.70829      3.89240      1.17423      2.71817
     -1.69829      3.61576      1.07460      2.54117
     -1.68829      3.45572      1.01991      2.43581
     -1.67829      3.44310      1.01675      2.42635
     -1.66829      3.55279      1.05036      2.50243
     -1.65829      3.72235      1.09920      2.62316
     -1.64829      3.86315      1.13989      2.72326
     -1.63829      3.88983      1.14922      2.74061
     -1.62829      3.76625      1.11302      2.65323
     -1.61829      3.52850      1.03703      2.49147
     -1.60829      3.25708      0.94544      2.31165
     -1.59829      3.02039      0.86501      2.15538
     -1.58829      2.84358      0.81104      2.03254
     -1.57829      2.73070      0.78828      1.94243
     -1.56829      2.70249      0.79889      1.90360
     -1.55829      2.79223      0.84245      1.94978
     -1.54829      3.00298      0.91041      2.09257
     -1.53829      3.28132      0.98652      2.29480
     -1.52829      3.53514      1.05135      2.48379
     -1.51829      3.67639      1.08458      2.59182
     -1.50829      3.66346      1.06985      2.59361
     -1.49829      3.52032      1.00584      2.51448
     -1.48829      3.31244      0.91092      2.40152
     -1.47829      3.09883      0.81221      2.28662
     -1.46829      2.91111      0.73077      2.18034
     -1.45829      2.77014      0.67694      2.09320
     -1.44829      2.69823      0.65362      2.04462
     -1.43829      2.70397      0.65787      2.04609
     -1.42829      2.76611      0.68030      2.08581
     -1.41829      2.84378      0.70738      2.13640
     -1.40829      2.90279      0.72769      2.17510
     -1.39829      2.93313      0.73677      2.19637
     -1.38829      2.94747      0.73660      2.21087
     -1.37829      2.96339      0.73032      2.23308
     -1.36829      2.98095      0.71719      2.26376
     -1.35829      2.97852      0.69433      2.28419
     -1.34829      2.93760      0.66424      2.27336
     -1.33829      2.86898      0.63750      2.23148
     -1.32829      2.80808      0.62480      2.18328
     -1.31829      2.78649      0.62800      2.15848
     -1.30829      2.81136      0.64077      2.17059
     -1.29829      2.86814      0.65485      2.21329
     -1.28829      2.93787      0.66346      2.27441
     -1.27829      3.01088      0.66228      2.34860
     -1.26829      3.08412      0.65182      2.43231
     -1.25829      3.14709      0.63804      2.50905
     -1.24829      3.17879      0.62775      2.55104
     -1.23829      3.16872      0.62335      2.54537
     -1.22829      3.14221      0.62370      2.51851
     -1.21829      3.15749      0.62914      2.52836
     -1.20829      3.27011      0.64325      2.62686
     -1.19829      3.49492      0.66926      2.82566
     -1.18829      3.79155      0.70475      3.08680
     -1.17829      4.07564      0.73899      3.33665
     -1.16829      4.25234      0.75730      3.49505
     -1.15829      4.26584      0.75250      3.51334
     -1.14829      4.13571      0.73442      3.40129
     -1.13829      3.94715      0.72655      3.22060
     -1.12829      3.80123      0.75195      3.04929
     -1.11829      3.76351      0.81985      2.94366
     -1.10829      3.84075      0.92240      2.91835
     -1.09829      3.99152      1.04228      2.94924
     -1.08829      4.15377      1.16162      2.99215
     -1.07829      4.26330      1.26206      3.00124
     -1.06829      4.26421      1.32415      2.94006
     -1.05829      4.13345      1.34014      2.79331
     -1.04829      3.90535      1.32879      2.57656
     -1.03829      3.65289      1.32602      2.32687
     -1.02829      3.43292      1.35559      2.07733
     -1.01829      3.25455      1.41227      1.84228
     -1.00829      3.09769      1.47333      1.62436
     -0.99829      2.95398      1.52451      1.42947
     -0.98829      2.85196      1.57684      1.27512
     -0.97829      2.84544      1.65973      1.18571
     -0.96829      2.97269      1.79762      1.17508
     -0.95829      3.22427      1.99384      1.23043
     -0.94829      3.54497      2.23072      1.31425
     -0.93829      3.85660      2.47349      1.38311
     -0.92829      4.08318      2.67484      1.40834
     -0.91829      4.17811      2.79179      1.38632
     -0.90829      4.14627      2.81145      1.33482
     -0.89829      4.04502      2.76396      1.28105
     -0.88829      3.96133      2.71096      1.25038
     -0.87829      3.97504      2.71590      1.25914
     -0.86829      4.11772      2.80900      1.30872
     -0.85829      4.34625      2.96496      1.38129
     -0.84829      4.56052      3.11476      1.44576
     -0.83829      4.66733      3.19089      1.47644
     -0.82829      4.64264      3.17220      1.47043
     -0.81829      4.53713      3.09076      1.44637
     -0.80829      4.42334      2.99743      1.42591
     -0.79829      4.33752      2.92090      1.41662
     -0.78829      4.26810      2.85698      1.41111
     -0.77829      4.19146      2.79179      1.39968
     -0.76829      4.10727      2.72579      1.38148
     -0.75829      4.03128      2.66905      1.36224
     -0.74829      3.96514      2.62080      1.34434
     -0.73829      3.89777      2.57128      1.32649
     -0.72829      3.83490      2.52270      1.31220
     -0.71829      3.79459      2.48728      1.30731
     -0.70829      3.76753      2.46117      1.30635
     -0.69829      3.71487      2.42214      1.29273
     -0.68829      3.61927      2.36097      1.25830
     -0.67829      3.51444      2.29880      1.21564
     -0.66829      3.44999      2.26432      1.18567
     -0.65829      3.44101      2.26359      1.17742
     -0.64829      3.46018      2.27747      1.18272
     -0.63829      3.46721      2.28066      1.18655
     -0.62829      3.43899      2.25940      1.17960
     -0.61829      3.38094      2.21807      1.16288
     -0.60829      3.31659      2.17379      1.14280
     -0.59829      3.26708      2.14343      1.12364
     -0.58829      3.24279      2.13578      1.10701
     -0.57829      3.24810      2.15181      1.09629
     -0.56829      3.27776      2.18312      1.09465
     -0.55829      3.30816      2.21001      1.09815
     -0.54829      3.30783      2.21113      1.09670
     -0.53829      3.26015      2.17757      1.08257
     -0.52829      3.17205      2.11689      1.05515
     -0.51829      3.07116      2.05075      1.02041
     -0.50829      2.99997      2.01043      0.98953
     -0.49829      2.99329      2.01961      0.97368
     -0.48829      3.04594      2.07099      0.97495
     -0.47829      3.11210      2.12786      0.98424
     -0.46829      3.14194      2.15317      0.98877
     -0.45829      3.10872      2.13006      0.97866
     -0.44829      3.00886      2.06016      0.94870
     -0.43829      2.86444      1.96192      0.90252
     -0.42829      2.72813      1.87229      0.85584
     -0.41829      2.65808      1.83029      0.82779
     -0.40829      2.67421      1.84859      0.82562
     -0.39829      2.74488      1.90498      0.83991
     -0.38829      2.81386      1.96013      0.85373
     -0.37829      2.83310      1.97923      0.85387
     -0.36829      2.78170      1.94543      0.83627
     -0.35829      2.67476      1.86812      0.80664
     -0.34829      2.55748      1.78039      0.77709
     -0.33829      2.47743      1.71888      0.75854
     -0.32829      2.45511      1.70053      0.75459
     -0.31829      2.47989      1.71770      0.76219
     -0.30829      2.52831      1.75154      0.77677
     -0.29829      2.58149      1.78630      0.79520
     -0.28829      2.62901      1.81378      0.81523
     -0.27829      2.66138      1.82799      0.83339
     -0.26829      2.65928      1.81719      0.84210
     -0.25829      2.59224      1.76364      0.82860
     -0.24829      2.43282      1.65369      0.77913
     -0.23829      2.17617      1.48835      0.68782
     -0.22829      1.85044      1.28607      0.56437
     -0.21829      1.51153      1.07856      0.43297
     -0.20829      1.22206      0.90125      0.32081
     -0.19829      1.02314      0.77899      0.24415
     -0.18829      0.91515      0.71292      0.20224
     -0.17829      0.86129      0.67922      0.18207
     -0.16829      0.81262      0.64430      0.16831
     -0.15829      0.73858      0.58695      0.15163
     -0.14829      0.64110      0.50997      0.13113
     -0.13829      0.54393      0.43275      0.11119
     -0.12829      0.47025      0.37401      0.09624
     -0.11829      0.42751      0.33996      0.08755
     -0.10829      0.40716      0.32392      0.08324
     -0.09829      0.39416      0.31393      0.08024
     -0.08829      0.37768      0.30127      0.07642
     -0.07829      0.35633      0.28474      0.07159
     -0.06829      0.33568      0.26872      0.06696
     -0.05829      0.32113      0.25752      0.06361
     -0.04829      0.31229      0.25084      0.06146
     -0.03829      0.30293      0.24367      0.05926
     -0.02829      0.28493      0.22948      0.05545
     -0.01829      0.25247      0.20355      0.04892
     -0.00829      0.20505      0.16546      0.03959
      0.00171      0.14875      0.12011      0.02865
      0.01171      0.09418      0.07608      0.01810
      0.02171      0.05104      0.04124      0.00979
      0.03171      0.02331      0.01884      0.00447
      0.04171      0.00887      0.00717      0.00170
      0.05171      0.00279      0.00225      0.00053
      0.06171      0.00072      0.00058      0.00014
      0.07171      0.00015      0.00012      0.00003
      0.08171      0.00003      0.00002      0.00000
      0.09171      0.00000      0.00000      0.00000
      0.10171      0.00000      0.00000      0.00000
      0.11171      0.00000      0.00000      0.00000
      0.12171      0.00000      0.00000      0.00000
      0.13171      0.00000      0.00000      0.00000
      0.14171      0.00000      0.00000      0.00000
      0.15171      0.00000      0.00000      0.00000
      0.16171      0.00000      0.00000      0.00000
      0.17171      0.00000      0.00000      0.00000
      0.18171      0.00000      0.00000      0.00000
      0.19171      0.00000      0.00000      0.00000
      0.20171      0.00000      0.00000      0.00000
      0.21171      0.00000      0.00000      0.00000
      0.22171      0.00000      0.00000      0.00000
      0.23171      0.00000      0.00000      0.00000
      0.24171      0.00000      0.00000      0.00000
      0.25171      0.00000      0.00000      0.00000
      0.26171      0.00000      0.00000      0.00000
      0.27171      0.00000      0.00000      0.00000
      0.28171      0.00000      0.00000      0.00000
      0.29171      0.00000      0.00000      0.00000
      0.30171      0.00000      0.00000      0.00000
      0.31171      0.00000      0.00000      0.00000
      0.32171      0.00000      0.00000      0.00000
      0.33171      0.00000      0.00000      0.00000
      0.34171      0.00000      0.00000      0.00000
      0.35171      0.00000      0.00000      0.00000
      0.36171      0.00000      0.00000      0.00000
      0.37171      0.00000      0.00000      0.00000
      0.38171      0.00000      0.00000      0.00000
      0.39171      0.00000      0.00000      0.00000
      0.40171      0.00000      0.00000      0.00000
      0.41171      0.00000      0.00000      0.00000
      0.42171      0.00000      0.00000      0.00000
      0.43171      0.00000      0.00000      0.00000
      0.44171      0.00000      0.00000      0.00000
      0.45171      0.00000      0.00000      0.00000
      0.46171      0.00000      0.00000      0.00000
      0.47171      0.00000      0.00000      0.00000
      0.48171      0.00000      0.00000      0.00000
      0.49171      0.00000      0.00000      0.00000
      0.50171      0.00000      0.00000      0.00000
      0.51171      0.00000      0.00000      0.00000
      0.52171      0.00000      0.00000      0.00000
      0.53171      0.00000      0.00000      0.00000
      0.54171      0.00000      0.00000      0.00000
      0.55171      0.00000      0.00000      0.00000
      0.56171      0.00000      0.00000      0.00000
      0.57171      0.00000      0.00000      0.00000
      0.58171      0.00000      0.00000      0.00000
      0.59171      0.00000      0.00000      0.00000
      0.60171      0.00000      0.00000      0.00000
      0.61171      0.00000      0.00000      0.00000
      0.62171      0.00000      0.00000      0.00000
      0.63171      0.00000      0.00000      0.00000
      0.64171      0.00000      0.00000      0.00000
      0.65171      0.00000      0.00000      0.00000
      0.66171      0.00000      0.00000      0.00000
      0.67171      0.00000      0.00000      0.00000
      0.68171      0.00000      0.00000      0.00000
      0.69171      0.00000      0.00000      0.00000
      0.70171      0.00000      0.00000      0.00000
      0.71171      0.00000      0.00000      0.00000
      0.72171      0.00000      0.00000      0.00000
      0.73171      0.00000      0.00000      0.00000
      0.74171      0.00000      0.00000      0.00000
      0.75171      0.00000      0.00000      0.00000
      0.76171      0.00000      0.00000      0.00000
      0.77171      0.00000      0.00000      0.00000
      0.78171      0.00000      0.00000      0.00000
      0.79171      0.00000      0.00000      0.00000
      0.80171      0.00000      0.00000      0.00000
      0.81171      0.00000      0.00000      0.00000
      0.82171      0.00000      0.00000      0.00000
      0.83171      0.00000      0.00000      0.00000
      0.84171      0.00000      0.00000      0.00000
      0.85171      0.00000      0.00000      0.00000
      0.86171      0.00000      0.00000      0.00000
      0.87171      0.00000      0.00000      0.00000
      0.88171      0.00000      0.00000      0.00000
      0.89171      0.00000      0.00000      0.00000
      0.90171      0.00000      0.00000      0.00000
      0.91171      0.00000      0.00000      0.00000
      0.92171      0.00000      0.00000      0.00000
      0.93171      0.00000      0.00000      0.00000
      0.94171      0.00000      0.00000      0.00000
      0.95171      0.00000      0.00000      0.00000
      0.96171      0.00000      0.00000      0.00000
      0.97171      0.00000      0.00000      0.00000
      0.98171      0.00000      0.00000      0.00000
      0.99171      0.00000      0.00000      0.00000
      1.00171      0.00000      0.00000      0.00000
      1.01171      0.00000      0.00000      0.00000
      1.02171      0.00000      0.00000      0.00000
      1.03171      0.00000      0.00000      0.00000
      1.04171      0.00000      0.00000      0.00000
      1.05171      0.00000      0.00000      0.00000
      1.06171      0.00000      0.00000      0.00000
      1.07171      0.00000      0.00000      0.00000
      1.08171      0.00000      0.00000      0.00000
      1.09171      0.00000      0.00000      0.00000
      1.10171      0.00000      0.00000      0.00000
      1.11171      0.00000      0.00000      0.00000
      1.12171      0.00000      0.00000      0.00000
      1.13171      0.00000      0.00000      0.00000
      1.14171      0.00000      0.00000      0.00000
      1.15171      0.00000      0.00000      0.00000
      1.16171      0.00000      0.00000      0.00000
      1.17171      0.00000      0.00000      0.00000
      1.18171      0.00000      0.00000      0.00000
      1.19171      0.00000      0.00000      0.00000
      1.20171      0.00000      0.00000      0.00000
      1.21171      0.00000      0.00000      0.00000
      1.22171      0.00000      0.00000      0.00000
      1.23171      0.00000      0.00000      0.00000
      1.24171      0.00000      0.00000      0.00000
      1.25171      0.00000      0.00000      0.00000
      1.26171      0.00000      0.00000      0.00000
      1.27171      0.00000      0.00000      0.00000
      1.28171      0.00000      0.00000      0.00000
      1.29171      0.00000      0.00000      0.00000
      1.30171      0.00000      0.00000      0.00000
      1.31171      0.00000      0.00000      0.00000
      1.32171      0.00000      0.00000      0.00000
      1.33171      0.00000      0.00000      0.00000
      1.34171      0.00000      0.00000      0.00000
      1.35171      0.00000      0.00000      0.00000
      1.36171      0.00000      0.00000      0.00000
      1.37171      0.00000      0.00000      0.00000
      1.38171      0.00000      0.00000      0.00000
      1.39171      0.00000      0.00000      0.00000
      1.40171      0.00000      0.00000      0.00000
      1.41171      0.00000      0.00000      0.00000
      1.42171      0.00000      0.00000      0.00000
      1.43171      0.00000      0.00000      0.00000
      1.44171      0.00000      0.00000      0.00000
      1.45171      0.00000      0.00000      0.00000
      1.46171      0.00000      0.00000      0.00000
      1.47171      0.00000      0.00000      0.00000
      1.48171      0.00000      0.00000      0.00000
      1.49171      0.00000      0.00000      0.00000
      1.50171      0.00000      0.00000      0.00000
      1.51171      0.00000      0.00000      0.00000
      1.52171      0.00000      0.00000      0.00000
      1.53171      0.00000      0.00000      0.00000
      1.54171      0.00000      0.00000      0.00000
      1.55171      0.00000      0.00000      0.00000
      1.56171      0.00000      0.00000      0.00000
      1.57171      0.00000      0.00000      0.00000
      1.58171      0.00000      0.00000      0.00000
      1.59171      0.00000      0.00000      0.00000
      1.60171      0.00000      0.00000      0.00000
      1.61171      0.00000      0.00000      0.00000
      1.62171      0.00000      0.00000      0.00000
      1.63171      0.00000      0.00000      0.00000
      1.64171      0.00000      0.00000      0.00000
      1.65171      0.00001      0.00000      0.00000
      1.66171      0.00007      0.00004      0.00003
      1.67171      0.00044      0.00023      0.00022
      1.68171      0.00225      0.00116      0.00109
      1.69171      0.00927      0.00480      0.00447
      1.70171      0.03126      0.01631      0.01495
      1.71171      0.08687      0.04572      0.04114
      1.72171      0.20072      0.10679      0.09393
      1.73171      0.39066      0.21049      0.18017
      1.74171      0.65139      0.35617      0.29523
      1.75171      0.95103      0.52838      0.42264
      1.76171      1.24923      0.70488      0.54435
      1.77171      1.52453      0.87031      0.65422
      1.78171      1.78680      1.02436      0.76245
      1.79171      2.06180      1.17678      0.88503
      1.80171      2.35858      1.33281      1.02577
      1.81171      2.65092      1.48295      1.16797
      1.82171      2.89574      1.60925      1.28649
      1.83171      3.07240      1.70249      1.36991
      1.84171      3.19917      1.77068      1.42850
      1.85171      3.30891      1.82948      1.47943
      1.86171      3.41550      1.88689      1.52861
      1.87171      3.50891      1.93866      1.57025
      1.88171      3.57719      1.97716      1.60003
      1.89171      3.62771      2.00445      1.62326
      1.90171      3.68808      2.03666      1.65142
      1.91171      3.78487      2.09156      1.69331
      1.92171      3.91882      2.17015      1.74867
      1.93171      4.06576      2.25593      1.80984
      1.94171      4.20654      2.33537      1.87117
      1.95171      4.35124      2.41347      1.93777
      1.96171      4.52955      2.50574      2.02382
      1.97171      4.76123      2.62106      2.14017
      1.98171      5.03850      2.75709      2.28141
      1.99171      5.32723      2.90376      2.42347
      2.00171      5.57407      3.04119      2.53288
      2.01171      5.72221      3.14025      2.58196
      2.02171      5.74396      3.18030      2.56366
      2.03171      5.66688      3.16960      2.49728
      2.04171      5.55960      3.14183      2.41777
      2.05171      5.48628      3.13179      2.35449
      2.06171      5.47291      3.15679      2.31612
      2.07171      5.51116      3.21720      2.29396
      2.08171      5.58643      3.30767      2.27876
      2.09171      5.69757      3.42501      2.27257
      2.10171      5.84663      3.56394      2.28269
      2.11171      6.01090      3.70572      2.30517
      2.12171      6.13349      3.81498      2.31850
      2.13171      6.15247      3.85586      2.29662
      2.14171      6.04819      3.81877      2.22942
      2.15171      5.86429      3.73372      2.13057
      2.16171      5.67567      3.65165      2.02402
      2.17171      5.52904      3.60597      1.92306
      2.18171      5.41878      3.59408      1.82470
      2.19171      5.32498      3.60024      1.72474
      2.20171      5.26104      3.62839      1.63265
      2.21171      5.26600      3.69953      1.56647
      2.22171      5.35780      3.82206      1.53575
      2.23171      5.51900      3.98350      1.53550
      2.24171      5.72916      4.17312      1.55604
      2.25171      5.98468      4.39290      1.59177
      2.26171      6.27233      4.63477      1.63756
      2.27171      6.53410      4.85336      1.68074
      2.28171      6.67102      4.96913      1.70189
      2.29171      6.59006      4.90364      1.68642
      2.30171      6.26153      4.62439      1.63713
      2.31171      5.74700      4.17012      1.57688
      2.32171      5.17808      3.63930      1.53878
      2.33171      4.70524      3.15269      1.55254
      2.34171      4.45260      2.81567      1.63694
      2.35171      4.48926      2.69140      1.79787
      2.36171      4.80604      2.78149      2.02455
      2.37171      5.30613      3.02155      2.28458
      2.38171      5.83950      3.30879      2.53071
      2.39171      6.27522      3.55348      2.72174
      2.40171      6.55138      3.71358      2.83780
      2.41171      6.66131      3.78600      2.87531
      2.42171      6.61682      3.78014      2.83668
      2.43171      6.45262      3.71535      2.73727
      2.44171      6.25552      3.63621      2.61931
      2.45171      6.14556      3.60411      2.54145
      2.46171      6.20374      3.66041      2.54332
      2.47171      6.42667      3.80351      2.62316
      2.48171      6.75012      4.00096      2.74915
      2.49171      7.09299      4.21055      2.88244
      2.50171      7.37572      4.38804      2.98769
      2.51171      7.52904      4.49279      3.03624
      2.52171      7.51801      4.50365      3.01436
      2.53171      7.36772      4.43388      2.93384
      2.54171      7.15888      4.32752      2.83136
      2.55171      6.98305      4.23456      2.74849
      2.56171      6.88408      4.18071      2.70338
      2.57171      6.83495      4.15546      2.67949
      2.58171      6.77463      4.13023      2.64441
      2.59171      6.67036      4.08957      2.58080
      2.60171      6.54077      4.04226      2.49850
      2.61171      6.42032      4.00155      2.41877
      2.62171      6.31694      3.96448      2.35247
      2.63171      6.21728      3.91970      2.29759
      2.64171      6.12250      3.86944      2.25306
      2.65171      6.05875      3.83243      2.22632
      2.66171      6.04896      3.82433      2.22463
      2.67171      6.08289      3.84064      2.24225
      2.68171      6.11839      3.85972      2.25866
      2.69171      6.11063      3.86002      2.25061
      2.70171      6.04448      3.83574      2.20873
      2.71171      5.94703      3.80215      2.14488
      2.72171      5.86722      3.78616      2.08106
      2.73171      5.82772      3.80025      2.02747
      2.74171      5.79376      3.82002      1.97374
      2.75171      5.70536      3.79853      1.90683
      2.76171      5.54707      3.71108      1.83599
      2.77171      5.37523      3.58167      1.79356
      2.78171      5.26935      3.46053      1.80882
      2.79171      5.25874      3.37716      1.88158
      2.80171      5.29878      3.31798      1.98080
      2.81171      5.32023      3.25123      2.06900
      2.82171      5.30326      3.17209      2.13118
      2.83171      5.30209      3.11743      2.18466
      2.84171      5.39001      3.12876      2.26125
      2.85171      5.57091      3.19808      2.37283
      2.86171      5.74740      3.25733      2.49007
      2.87171      5.79588      3.23289      2.56299
      2.88171      5.68828      3.11576      2.57252
      2.89171      5.53527      2.97633      2.55895
      2.90171      5.50212      2.90993      2.59218
      2.91171      5.68142      2.96720      2.71422
      2.92171      6.03407      3.12594      2.90813
      2.93171      6.42164      3.31208      3.10956
      2.94171      6.67969      3.44002      3.23967
      2.95171      6.68684      3.44729      3.23956
      2.96171      6.41545      3.31895      3.09650
      2.97171      5.94926      3.09765      2.85161
      2.98171      5.44298      2.86284      2.58014
      2.99171      5.02835      2.67878      2.34957
      3.00171      4.73382      2.55169      2.18213
      3.01171      4.49656      2.44153      2.05503
      3.02171      4.25556      2.31609      1.93947
      3.03171      4.02254      2.18683      1.83570
      3.04171      3.85881      2.09193      1.76688
      3.05171      3.79648      2.05236      1.74412
      3.06171      3.79286      2.04754      1.74532
      3.07171      3.76225      2.03204      1.73021
      3.08171      3.65181      1.97678      1.67503
      3.09171      3.48681      1.89447      1.59235
      3.10171      3.34354      1.82526      1.51828
      3.11171      3.28170      1.79992      1.48179
      3.12171      3.29866      1.81515      1.48352
      3.13171      3.33653      1.83738      1.49915
      3.14171      3.32907      1.82795      1.50113
      3.15171      3.24800      1.76995      1.47806
      3.16171      3.11190      1.67623      1.43566
      3.17171      2.96128      1.57583      1.38545
      3.18171      2.83370      1.49594      1.33776
      3.19171      2.75586      1.45341      1.30244
      3.20171      2.74184      1.45330      1.28854
      3.21171      2.78918      1.48870      1.30047
      3.22171      2.87692      1.54248      1.33444
      3.23171      2.96876      1.59223      1.37653
      3.24171      3.02396      1.61837      1.40559
      3.25171      3.02029      1.61404      1.40625
      3.26171      2.97405      1.59012      1.38393
      3.27171      2.92671      1.56555      1.36116
      3.28171      2.90203      1.54879      1.35324
      3.29171      2.88111      1.53007      1.35104
      3.30171      2.82411      1.49278      1.33133
      3.31171      2.71269      1.43082      1.28187
      3.32171      2.57403      1.35784      1.21619
      3.33171      2.47101      1.30315      1.16786
      3.34171      2.46235      1.29423      1.16812
      3.35171      2.55460      1.33440      1.22020
      3.36171      2.68761      1.39572      1.29188
      3.37171      2.77407      1.43737      1.33670
      3.38171      2.76110      1.43384      1.32727
      3.39171      2.66333      1.38954      1.27379
      3.40171      2.54576      1.33130      1.21446
      3.41171      2.47079      1.28595      1.18484
      3.42171      2.44897      1.25949      1.18948
      3.43171      2.43430      1.23459      1.19971
      3.44171      2.36822      1.18859      1.17963
      3.45171      2.23319      1.11640      1.11680
      3.46171      2.07196      1.03869      1.03327
      3.47171      1.95978      0.98905      0.97073
      3.48171      1.95227      0.99009      0.96219
      3.49171      2.04806      1.03736      1.01070
      3.50171      2.19221      1.10273      1.08948
      3.51171      2.31390      1.15343      1.16047
      3.52171      2.36933      1.17194      1.19739
      3.53171      2.36201      1.16340      1.19861
      3.54171      2.32646      1.14522      1.18124
      3.55171      2.28822      1.12772      1.16050
      3.56171      2.24013      1.10505      1.13508
      3.57171      2.16086      1.06608      1.09479
      3.58171      2.05024      1.01118      1.03907
      3.59171      1.93724      0.95479      0.98245
      3.60171      1.85789      0.91399      0.94390
      3.61171      1.83333      0.89806      0.93527
      3.62171      1.86102      0.90520      0.95582
      3.63171      1.91584      0.92395      0.99189
      3.64171      1.96457      0.94025      1.02432
      3.65171      1.98937      0.94760      1.04177
      3.66171      1.99985      0.95121      1.04864
      3.67171      2.02236      0.96224      1.06012
      3.68171      2.07450      0.98703      1.08747
      3.69171      2.14347      1.01907      1.12441
      3.70171      2.18928      1.04116      1.14812
      3.71171      2.17530      1.03817      1.13713
      3.72171      2.09994      1.00957      1.09037
      3.73171      2.00324      0.97210      1.03114
      3.74171      1.94716      0.95217      0.99499
      3.75171      1.98492      0.97362      1.01130
      3.76171      2.13351      1.04556      1.08795
      3.77171      2.35917      1.15431      1.20486
      3.78171      2.58768      1.26632      1.32136
      3.79171      2.74116      1.34437      1.39679
      3.80171      2.77753      1.36650      1.41103
      3.81171      2.70315      1.33327      1.36989
      3.82171      2.55513      1.26093      1.29420
      3.83171      2.37406      1.16923      1.20483
      3.84171      2.18829      1.07327      1.11502
      3.85171      2.01500      0.98257      1.03243
      3.86171      1.86804      0.90399      0.96405
      3.87171      1.75932      0.84276      0.91657
      3.88171      1.69111      0.79986      0.89125
      3.89171      1.64861      0.76922      0.87939
      3.90171      1.60352      0.73904      0.86448
      3.91171      1.53086      0.69875      0.83211
      3.92171      1.43031      0.64828      0.78204
      3.93171      1.33299      0.60102      0.73197
      3.94171      1.28081      0.57494      0.70587
      3.95171      1.29312      0.57789      0.71524
      3.96171      1.35232      0.60160      0.75072
      3.97171      1.42175      0.63000      0.79175
      3.98171      1.47790      0.65331      0.82459
      3.99171      1.52831      0.67555      0.85276
      4.00171      1.60212      0.70981      0.89231
      4.01171      1.72325      0.76618      0.95706
      4.02171      1.89005      0.84310      1.04695
      4.03171      2.07831      0.92907      1.14925
      4.04171      2.26121      1.01196      1.24925
      4.05171      2.42557      1.08630      1.33926
      4.06171      2.57384      1.15390      1.41994
      4.07171      2.71885      1.22104      1.49781
      4.08171      2.87985      1.29655      1.58331
      4.09171      3.07733      1.38940      1.68793
      4.10171      3.32432      1.50498      1.81933
      4.11171      3.62405      1.64431      1.97974
      4.12171      3.98042      1.80896      2.17146
      4.13171      4.40642      2.00468      2.40174
      4.14171      4.90943      2.23429      2.67515
      4.15171      5.45670      2.48224      2.97446
      4.16171      5.95507      2.70654      3.24853
      4.17171      6.27916      2.85241      3.42675
      4.18171      6.33990      2.88241      3.45748
      4.19171      6.14027      2.79939      3.34089
      4.20171      5.76914      2.64212      3.12702
      4.21171      5.33786      2.45804      2.87982
      4.22171      4.91480      2.27634      2.63847
      4.23171      4.50968      2.10215      2.40753
      4.24171      4.10742      1.93055      2.17687
      4.25171      3.70751      1.76184      1.94567
      4.26171      3.33293      1.60453      1.72840
      4.27171      3.01405      1.46949      1.54455
      4.28171      2.77267      1.36524      1.40744
      4.29171      2.61556      1.29603      1.31953
      4.30171      2.53173      1.25955      1.27218
      4.31171      2.49286      1.24494      1.24791
      4.32171      2.46248      1.23577      1.22672
      4.33171      2.41345      1.21813      1.19531
      4.34171      2.34126      1.18820      1.15305
      4.35171      2.26220      1.15293      1.10928
      4.36171      2.20069      1.12511      1.07558
      4.37171      2.17681      1.11701      1.05980
      4.38171      2.19381      1.13203      1.06178
      4.39171      2.22417      1.15555      1.06861
      4.40171      2.21340      1.15694      1.05646
      4.41171      2.12018      1.11250      1.00769
      4.42171      1.96515      1.03327      0.93187
      4.43171      1.82881      0.96399      0.86482
      4.44171      1.78386      0.94523      0.83863
      4.45171      1.82436      0.97378      0.85058
      4.46171      1.86723      1.00326      0.86397
      4.47171      1.83060      0.98786      0.84273
      4.48171      1.71149      0.92602      0.78548
      4.49171      1.58392      0.85942      0.72449
      4.50171      1.52359      0.83077      0.69283
      4.51171      1.53905      0.84474      0.69431
      4.52171      1.57200      0.86818      0.70381
      4.53171      1.55844      0.86472      0.69372
      4.54171      1.48832      0.82864      0.65968
      4.55171      1.40634      0.78553      0.62082
      4.56171      1.35824      0.76162      0.59662
      4.57171      1.34433      0.75718      0.58714
      4.58171      1.32775      0.75099      0.57675
      4.59171      1.27893      0.72588      0.55305
      4.60171      1.20551      0.68618      0.51933
      4.61171      1.14310      0.65261      0.49048
      4.62171      1.12253      0.64323      0.47930
      4.63171      1.14396      0.65822      0.48574
      4.64171      1.17715      0.67998      0.49717
      4.65171      1.18663      0.68784      0.49878
      4.66171      1.15970      0.67439      0.48531
      4.67171      1.11156      0.64844      0.46313
      4.68171      1.06521      0.62332      0.44189
      4.69171      1.03071      0.60484      0.42587
      4.70171      1.00330      0.59025      0.41305
      4.71171      0.97432      0.57461      0.39972
      4.72171      0.94259      0.55738      0.38521
      4.73171      0.92000      0.54572      0.37428
      4.74171      0.92324      0.54951      0.37374
      4.75171      0.95301      0.56904      0.38397
      4.76171      0.98411      0.58918      0.39492
      4.77171      0.98427      0.59061      0.39366
      4.78171      0.94388      0.56760      0.37628
      4.79171      0.88374      0.53271      0.35103
      4.80171      0.83463      0.50451      0.33012
      4.81171      0.81352      0.49321      0.32030
      4.82171      0.81777      0.49720      0.32057
      4.83171      0.83338      0.50796      0.32542
      4.84171      0.84284      0.51484      0.32800
      4.85171      0.82898      0.50734      0.32165
      4.86171      0.78077      0.47867      0.30210
      4.87171      0.70123      0.43063      0.27060
      4.88171      0.60849      0.37429      0.23419
      4.89171      0.52535      0.32370      0.20165
      4.90171      0.46569      0.28744      0.17825
      4.91171      0.42875      0.26512      0.16363
      4.92171      0.40435      0.25051      0.15384
      4.93171      0.38231      0.23733      0.14499
      4.94171      0.35626      0.22159      0.13468
      4.95171      0.32075      0.19985      0.12090
      4.96171      0.27057      0.16882      0.10175
      4.97171      0.20624      0.12881      0.07742
      4.98171      0.13755      0.08598      0.05157
      4.99171      0.07840      0.04903      0.02937
      5.00171      0.03758      0.02351      0.01407
      5.01171      0.01498      0.00938      0.00560
      5.02171      0.00493      0.00309      0.00184
      5.03171      0.00133      0.00083      0.00050
      5.04171      0.00029      0.00018      0.00011
      5.05171      0.00005      0.00003      0.00002
      5.06171      0.00001      0.00000      0.00000
      5.07171      0.00000      0.00000      0.00000
      5.08171      0.00000      0.00000      0.00000
      5.09171      0.00000      0.00000      0.00000
      5.10171      0.00000      0.00000      0.00000
      5.11171      0.00000      0.00000      0.00000
      5.12171      0.00000      0.00000      0.00000
      5.13171      0.00000      0.00000      0.00000
      5.14171      0.00000      0.00000      0.00000
      5.15171      0.00000      0.00000      0.00000
      5.16171      0.00000      0.00000      0.00000
      5.17171      0.00000      0.00000      0.00000
      5.18171      0.00000      0.00000      0.00000
      5.19171      0.00000      0.00000      0.00000
      5.20171      0.00000      0.00000      0.00000
      5.21171      0.00000      0.00000      0.00000
      5.22171      0.00000      0.00000      0.00000
      5.23171      0.00000      0.00000      0.00000
      5.24171      0.00000      0.00000      0.00000
      5.25171      0.00000      0.00000      0.00000
      5.26171      0.00000      0.00000      0.00000
      5.27171      0.00000      0.00000      0.00000
      5.28171      0.00000      0.00000      0.00000
      5.29171      0.00000      0.00000      0.00000
      5.30171      0.00000      0.00000      0.00000
      5.31171      0.00000      0.00000      0.00000
      5.32171      0.00000      0.00000      0.00000
      5.33171      0.00000      0.00000      0.00000
      5.34171      0.00000      0.00000      0.00000
      5.35171      0.00000      0.00000      0.00000
      5.36171      0.00000      0.00000      0.00000
      5.37171      0.00000      0.00000      0.00000
      5.38171      0.00000      0.00000      0.00000
      5.39171      0.00000      0.00000      0.00000
      5.40171      0.00000      0.00000      0.00000
      5.41171      0.00000      0.00000      0.00000
      5.42171      0.00000      0.00000      0.00000
      5.43171      0.00000      0.00000      0.00000
      5.44171      0.00000      0.00000      0.00000
      5.45171      0.00000      0.00000      0.00000
      5.46171      0.00000      0.00000      0.00000
      5.47171      0.00000      0.00000      0.00000
      5.48171      0.00000      0.00000      0.00000
      5.49171      0.00000      0.00000      0.00000
      5.50171      0.00000      0.00000      0.00000
      5.51171      0.00000      0.00000      0.00000
      5.52171      0.00000      0.00000      0.00000
      5.53171      0.00000      0.00000      0.00000
      5.54171      0.00000      0.00000      0.00000
      5.55171      0.00000      0.00000      0.00000
      5.56171      0.00000      0.00000      0.00000
      5.57171      0.00000      0.00000      0.00000
      5.58171      0.00000      0.00000      0.00000
      5.59171      0.00000      0.00000      0.00000
      5.60171      0.00000      0.00000      0.00000
      5.61171      0.00000      0.00000      0.00000
      5.62171      0.00000      0.00000      0.00000
      5.63171      0.00000      0.00000      0.00000
      5.64171      0.00000      0.00000      0.00000
      5.65171      0.00000      0.00000      0.00000
      5.66171      0.00000      0.00000      0.00000
      5.67171      0.00000      0.00000      0.00000
      5.68171      0.00000      0.00000      0.00000
      5.69171      0.00000      0.00000      0.00000
      5.70171      0.00000      0.00000      0.00000
      5.71171      0.00000      0.00000      0.00000
      5.72171      0.00000      0.00000      0.00000
      5.73171      0.00000      0.00000      0.00000
      5.74171      0.00000      0.00000      0.00000
      5.75171      0.00000      0.00000      0.00000
      5.76171      0.00000      0.00000      0.00000
      5.77171      0.00000      0.00000      0.00000
      5.78171      0.00000      0.00000      0.00000
      5.79171      0.00000      0.00000      0.00000
      5.80171      0.00000      0.00000      0.00000
      5.81171      0.00000      0.00000      0.00000
      5.82171      0.00000      0.00000      0.00000
      5.83171      0.00000      0.00000      0.00000
      5.84171      0.00000      0.00000      0.00000
      5.85171      0.00000      0.00000      0.00000
      5.86171      0.00000      0.00000      0.00000
      5.87171      0.00000      0.00000      0.00000
      5.88171      0.00000      0.00000      0.00000
      5.89171      0.00000      0.00000      0.00000
      5.90171      0.00000      0.00000      0.00000
      5.91171      0.00000      0.00000      0.00000
      5.92171      0.00000      0.00000      0.00000
      5.93171      0.00000      0.00000      0.00000
      5.94171      0.00000      0.00000      0.00000
      5.95171      0.00000      0.00000      0.00000
      5.96171      0.00000      0.00000      0.00000
      5.97171      0.00000      0.00000      0.00000
      5.98171      0.00000      0.00000      0.00000
      5.99171      0.00000      0.00000      0.00000
      6.00171      0.00000      0.00000      0.00000
      6.01171      0.00000      0.00000      0.00000
      6.02171      0.00000      0.00000      0.00000
      6.03171      0.00001      0.00001      0.00000
      6.04171      0.00008      0.00005      0.00003
      6.05171      0.00047      0.00028      0.00020
      6.06171      0.00225      0.00132      0.00093
      6.07171      0.00863      0.00506      0.00357
      6.08171      0.02690      0.01579      0.01112
      6.09171      0.06848      0.04018      0.02830
      6.10171      0.14346      0.08417      0.05929
      6.11171      0.25044      0.14692      0.10352
      6.12171      0.37102      0.21763      0.15339
      6.13171      0.47894      0.28089      0.19805
      6.14171      0.55850      0.32748      0.23102
      6.15171      0.61376      0.35977      0.25399
      6.16171      0.65839      0.38579      0.27260
      6.17171      0.69772      0.40870      0.28902
      6.18171      0.72348      0.42367      0.29981
      6.19171      0.72638      0.42529      0.30109
      6.20171      0.70853      0.41478      0.29375
      6.21171      0.68041      0.39826      0.28215
      6.22171      0.65153      0.38127      0.27026
      6.23171      0.63035      0.36875      0.26160
      6.24171      0.62951      0.36809      0.26142
      6.25171      0.66204      0.38693      0.27510
      6.26171      0.72683      0.42471      0.30213
      6.27171      0.79909      0.46698      0.33214
      6.28171      0.84187      0.49228      0.34974
      6.29171      0.83445      0.48892      0.34617
      6.30171      0.79116      0.46650      0.32683
      6.31171      0.74999      0.44953      0.30639
      6.32171      0.74108      0.45821      0.29612
      6.33171      0.76291      0.49215      0.29511
      6.34171      0.78512      0.52983      0.29253
      6.35171      0.77761      0.54640      0.27934
      6.36171      0.74403      0.53765      0.26013
      6.37171      0.72690      0.52799      0.25278
      6.38171      0.77382      0.55240      0.27366
      6.39171      0.89412      0.62692      0.32157
      6.40171      1.04482      0.73153      0.37619
      6.41171      1.15676      0.81908      0.41201
      6.42171      1.17938      0.84591      0.41480
      6.43171      1.11065      0.80184      0.38804
      6.44171      0.99231      0.71559      0.34701
      6.45171      0.88067      0.63381      0.30847
      6.46171      0.81770      0.59211      0.28454
      6.47171      0.81459      0.59554      0.28059
      6.48171      0.85038      0.61934      0.29398
      6.49171      0.88899      0.63193      0.31483
      6.50171      0.90604      0.62266      0.33118
      6.51171      0.90264      0.60820      0.33569
      6.52171      0.89713      0.61422      0.32869
      6.53171      0.90826      0.65314      0.31727
      6.54171      0.94448      0.71607      0.31175
      6.55171      1.00342      0.78113      0.32119
      6.56171      1.07587      0.82873      0.34875
      6.57171      1.14583      0.85013      0.38742
      6.58171      1.18776      0.84441      0.41969
      6.59171      1.17570      0.81296      0.42660
      6.60171      1.10598      0.76118      0.40291
      6.61171      1.00887      0.70282      0.36318
      6.62171      0.93132      0.65776      0.33067
      6.63171      0.90765      0.64364      0.32087
      6.64171      0.94299      0.66653      0.33436
      6.65171      1.01181      0.71267      0.35997
      6.66171      1.06790      0.74921      0.38138
      6.67171      1.07041      0.74483      0.38530
      6.68171      1.01527      0.69887      0.36918
      6.69171      0.94124      0.64719      0.34247
      6.70171      0.89883      0.63347      0.31909
      6.71171      0.91228      0.67363      0.30827
      6.72171      0.97022      0.74715      0.31225
      6.73171      1.04636      0.81913      0.32995
      6.74171      1.12350      0.86874      0.35963
      6.75171      1.19767      0.89800      0.39749
      6.76171      1.26292      0.91559      0.43493
      6.77171      1.29899      0.91741      0.45964
