Energy (eV)    DOS (1/eV)    PDOS (1/eV)  of atom type Mo S  
     -2.56972    139.48340     42.47229     97.01110
     -2.55972    134.82710     42.04909     92.77801
     -2.54972    132.08716     42.03415     90.05301
     -2.53972    131.35484     42.10701     89.24783
     -2.52972    130.66907     41.59251     89.07656
     -2.51972    128.11184     40.15534     87.95650
     -2.50972    124.13141     38.40878     85.72262
     -2.49972    121.14197     37.52666     83.61531
     -2.48972    120.85116     38.14508     82.70607
     -2.47972    122.37109     39.71369     82.65740
     -2.46972    123.21972     40.99284     82.22689
     -2.45972    121.84310     41.13017     80.71293
     -2.44972    118.69283     40.20220     78.49064
     -2.43972    115.31595     38.91523     76.40072
     -2.42972    113.35109     38.09067     75.26042
     -2.41972    114.21916     38.36693     75.85222
     -2.40972    118.54420     39.94791     78.59629
     -2.39972    125.31057     42.39583     82.91474
     -2.38972    132.18344     44.86792     87.31552
     -2.37972    137.18755     46.75801     90.42954
     -2.36972    139.80380     47.99001     91.81379
     -2.35972    140.19922     48.60030     91.59892
     -2.34972    138.17172     48.38234     89.78939
     -2.33972    133.79746     47.30471     86.49275
     -2.32972    128.70929     46.03541     82.67388
     -2.31972    125.55288     45.58527     79.96761
     -2.30972    125.91791     46.46580     79.45210
     -2.29972    129.37618     48.46280     80.91338
     -2.28972    134.62941     51.09635     83.53306
     -2.27972    140.94893     53.95682     86.99211
     -2.26972    147.98877     56.59584     91.39292
     -2.25972    154.35838     58.36301     95.99538
     -2.24972    157.05797     58.49196     98.56601
     -2.23972    153.15367     56.40768     96.74599
     -2.22972    142.48841     52.14669     90.34172
     -2.21972    128.41421     46.58673     81.82748
     -2.20972    115.22715     41.05715     74.17000
     -2.19972    104.97553     36.51577     68.45976
     -2.18972     97.27807     33.15713     64.12094
     -2.17972     91.86172     30.83949     61.02224
     -2.16972     90.16190     29.70392     60.45799
     -2.15972     94.10682     30.26547     63.84134
     -2.14972    103.89232     32.93466     70.95766
     -2.13972    117.03712     37.35650     79.68061
     -2.12972    129.04505     42.06696     86.97809
     -2.11972    135.08615     44.95448     90.13167
     -2.10972    132.16395     44.44345     87.72050
     -2.09972    120.69197     40.46727     80.22470
     -2.08972    104.39507     34.43155     69.96352
     -2.07972     88.70759     28.38800     60.31960
     -2.06972     78.47131     24.07991     54.39141
     -2.05972     75.65814     22.24510     53.41304
     -2.04972     78.44228     22.43615     56.00613
     -2.03972     82.74959     23.47878     59.27081
     -2.02972     85.27479     24.26344     61.01136
     -2.01972     85.41142     24.35312     61.05830
     -2.00972     84.61928     24.06392     60.55537
     -1.99972     84.29945     24.02631     60.27314
     -1.98972     84.55907     24.59432     59.96474
     -1.97972     84.71671     25.50867     59.20803
     -1.96972     84.23477     26.00468     58.23009
     -1.95972     83.08499     25.40244     57.68255
     -1.94972     81.83684     23.82860     58.00824
     -1.93972     81.45415     22.26807     59.18608
     -1.92972     82.48205     21.68267     60.79939
     -1.91972     84.42450     22.14249     62.28200
     -1.90972     86.38354     22.99005     63.39349
     -1.89972     88.18119     23.70789     64.47330
     -1.88972     90.14751     24.29002     65.85749
     -1.87972     91.83654     24.76239     67.07414
     -1.86972     91.92185     24.74650     67.17534
     -1.85972     89.69317     23.77177     65.92140
     -1.84972     85.87352     21.87450     63.99902
     -1.83972     81.68473     19.68806     61.99667
     -1.82972     77.92830     17.97943     59.94887
     -1.81972     75.32844     17.18783     58.14061
     -1.80972     74.96446     17.35310     57.61136
     -1.79972     77.65675     18.30510     59.35166
     -1.78972     83.00023     19.74971     63.25053
     -1.77972     89.31080     21.23172     68.07908
     -1.76972     94.92576     22.36962     72.55614
     -1.75972    100.01513     23.38890     76.62624
     -1.74972    106.84088     25.20263     81.63826
     -1.73972    117.25533     28.53048     88.72485
     -1.72972    129.71685     32.85871     96.85814
     -1.71972    139.63061     36.53369    103.09692
     -1.70972    143.00420     37.99860    105.00559
     -1.69972    139.13803     36.82470    102.31333
     -1.68972    129.63522     33.59072     96.04450
     -1.67972    115.88828     29.09973     86.78855
     -1.66972     98.43806     23.94130     74.49676
     -1.65972     78.40689     18.63680     59.77010
     -1.64972     58.52888     13.82842     44.70046
     -1.63972     42.18774     10.11797     32.06977
     -1.62972     31.49518      7.76310     23.73208
     -1.61972     26.35232      6.59442     19.75790
     -1.60972     25.01972      6.18415     18.83557
     -1.59972     25.31431      6.07185     19.24246
     -1.58972     25.58804      5.92805     19.65999
     -1.57972     25.20816      5.63396     19.57420
     -1.56972     24.44048      5.25343     19.18705
     -1.55972     23.77966      4.89863     18.88103
     -1.54972     23.19224      4.58253     18.60971
     -1.53972     21.95109      4.18671     17.76438
     -1.52972     19.26789      3.57676     15.69113
     -1.51972     15.10795      2.74818     12.35977
     -1.50972     10.33916      1.85117      8.48799
     -1.49972      6.10101      1.07807      5.02294
     -1.48972      3.08499      0.53890      2.54609
     -1.47972      1.33066      0.23009      1.10056
     -1.46972      0.48691      0.08345      0.40346
     -1.45972      0.15005      0.02553      0.12452
     -1.44972      0.03861      0.00653      0.03208
     -1.43972      0.00822      0.00138      0.00684
     -1.42972      0.00144      0.00024      0.00120
     -1.41972      0.00021      0.00003      0.00017
     -1.40972      0.00002      0.00000      0.00002
     -1.39972      0.00000      0.00000      0.00000
     -1.38972      0.00000      0.00000      0.00000
     -1.37972      0.00000      0.00000      0.00000
     -1.36972      0.00000      0.00000      0.00000
     -1.35972      0.00001      0.00001      0.00000
     -1.34972      0.00014      0.00010      0.00004
     -1.33972      0.00117      0.00085      0.00031
     -1.32972      0.00782      0.00571      0.00211
     -1.31972      0.04238      0.03091      0.01147
     -1.30972      0.18584      0.13546      0.05038
     -1.29972      0.66128      0.48168      0.17959
     -1.28972      1.91752      1.39567      0.52185
     -1.27972      4.56106      3.31668      1.24438
     -1.26972      8.99092      6.53026      2.46066
     -1.25972     14.92055     10.82025      4.10030
     -1.24972     21.33739     15.44072      5.89667
     -1.23972     27.14883     19.58702      7.56181
     -1.22972     31.90598     22.92328      8.98270
     -1.21972     35.80433     25.58904     10.21529
     -1.20972     39.07002     27.76442     11.30560
     -1.19972     41.61391     29.41918     12.19473
     -1.18972     43.39716     30.55318     12.84397
     -1.17972     44.91184     31.51335     13.39849
     -1.16972     46.97224     32.84420     14.12804
     -1.15972     49.93623     34.77053     15.16570
     -1.14972     53.28953     36.94273     16.34679
     -1.13972     56.19376     38.81911     17.37465
     -1.12972     58.46970     40.30546     18.16424
     -1.11972     60.86153     41.89650     18.96503
     -1.10972     64.22775     44.12909     20.09867
     -1.09972     68.59957     46.99570     21.60387
     -1.08972     73.19601     49.99771     23.19830
     -1.07972     77.43189     52.79849     24.63339
     -1.06972     81.78947     55.73773     26.05174
     -1.05972     87.41519     59.53309     27.88209
     -1.04972     94.83532     64.48318     30.35215
     -1.03972    103.37430     70.17114     33.20316
     -1.02972    111.93853     75.99526     35.94327
     -1.01972    120.04551     81.74042     38.30509
     -1.00972    127.70482     87.37007     40.33476
     -0.99972    134.38213     92.33363     42.04850
     -0.98972    138.62874     95.45371     43.17503
     -0.97972    139.06352     95.72237     43.34115
     -0.96972    135.53685     93.10297     42.43388
     -0.95972    129.16335     88.46430     40.69905
     -0.94972    121.49798     82.94092     38.55706
     -0.93972    113.95482     77.53279     36.42203
     -0.92972    107.60800     72.99847     34.60953
     -0.91972    102.86119     69.63211     33.22907
     -0.90972     99.28785     67.13496     32.15290
     -0.89972     96.24096     65.02554     31.21541
     -0.88972     93.69475     63.23596     30.45879
     -0.87972     92.16610     62.09216     30.07394
     -0.86972     91.66145     61.61748     30.04398
     -0.85972     91.04873     61.10026     29.94848
     -0.84972     88.97598     59.68131     29.29467
     -0.83972     85.42214     57.35074     28.07139
     -0.82972     81.92028     55.08523     26.83505
     -0.81972     80.13260     53.94811     26.18450
     -0.80972     80.37988     54.15974     26.22014
     -0.79972     81.44035     54.92833     26.51203
     -0.78972     81.61094     55.08764     26.52330
     -0.77972     80.17006     54.09414     26.07592
     -0.76972     77.86595     52.44730     25.41865
     -0.75972     75.77678     50.94962     24.82716
     -0.74972     74.04323     49.77473     24.26849
     -0.73972     72.33722     48.71712     23.62010
     -0.72972     71.17423     48.09734     23.07690
     -0.71972     71.63685     48.61273     23.02412
     -0.70972     73.61326     50.13485     23.47841
     -0.69972     75.22193     51.31133     23.91060
     -0.68972     74.52684     50.78750     23.73934
     -0.67972     71.45647     48.57237     22.88410
     -0.66972     67.67474     45.91155     21.76319
     -0.65972     64.84775     43.99975     20.84800
     -0.64972     63.49530     43.16256     20.33273
     -0.63972     63.45763     43.24794     20.20969
     -0.62972     64.74957     44.27374     20.47583
     -0.61972     67.22583     46.16177     21.06406
     -0.60972     69.59480     47.98477     21.61004
     -0.59972     69.80507     48.23407     21.57100
     -0.58972     67.02779     46.27717     20.75062
     -0.57972     62.79156     43.21308     19.57848
     -0.56972     59.58319     40.86961     18.71358
     -0.55972     58.54156     40.10772     18.43384
     -0.54972     58.92903     40.40482     18.52420
     -0.53972     59.60585     40.91940     18.68646
     -0.52972     60.38430     41.50344     18.88086
     -0.51972     61.73242     42.51012     19.22230
     -0.50972     63.57217     43.89436     19.67781
     -0.49972     64.91500     44.89954     20.01546
     -0.48972     64.85689     44.78657     20.07031
     -0.47972     63.72756     43.74086     19.98670
     -0.46972     62.97682     42.84115     20.13567
     -0.45972     63.79320     43.03009     20.76311
     -0.44972     65.79562     44.12051     21.67512
     -0.43972     67.03893     44.81087     22.22806
     -0.42972     65.36050     43.68692     21.67357
     -0.41972     59.96877     40.31333     19.65545
     -0.40972     52.00174     35.50302     16.49872
     -0.39972     43.65173     30.62008     13.03165
     -0.38972     36.64898     26.59311     10.05587
     -0.37972     31.38896     23.47799      7.91097
     -0.36972     27.29660     20.82488      6.47173
     -0.35972     23.81576     18.35108      5.46468
     -0.34972     20.96481     16.23143      4.73338
     -0.33972     19.08393     14.82662      4.25731
     -0.32972     18.29239     14.26186      4.03053
     -0.31972     18.32569     14.33300      3.99269
     -0.30972     18.81810     14.75409      4.06401
     -0.29972     19.51926     15.33490      4.18436
     -0.28972     20.16146     15.87212      4.28934
     -0.27972     20.34123     16.04948      4.29176
     -0.26972     19.73788     15.60804      4.12983
     -0.25972     18.39679     14.57522      3.82157
     -0.24972     16.72986     13.27366      3.45619
     -0.23972     15.30022     12.15399      3.14623
     -0.22972     14.55594     11.57809      2.97785
     -0.21972     14.55688     11.59584      2.96104
     -0.20972     14.90409     11.88882      3.01527
     -0.19972     15.08904     12.05185      3.03719
     -0.18972     14.93981     11.94918      2.99063
     -0.17972     14.61826     11.70990      2.90837
     -0.16972     14.25785     11.43811      2.81974
     -0.15972     13.81116     11.09354      2.71762
     -0.14972     13.23800     10.64409      2.59391
     -0.13972     12.63785     10.17120      2.46665
     -0.12972     12.14726      9.78600      2.36127
     -0.11972     11.82210      9.53397      2.28813
     -0.10972     11.61881      9.37990      2.23890
     -0.09972     11.37944      9.19569      2.18376
     -0.08972     10.83779      8.76536      2.07243
     -0.07972      9.74459      7.88663      1.85796
     -0.06972      8.04670      6.51607      1.53063
     -0.05972      5.96116      4.82935      1.13181
     -0.04972      3.88214      3.14614      0.73600
     -0.03972      2.18270      1.76936      0.41334
     -0.02972      1.04293      0.84560      0.19733
     -0.01972      0.41792      0.33890      0.07902
     -0.00972      0.13895      0.11269      0.02626
      0.00028      0.03800      0.03082      0.00718
      0.01028      0.00849      0.00689      0.00160
      0.02028      0.00154      0.00125      0.00029
      0.03028      0.00023      0.00018      0.00004
      0.04028      0.00003      0.00002      0.00001
      0.05028      0.00000      0.00000      0.00000
      0.06028      0.00000      0.00000      0.00000
      0.07028      0.00000      0.00000      0.00000
      0.08028      0.00000      0.00000      0.00000
      0.09028      0.00000      0.00000      0.00000
      0.10028      0.00000      0.00000      0.00000
      0.11028      0.00000      0.00000      0.00000
      0.12028      0.00000      0.00000      0.00000
      0.13028      0.00000      0.00000      0.00000
      0.14028      0.00000      0.00000      0.00000
      0.15028      0.00000      0.00000      0.00000
      0.16028      0.00000      0.00000      0.00000
      0.17028      0.00000      0.00000      0.00000
      0.18028      0.00000      0.00000      0.00000
      0.19028      0.00000      0.00000      0.00000
      0.20028      0.00000      0.00000      0.00000
      0.21028      0.00000      0.00000      0.00000
      0.22028      0.00000      0.00000      0.00000
      0.23028      0.00000      0.00000      0.00000
      0.24028      0.00000      0.00000      0.00000
      0.25028      0.00000      0.00000      0.00000
      0.26028      0.00000      0.00000      0.00000
      0.27028      0.00000      0.00000      0.00000
      0.28028      0.00000      0.00000      0.00000
      0.29028      0.00000      0.00000      0.00000
      0.30028      0.00000      0.00000      0.00000
      0.31028      0.00000      0.00000      0.00000
      0.32028      0.00000      0.00000      0.00000
      0.33028      0.00000      0.00000      0.00000
      0.34028      0.00000      0.00000      0.00000
      0.35028      0.00000      0.00000      0.00000
      0.36028      0.00000      0.00000      0.00000
      0.37028      0.00000      0.00000      0.00000
      0.38028      0.00000      0.00000      0.00000
      0.39028      0.00000      0.00000      0.00000
      0.40028      0.00000      0.00000      0.00000
      0.41028      0.00000      0.00000      0.00000
      0.42028      0.00000      0.00000      0.00000
      0.43028      0.00000      0.00000      0.00000
      0.44028      0.00000      0.00000      0.00000
      0.45028      0.00000      0.00000      0.00000
      0.46028      0.00000      0.00000      0.00000
      0.47028      0.00000      0.00000      0.00000
      0.48028      0.00000      0.00000      0.00000
      0.49028      0.00000      0.00000      0.00000
      0.50028      0.00000      0.00000      0.00000
      0.51028      0.00000      0.00000      0.00000
      0.52028      0.00000      0.00000      0.00000
      0.53028      0.00000      0.00000      0.00000
      0.54028      0.00000      0.00000      0.00000
      0.55028      0.00000      0.00000      0.00000
      0.56028      0.00000      0.00000      0.00000
      0.57028      0.00000      0.00000      0.00000
      0.58028      0.00000      0.00000      0.00000
      0.59028      0.00000      0.00000      0.00000
      0.60028      0.00000      0.00000      0.00000
      0.61028      0.00000      0.00000      0.00000
      0.62028      0.00000      0.00000      0.00000
      0.63028      0.00000      0.00000      0.00000
      0.64028      0.00000      0.00000      0.00000
      0.65028      0.00000      0.00000      0.00000
      0.66028      0.00000      0.00000      0.00000
      0.67028      0.00000      0.00000      0.00000
      0.68028      0.00000      0.00000      0.00000
      0.69028      0.00000      0.00000      0.00000
      0.70028      0.00000      0.00000      0.00000
      0.71028      0.00000      0.00000      0.00000
      0.72028      0.00000      0.00000      0.00000
      0.73028      0.00000      0.00000      0.00000
      0.74028      0.00000      0.00000      0.00000
      0.75028      0.00000      0.00000      0.00000
      0.76028      0.00000      0.00000      0.00000
      0.77028      0.00000      0.00000      0.00000
      0.78028      0.00000      0.00000      0.00000
      0.79028      0.00000      0.00000      0.00000
      0.80028      0.00000      0.00000      0.00000
      0.81028      0.00000      0.00000      0.00000
      0.82028      0.00000      0.00000      0.00000
      0.83028      0.00000      0.00000      0.00000
      0.84028      0.00000      0.00000      0.00000
      0.85028      0.00000      0.00000      0.00000
      0.86028      0.00000      0.00000      0.00000
      0.87028      0.00000      0.00000      0.00000
      0.88028      0.00000      0.00000      0.00000
      0.89028      0.00000      0.00000      0.00000
      0.90028      0.00000      0.00000      0.00000
      0.91028      0.00000      0.00000      0.00000
      0.92028      0.00000      0.00000      0.00000
      0.93028      0.00000      0.00000      0.00000
      0.94028      0.00000      0.00000      0.00000
      0.95028      0.00000      0.00000      0.00000
      0.96028      0.00000      0.00000      0.00000
      0.97028      0.00000      0.00000      0.00000
      0.98028      0.00000      0.00000      0.00000
      0.99028      0.00000      0.00000      0.00000
      1.00028      0.00000      0.00000      0.00000
      1.01028      0.00000      0.00000      0.00000
      1.02028      0.00000      0.00000      0.00000
      1.03028      0.00000      0.00000      0.00000
      1.04028      0.00000      0.00000      0.00000
      1.05028      0.00000      0.00000      0.00000
      1.06028      0.00000      0.00000      0.00000
      1.07028      0.00000      0.00000      0.00000
      1.08028      0.00000      0.00000      0.00000
      1.09028      0.00000      0.00000      0.00000
      1.10028      0.00000      0.00000      0.00000
      1.11028      0.00000      0.00000      0.00000
      1.12028      0.00000      0.00000      0.00000
      1.13028      0.00000      0.00000      0.00000
      1.14028      0.00000      0.00000      0.00000
      1.15028      0.00000      0.00000      0.00000
      1.16028      0.00000      0.00000      0.00000
      1.17028      0.00000      0.00000      0.00000
      1.18028      0.00000      0.00000      0.00000
      1.19028      0.00000      0.00000      0.00000
      1.20028      0.00000      0.00000      0.00000
      1.21028      0.00000      0.00000      0.00000
      1.22028      0.00000      0.00000      0.00000
      1.23028      0.00000      0.00000      0.00000
      1.24028      0.00000      0.00000      0.00000
      1.25028      0.00000      0.00000      0.00000
      1.26028      0.00000      0.00000      0.00000
      1.27028      0.00000      0.00000      0.00000
      1.28028      0.00000      0.00000      0.00000
      1.29028      0.00000      0.00000      0.00000
      1.30028      0.00000      0.00000      0.00000
      1.31028      0.00000      0.00000      0.00000
      1.32028      0.00000      0.00000      0.00000
      1.33028      0.00000      0.00000      0.00000
      1.34028      0.00000      0.00000      0.00000
      1.35028      0.00000      0.00000      0.00000
      1.36028      0.00000      0.00000      0.00000
      1.37028      0.00000      0.00000      0.00000
      1.38028      0.00000      0.00000      0.00000
      1.39028      0.00000      0.00000      0.00000
      1.40028      0.00000      0.00000      0.00000
      1.41028      0.00000      0.00000      0.00000
      1.42028      0.00000      0.00000      0.00000
      1.43028      0.00000      0.00000      0.00000
      1.44028      0.00000      0.00000      0.00000
      1.45028      0.00000      0.00000      0.00000
      1.46028      0.00000      0.00000      0.00000
      1.47028      0.00000      0.00000      0.00000
      1.48028      0.00000      0.00000      0.00000
      1.49028      0.00000      0.00000      0.00000
      1.50028      0.00000      0.00000      0.00000
      1.51028      0.00000      0.00000      0.00000
      1.52028      0.00000      0.00000      0.00000
      1.53028      0.00000      0.00000      0.00000
      1.54028      0.00000      0.00000      0.00000
      1.55028      0.00000      0.00000      0.00000
      1.56028      0.00000      0.00000      0.00000
      1.57028      0.00000      0.00000      0.00000
      1.58028      0.00000      0.00000      0.00000
      1.59028      0.00000      0.00000      0.00000
      1.60028      0.00000      0.00000      0.00000
      1.61028      0.00000      0.00000      0.00000
      1.62028      0.00000      0.00000      0.00000
      1.63028      0.00000      0.00000      0.00000
      1.64028      0.00000      0.00000      0.00000
      1.65028      0.00000      0.00000      0.00000
      1.66028      0.00000      0.00000      0.00000
      1.67028      0.00000      0.00000      0.00000
      1.68028      0.00000      0.00000      0.00000
      1.69028      0.00000      0.00000      0.00000
      1.70028      0.00000      0.00000      0.00000
      1.71028      0.00000      0.00000      0.00000
      1.72028      0.00000      0.00000      0.00000
      1.73028      0.00000      0.00000      0.00000
      1.74028      0.00000      0.00000      0.00000
      1.75028      0.00000      0.00000      0.00000
      1.76028      0.00000      0.00000      0.00000
      1.77028      0.00000      0.00000      0.00000
      1.78028      0.00000      0.00000      0.00000
      1.79028      0.00000      0.00000      0.00000
      1.80028      0.00000      0.00000      0.00000
      1.81028      0.00000      0.00000      0.00000
      1.82028      0.00000      0.00000      0.00000
      1.83028      0.00000      0.00000      0.00000
      1.84028      0.00000      0.00000      0.00000
      1.85028      0.00000      0.00000      0.00000
      1.86028      0.00000      0.00000      0.00000
      1.87028      0.00000      0.00000      0.00000
      1.88028      0.00000      0.00000      0.00000
      1.89028      0.00000      0.00000      0.00000
      1.90028      0.00000      0.00000      0.00000
      1.91028      0.00000      0.00000      0.00000
      1.92028      0.00000      0.00000      0.00000
      1.93028      0.00000      0.00000      0.00000
      1.94028      0.00000      0.00000      0.00000
      1.95028      0.00000      0.00000      0.00000
      1.96028      0.00000      0.00000      0.00000
      1.97028      0.00000      0.00000      0.00000
      1.98028      0.00000      0.00000      0.00000
      1.99028      0.00000      0.00000      0.00000
      2.00028      0.00000      0.00000      0.00000
      2.01028      0.00000      0.00000      0.00000
      2.02028      0.00000      0.00000      0.00000
      2.03028      0.00000      0.00000      0.00000
      2.04028      0.00000      0.00000      0.00000
      2.05028      0.00000      0.00000      0.00000
      2.06028      0.00000      0.00000      0.00000
      2.07028      0.00000      0.00000      0.00000
      2.08028      0.00000      0.00000      0.00000
      2.09028      0.00000      0.00000      0.00000
      2.10028      0.00000      0.00000      0.00000
      2.11028      0.00000      0.00000      0.00000
      2.12028      0.00000      0.00000      0.00000
      2.13028      0.00000      0.00000      0.00000
      2.14028      0.00000      0.00000      0.00000
      2.15028      0.00000      0.00000      0.00000
      2.16028      0.00000      0.00000      0.00000
      2.17028      0.00000      0.00000      0.00000
      2.18028      0.00000      0.00000      0.00000
      2.19028      0.00000      0.00000      0.00000
      2.20028      0.00000      0.00000      0.00000
      2.21028      0.00000      0.00000      0.00000
      2.22028      0.00000      0.00000      0.00000
      2.23028      0.00001      0.00000      0.00000
      2.24028      0.00007      0.00003      0.00004
      2.25028      0.00062      0.00030      0.00032
      2.26028      0.00448      0.00216      0.00232
      2.27028      0.02628      0.01268      0.01360
      2.28028      0.12552      0.06055      0.06497
      2.29028      0.49001      0.23628      0.25374
      2.30028      1.57070      0.75709      0.81361
      2.31028      4.15782      2.00347      2.15435
      2.32028      9.15917      4.41220      4.74697
      2.33028     16.96860      8.17248      8.79612
      2.34028     26.83369     12.92186     13.91183
      2.35028     36.98059     17.80731     19.17328
      2.36028     45.64501     21.98466     23.66035
      2.37028     52.07117     25.10772     26.96345
      2.38028     56.53967     27.35154     29.18813
      2.39028     59.74082     29.10717     30.63365
      2.40028     62.43981     30.78982     31.64999
      2.41028     65.49521     32.80478     32.69043
      2.42028     69.54579     35.38072     34.16507
      2.43028     74.34404     38.28056     36.06348
      2.44028     78.62720     40.79400     37.83320
      2.45028     81.10036     42.24987     38.85049
      2.46028     81.81546     42.69113     39.12433
      2.47028     82.46861     43.00905     39.45955
      2.48028     85.04847     44.26922     40.77925
      2.49028     90.08361     46.82698     43.25663
      2.50028     96.29246     50.09903     46.19343
      2.51028    101.91487     53.15433     48.76054
      2.52028    106.25130     55.48445     50.76685
      2.53028    110.02287     57.30701     52.71587
      2.54028    114.47296     59.25329     55.21967
      2.55028    119.95554     61.67995     58.27559
      2.56028    125.14308     64.18459     60.95849
      2.57028    127.90665     65.92272     61.98393
      2.58028    127.24213     66.43359     60.80854
      2.59028    123.96688     65.91278     58.05410
      2.60028    119.47933     64.70024     54.77909
      2.61028    114.63032     62.95835     51.67197
      2.62028    110.06695     61.00710     49.05984
      2.63028    106.73902     59.54807     47.19094
      2.64028    105.37677     59.25052     46.12625
      2.65028    105.94623     60.31299     45.63325
      2.66028    108.08154     62.56814     45.51340
      2.67028    111.52877     65.69644     45.83233
      2.68028    115.76937     69.16442     46.60495
      2.69028    120.00195     72.43234     47.56961
      2.70028    124.17931     75.59991     48.57940
      2.71028    129.31413     79.40896     49.90517
      2.72028    135.80717     84.07556     51.73161
      2.73028    141.79699     88.33057     53.46642
      2.74028    144.04335     90.12897     53.91437
      2.75028    140.65241     88.40163     52.25077
      2.76028    132.71445     83.95676     48.75768
      2.77028    123.41015     78.77631     44.63384
      2.78028    115.87846     74.69593     41.18253
      2.79028    111.75547     72.62141     39.13406
      2.80028    110.93914     72.43172     38.50742
      2.81028    112.23283     73.32258     38.91024
      2.82028    114.57006     74.57066     39.99940
      2.83028    118.12524     76.33102     41.79422
      2.84028    124.09193     79.54825     44.54368
      2.85028    132.89033     84.71968     48.17065
      2.86028    142.58553     90.70824     51.87729
      2.87028    149.81033     95.22554     54.58479
      2.88028    152.94733     96.94740     55.99993
      2.89028    154.17488     97.04041     57.13447
      2.90028    157.81477     98.25637     59.55840
      2.91028    166.76591    102.60919     64.15672
      2.92028    180.59650    110.01480     70.58171
      2.93028    196.14052    118.60980     77.53072
      2.94028    209.08096    125.82437     83.25659
      2.95028    215.62622    129.51665     86.10957
      2.96028    214.15818    128.94914     85.20904
      2.97028    206.09285    125.14171     80.95114
      2.98028    195.02219    120.18562     74.83657
      2.99028    184.46420    115.87508     68.58913
      3.00028    175.94510    112.72462     63.22047
      3.01028    168.99139    110.18997     58.80142
      3.02028    162.69468    107.68541     55.00928
      3.03028    156.92352    105.15514     51.76838
      3.04028    151.92715    102.59188     49.33527
      3.05028    147.03597     99.19326     47.84271
      3.06028    140.24319     93.38197     46.86121
      3.07028    129.66529     84.12271     45.54258
      3.08028    115.74688     72.40257     43.34431
      3.09028    101.84378     61.18222     40.66155
      3.10028     92.39699     53.68358     38.71342
      3.11028     90.46653     51.68507     38.78146
      3.12028     96.63031     55.14740     41.48290
      3.13028    109.45591     62.84853     46.60738
      3.14028    126.60327     73.13823     53.46504
      3.15028    145.69404     84.42752     61.26651
      3.16028    164.32382     95.22808     69.09573
      3.17028    179.39585    103.80412     75.59174
      3.18028    187.39991    108.30628     79.09363
      3.19028    186.60347    107.93617     78.66730
      3.20028    178.98868    103.90465     75.08402
      3.21028    169.11955     98.69736     70.42219
      3.22028    160.76612     94.27578     66.49034
      3.23028    154.82777     91.11707     63.71070
      3.24028    150.29641     88.80117     61.49524
      3.25028    146.41648     87.06588     59.35060
      3.26028    143.24911     85.95885     57.29026
      3.27028    140.51999     85.16606     55.35392
      3.28028    137.12930     83.87496     53.25434
      3.29028    132.33541     81.65953     50.67588
      3.30028    126.78110     79.13607     47.64503
      3.31028    121.82106     77.37720     44.44386
      3.32028    118.18649     76.87416     41.31234
      3.33028    115.63842     77.27416     38.36426
      3.34028    113.50349     77.80338     35.70012
      3.35028    111.14647     77.68304     33.46343
      3.36028    108.30578     76.52145     31.78432
      3.37028    105.40419     74.69146     30.71272
      3.38028    103.36070     73.16158     30.19913
      3.39028    103.04229     72.86606     30.17624
      3.40028    105.12368     74.41677     30.70691
      3.41028    110.00024     78.06036     31.93988
      3.42028    116.94358     83.16688     33.77669
      3.43028    123.46298     87.82214     35.64083
      3.44028    126.45389     89.72978     36.72411
      3.45028    124.43257     87.90713     36.52544
      3.46028    118.53813     83.34479     35.19334
      3.47028    111.43925     78.03622     33.40302
      3.48028    105.47465     73.58745     31.88720
      3.49028    101.65067     70.64486     31.00581
      3.50028     99.79394     69.12547     30.66847
      3.51028     99.03733     68.49863     30.53869
      3.52028     98.13513     67.87309     30.26204
      3.53028     96.08521     66.39367     29.69154
      3.54028     93.21993     64.07770     29.14223
      3.55028     91.48451     62.13396     29.35055
      3.56028     92.75310     61.90984     30.84326
      3.57028     96.53078     63.32183     33.20895
      3.58028     99.91393     64.68333     35.23060
      3.59028    100.40914     64.39336     36.01579
      3.60028     98.69179     62.66414     36.02765
      3.61028     98.25070     61.37503     36.87567
      3.62028    102.17541     62.22808     39.94732
      3.63028    110.19783     65.08297     45.11486
      3.64028    118.86014     68.09260     50.76754
      3.65028    124.73182     69.49724     55.23457
      3.66028    127.60704     69.33647     58.27056
      3.67028    130.64474     69.48633     61.15841
      3.68028    137.41954     72.04413     65.37541
      3.69028    148.49335     77.40732     71.08603
      3.70028    160.20509     83.52369     76.68140
      3.71028    166.74424     87.05524     79.68900
      3.72028    164.32787     85.82838     78.49948
      3.73028    154.10162     80.50407     73.59755
      3.74028    140.78342     73.73167     67.05175
      3.75028    128.44291     67.69704     60.74587
      3.76028    118.11092     62.78268     55.32824
      3.77028    109.17282     58.42693     50.74588
      3.78028    101.82243     54.61425     47.20818
      3.79028     97.57326     52.21214     45.36111
      3.80028     97.81780     52.09914     45.71866
      3.81028    102.22754     54.20814     48.01941
      3.82028    108.35288     57.34067     51.01221
      3.83028    112.59151     59.71310     52.87841
      3.84028    111.92725     59.75973     52.16752
      3.85028    105.61699     56.88988     48.72710
      3.86028     95.83870     51.93321     43.90549
      3.87028     86.48394     46.80173     39.68222
      3.88028     80.59891     43.30000     37.29891
      3.89028     78.51582     41.96314     36.55268
      3.90028     78.35694     41.98817     36.36876
      3.91028     78.35134     42.29259     36.05875
      3.92028     78.63944     42.60599     36.03345
      3.93028     80.78737     43.50355     37.28382
      3.94028     85.60829     45.45024     40.15805
      3.95028     91.65207     47.98167     43.67040
      3.96028     95.88232     49.85969     46.02263
      3.97028     95.75627     49.91850     45.83777
      3.98028     90.93044     47.84656     43.08388
      3.99028     83.53112     44.44604     39.08508
      4.00028     76.86200     41.18265     35.67935
      4.01028     73.22270     39.17920     34.04350
      4.02028     72.28726     38.35539     33.93187
      4.03028     71.39676     37.48075     33.91601
      4.04028     67.82080     35.23549     32.58531
      4.05028     61.37092     31.51043     29.86049
      4.06028     55.03727     27.77822     27.25905
      4.07028     52.79026     26.03857     26.75169
      4.08028     56.32876     27.18789     29.14086
      4.09028     63.41152     30.17552     33.23600
      4.10028     69.01499     32.59046     36.42453
      4.11028     68.71500     32.32057     36.39444
      4.12028     61.94291     29.09450     32.84842
      4.13028     52.28292     24.58585     27.69707
      4.14028     44.56579     21.02597     23.53981
      4.15028     41.58728     19.67673     21.91055
      4.16028     42.87673     20.28239     22.59433
      4.17028     45.66373     21.55161     24.11212
      4.18028     47.14281     22.22836     24.91445
      4.19028     46.62321     22.06254     24.56067
      4.20028     45.85736     21.88878     23.96858
      4.21028     47.26569     22.74610     24.51959
      4.22028     51.75360     24.89690     26.85670
      4.23028     57.84854     27.54851     30.30003
      4.24028     62.51537     29.34791     33.16746
      4.25028     63.03807     29.24013     33.79794
      4.26028     58.86226     27.16520     31.69706
      4.27028     52.04855     24.11378     27.93477
      4.28028     45.81121     21.44733     24.36388
      4.29028     42.41953     20.06278     22.35675
      4.30028     42.33046     20.12256     22.20790
      4.31028     44.74977     21.31936     23.43041
      4.32028     48.36827     23.10916     25.25911
      4.33028     51.73184     24.78648     26.94536
      4.34028     53.72784     25.73112     27.99672
      4.35028     54.19576     25.80745     28.38831
      4.36028     53.96002     25.46045     28.49957
      4.37028     54.07618     25.31752     28.75866
      4.38028     54.95959     25.66240     29.29720
      4.39028     56.10600     26.24875     29.85725
      4.40028     56.55515     26.57076     29.98439
      4.41028     55.74915     26.33909     29.41007
      4.42028     54.12533     25.75827     28.36706
      4.43028     52.88851     25.36391     27.52460
      4.44028     53.10087     25.57941     27.52146
      4.45028     54.89192     26.41058     28.48134
      4.46028     57.46150     27.51985     29.94165
      4.47028     59.80111     28.54570     31.25540
      4.48028     61.49708     29.38251     32.11457
      4.49028     62.98666     30.24140     32.74526
      4.50028     65.08331     31.46249     33.62081
      4.51028     68.15159     33.18149     34.97010
      4.52028     71.58651     35.07370     36.51281
      4.53028     74.03153     36.41652     37.61501
      4.54028     74.18069     36.49429     37.68640
      4.55028     71.51508     35.03310     36.48198
      4.56028     66.47981     32.31936     34.16044
      4.57028     60.18102     28.99176     31.18927
      4.58028     53.89666     25.72577     28.17089
      4.59028     48.63229     22.99868     25.63361
      4.60028     44.99637     21.05657     23.93981
      4.61028     43.33896     20.02349     23.31548
      4.62028     43.58477     19.86438     23.72038
      4.63028     44.79433     20.18718     24.60715
      4.64028     45.50688     20.36169     25.14519
      4.65028     45.07832     20.09386     24.98445
      4.66028     44.48779     19.79626     24.69153
      4.67028     45.51424     20.24299     25.27126
      4.68028     49.19522     21.88924     27.30599
      4.69028     55.09343     24.53697     30.55646
      4.70028     61.84400     27.57502     34.26899
      4.71028     68.34893     30.51592     37.83301
      4.72028     74.51228     33.32333     41.18894
      4.73028     80.87637     36.23764     44.63873
      4.74028     87.86092     39.42797     48.43295
      4.75028     95.88864     43.06181     52.82683
      4.76028    106.11166     47.65533     58.45633
      4.77028    119.81117     53.81105     66.00012
      4.78028    136.12761     61.17894     74.94867
      4.79028    150.87337     67.89963     82.97374
      4.80028    158.66667     71.55909     87.10759
      4.81028    156.61984     70.85723     85.76261
      4.82028    145.90010     66.31625     79.58385
      4.83028    130.09832     59.53912     70.55920
      4.84028    112.73224     52.07331     60.65893
      4.85028     96.24060     44.96150     51.27910
      4.86028     82.33053     38.92837     43.40216
