Energy (eV)    DOS (1/eV)    PDOS (1/eV)  of atom type Mo S  
     -5.07871      1.16497      0.47992      0.68505
     -5.06871      1.11065      0.45864      0.65200
     -5.05871      1.04291      0.42717      0.61574
     -5.04871      0.99790      0.40190      0.59599
     -5.03871      0.99139      0.39215      0.59925
     -5.02871      0.99597      0.38951      0.60645
     -5.01871      0.97198      0.37929      0.59269
     -5.00871      0.91769      0.36016      0.55753
     -4.99871      0.86984      0.34514      0.52470
     -4.98871      0.85754      0.34405      0.51349
     -4.97871      0.87809      0.35437      0.52373
     -4.96871      0.91726      0.36946      0.54781
     -4.95871      0.96469      0.38518      0.57951
     -4.94871      1.00138      0.39552      0.60587
     -4.93871      0.99943      0.39193      0.60750
     -4.92871      0.95336      0.37404      0.57932
     -4.91871      0.89775      0.35538      0.54237
     -4.90871      0.87627      0.35170      0.52457
     -4.89871      0.89907      0.36549      0.53359
     -4.88871      0.94185      0.38581      0.55604
     -4.87871      0.97898      0.40099      0.57799
     -4.86871      1.00120      0.40624      0.59496
     -4.85871      1.00190      0.39988      0.60202
     -4.84871      0.96747      0.37975      0.58772
     -4.83871      0.89516      0.34791      0.54724
     -4.82871      0.80930      0.31455      0.49475
     -4.81871      0.74302      0.29079      0.45223
     -4.80871      0.70910      0.27958      0.42953
     -4.79871      0.70297      0.27843      0.42454
     -4.78871      0.72810      0.28879      0.43931
     -4.77871      0.79768      0.31539      0.48229
     -4.76871      0.90363      0.35444      0.54919
     -4.75871      0.99703      0.38733      0.60970
     -4.74871      1.01870      0.39264      0.62606
     -4.73871      0.95661      0.36699      0.58962
     -4.72871      0.86275      0.33053      0.53222
     -4.71871      0.80443      0.30868      0.49575
     -4.70871      0.80748      0.31104      0.49644
     -4.69871      0.85585      0.33115      0.52470
     -4.68871      0.93190      0.36153      0.57037
     -4.67871      1.03183      0.39970      0.63212
     -4.66871      1.13874      0.43863      0.70011
     -4.65871      1.20670      0.46156      0.74514
     -4.64871      1.20357      0.45916      0.74441
     -4.63871      1.18303      0.45764      0.72539
     -4.62871      1.30234      0.52561      0.77674
     -4.61871      1.74824      0.74374      1.00450
     -4.60871      2.62950      1.15741      1.47208
     -4.59871      3.92648      1.74946      2.17702
     -4.58871      5.51694      2.44925      3.06769
     -4.57871      7.21261      3.15797      4.05464
     -4.56871      8.76090      3.76499      4.99591
     -4.55871      9.87376      4.16604      5.70772
     -4.54871     10.35551      4.30570      6.04981
     -4.53871     10.24715      4.21978      6.02737
     -4.52871      9.82121      4.02438      5.79683
     -4.51871      9.40967      3.84920      5.56047
     -4.50871      9.22027      3.77125      5.44902
     -4.49871      9.27470      3.79477      5.47993
     -4.48871      9.46904      3.87502      5.59403
     -4.47871      9.67876      3.95782      5.72094
     -4.46871      9.82876      4.00730      5.82146
     -4.45871      9.88814      4.00686      5.88128
     -4.44871      9.81821      3.94258      5.87563
     -4.43871      9.55117      3.79560      5.75556
     -4.42871      9.03704      3.55644      5.48059
     -4.41871      8.30421      3.24260      5.06161
     -4.40871      7.45807      2.89552      4.56255
     -4.39871      6.62021      2.55931      4.06090
     -4.38871      5.87643      2.26423      3.61220
     -4.37871      5.27170      2.02622      3.24548
     -4.36871      4.82639      1.85256      2.97383
     -4.35871      4.53918      1.74216      2.79702
     -4.34871      4.37530      1.68098      2.69432
     -4.33871      4.26174      1.64018      2.62155
     -4.32871      4.11234      1.58533      2.52701
     -4.31871      3.88090      1.49680      2.38410
     -4.30871      3.59639      1.38464      2.21175
     -4.29871      3.33322      1.27855      2.05467
     -4.28871      3.13947      1.20009      1.93938
     -4.27871      3.00198      1.14735      1.85463
     -4.26871      2.88217      1.10634      1.77583
     -4.25871      2.76631      1.06956      1.69675
     -4.24871      2.66386      1.03724      1.62662
     -4.23871      2.56778      1.00541      1.56237
     -4.22871      2.44450      0.96333      1.48117
     -4.21871      2.27253      0.90588      1.36665
     -4.20871      2.07472      0.84214      1.23258
     -4.19871      1.89847      0.78637      1.11210
     -4.18871      1.77114      0.74367      1.02748
     -4.17871      1.68655      0.70941      0.97715
     -4.16871      1.63196      0.68151      0.95045
     -4.15871      1.61672      0.66865      0.94807
     -4.14871      1.66782      0.68403      0.98379
     -4.13871      1.79347      0.73010      1.06337
     -4.12871      1.94892      0.78772      1.16119
     -4.11871      2.04632      0.82255      1.22377
     -4.10871      2.01558      0.80840      1.20718
     -4.09871      1.86401      0.74888      1.11513
     -4.08871      1.67278      0.67555      0.99723
     -4.07871      1.53272      0.62384      0.90888
     -4.06871      1.48341      0.60978      0.87363
     -4.05871      1.50629      0.62631      0.87998
     -4.04871      1.56199      0.65660      0.90539
     -4.03871      1.62504      0.68754      0.93750
     -4.02871      1.68710      0.71232      0.97478
     -4.01871      1.74507      0.72739      1.01768
     -4.00871      1.80396      0.73456      1.06939
     -3.99871      1.89106      0.74619      1.14487
     -3.98871      2.05298      0.78330      1.26968
     -3.97871      2.32858      0.86511      1.46348
     -3.96871      2.72205      0.99821      1.72383
     -3.95871      3.19812      1.17198      2.02614
     -3.94871      3.69823      1.36164      2.33659
     -3.93871      4.15842      1.53592      2.62250
     -3.92871      4.51639      1.66482      2.85157
     -3.91871      4.72113      1.72819      2.99294
     -3.90871      4.76291      1.72756      3.03535
     -3.89871      4.69801      1.69184      3.00617
     -3.88871      4.62043      1.66208      2.95835
     -3.87871      4.59636      1.66394      2.93242
     -3.86871      4.63923      1.69822      2.94101
     -3.85871      4.74968      1.75768      2.99200
     -3.84871      4.95067      1.84226      3.10841
     -3.83871      5.25959      1.95088      3.30871
     -3.82871      5.63670      2.06614      3.57056
     -3.81871      5.98978      2.16043      3.82936
     -3.80871      6.24341      2.22111      4.02229
     -3.79871      6.39484      2.26212      4.13272
     -3.78871      6.49001      2.30346      4.18655
     -3.77871      6.55099      2.34278      4.20821
     -3.76871      6.54691      2.35599      4.19092
     -3.75871      6.44451      2.32808      4.11643
     -3.74871      6.26874      2.27514      3.99359
     -3.73871      6.08806      2.22896      3.85910
     -3.72871      5.94188      2.20425      3.73763
     -3.71871      5.80312      2.18737      3.61576
     -3.70871      5.61436      2.15325      3.46111
     -3.69871      5.34281      2.08621      3.25660
     -3.68871      4.99938      1.98819      3.01118
     -3.67871      4.62955      1.87831      2.75124
     -3.66871      4.30162      1.78757      2.51406
     -3.65871      4.08489      1.74497      2.33992
     -3.64871      4.00709      1.75724      2.24985
     -3.63871      4.02405      1.79961      2.22443
     -3.62871      4.04736      1.83288      2.21448
     -3.61871      4.01499      1.83416      2.18083
     -3.60871      3.93326      1.81091      2.12235
     -3.59871      3.85776      1.78899      2.06877
     -3.58871      3.85390      1.79639      2.05751
     -3.57871      3.96943      1.85489      2.11454
     -3.56871      4.20244      1.96751      2.23493
     -3.55871      4.47109      2.10232      2.36877
     -3.54871      4.63974      2.19926      2.44048
     -3.53871      4.61418      2.21030      2.40387
     -3.52871      4.42197      2.13828      2.28369
     -3.51871      4.18724      2.03200      2.15524
     -3.50871      4.01871      1.94116      2.07755
     -3.49871      3.92508      1.87773      2.04735
     -3.48871      3.83695      1.81925      2.01770
     -3.47871      3.69619      1.74282      1.95337
     -3.46871      3.50977      1.64937      1.86039
     -3.45871      3.32189      1.55611      1.76578
     -3.44871      3.15738      1.47406      1.68332
     -3.43871      3.00819      1.40103      1.60716
     -3.42871      2.86453      1.33368      1.53085
     -3.41871      2.73943      1.27793      1.46150
     -3.40871      2.66026      1.24498      1.41528
     -3.39871      2.64474      1.24073      1.40401
     -3.38871      2.68330      1.25910      1.42420
     -3.37871      2.73578      1.28176      1.45403
     -3.36871      2.74656      1.28477      1.46179
     -3.35871      2.67638      1.25151      1.42486
     -3.34871      2.53184      1.18467      1.34717
     -3.33871      2.36736      1.10715      1.26021
     -3.32871      2.25372      1.04953      1.20418
     -3.31871      2.23644      1.03329      1.20315
     -3.30871      2.31344      1.06096      1.25248
     -3.29871      2.44027      1.11623      1.32404
     -3.28871      2.55258      1.17082      1.38176
     -3.27871      2.59536      1.19670      1.39866
     -3.26871      2.54922      1.17995      1.36927
     -3.25871      2.43778      1.12715      1.31063
     -3.24871      2.30808      1.05876      1.24932
     -3.23871      2.20094      0.99656      1.20438
     -3.22871      2.13711      0.95622      1.18090
     -3.21871      2.12155      0.94513      1.17643
     -3.20871      2.14660      0.95968      1.18692
     -3.19871      2.19008      0.98449      1.20559
     -3.18871      2.22579      1.00232      1.22347
     -3.17871      2.24482      1.00917      1.23566
     -3.16871      2.25772      1.01526      1.24246
     -3.15871      2.26926      1.02819      1.24108
     -3.14871      2.26211      1.03993      1.22218
     -3.13871      2.21551      1.03509      1.18042
     -3.12871      2.13444      1.00860      1.12584
     -3.11871      2.04931      0.97020      1.07911
     -3.10871      1.98683      0.93278      1.05405
     -3.09871      1.94814      0.90147      1.04667
     -3.08871      1.91671      0.87507      1.04165
     -3.07871      1.88124      0.85322      1.02802
     -3.06871      1.84762      0.83910      1.00852
     -3.05871      1.83224      0.83616      0.99609
     -3.04871      1.84926      0.84504      1.00421
     -3.03871      1.90151      0.86331      1.03820
     -3.02871      1.97430      0.88534      1.08896
     -3.01871      2.03628      0.90278      1.13350
     -3.00871      2.05631      0.90834      1.14796
     -2.99871      2.02673      0.90084      1.12589
     -2.98871      1.97001      0.88571      1.08431
     -2.97871      1.92083      0.87001      1.05082
     -2.96871      1.90271      0.85751      1.04520
     -2.95871      1.92417      0.85090      1.07327
     -2.94871      1.99032      0.85712      1.13320
     -2.93871      2.10324      0.88418      1.21907
     -2.92871      2.24824      0.93048      1.31775
     -2.91871      2.39142      0.98148      1.40994
     -2.90871      2.49906      1.01945      1.47961
     -2.89871      2.56002      1.03629      1.52373
     -2.88871      2.59215      1.03859      1.55357
     -2.87871      2.62741      1.04139      1.58602
     -2.86871      2.68506      1.05499      1.63007
     -2.85871      2.75401      1.07495      1.67905
     -2.84871      2.79989      1.08422      1.71566
     -2.83871      2.79440      1.06730      1.72710
     -2.82871      2.74340      1.02567      1.71772
     -2.81871      2.68392      0.97816      1.70576
     -2.80871      2.65157      0.94402      1.70755
     -2.79871      2.65735      0.92822      1.72913
     -2.78871      2.69453      0.92375      1.77078
     -2.77871      2.75015      0.92222      1.82793
     -2.76871      2.80631      0.92022      1.88609
     -2.75871      2.85627      0.92530      1.93097
     -2.74871      2.93674      0.96243      1.97431
     -2.73871      3.13046      1.06572      2.06474
     -2.72871      3.52370      1.25176      2.27194
     -2.71871      4.16789      1.50165      2.66624
     -2.70871      5.06973      1.77341      3.29632
     -2.69871      6.16469      2.02553      4.13916
     -2.68871      7.26532      2.22260      5.04272
     -2.67871      8.08359      2.33108      5.75250
     -2.66871      8.39059      2.33195      6.05864
     -2.65871      8.18628      2.24286      5.94342
     -2.64871      7.68974      2.11546      5.57427
     -2.63871      7.16009      2.00185      5.15824
     -2.62871      6.74539      1.92539      4.82000
     -2.61871      6.47379      1.88249      4.59130
     -2.60871      6.31115      1.86068      4.45047
     -2.59871      6.19318      1.84735      4.34583
     -2.58871      6.04991      1.83025      4.21966
     -2.57871      5.85261      1.80293      4.04968
     -2.56871      5.63282      1.76849      3.86433
     -2.55871      5.43396      1.72998      3.70398
     -2.54871      5.25760      1.68059      3.57701
     -2.53871      5.08148      1.61419      3.46729
     -2.52871      4.91808      1.54477      3.37331
     -2.51871      4.82223      1.50436      3.31788
     -2.50871      4.82961      1.51554      3.31407
     -2.49871      4.90548      1.56849      3.33700
     -2.48871      4.97257      1.62796      3.34461
     -2.47871      4.98492      1.66229      3.32263
     -2.46871      4.95908      1.66458      3.29450
     -2.45871      4.93883      1.64993      3.28890
     -2.44871      4.95340      1.64032      3.31308
     -2.43871      5.00936      1.65287      3.35649
     -2.42871      5.09204      1.69121      3.40083
     -2.41871      5.15983      1.73879      3.42104
     -2.40871      5.16023      1.76626      3.39397
     -2.39871      5.07611      1.75558      3.32053
     -2.38871      4.95388      1.71745      3.23644
     -2.37871      4.87436      1.68256      3.19181
     -2.36871      4.89248      1.67832      3.21416
     -2.35871      5.00444      1.71507      3.28938
     -2.34871      5.16894      1.78821      3.38073
     -2.33871      5.35160      1.88591      3.46569
     -2.32871      5.53869      1.99212      3.54657
     -2.31871      5.71284      2.08701      3.62583
     -2.30871      5.84066      2.15284      3.68782
     -2.29871      5.89784      2.18334      3.71450
     -2.28871      5.89009      2.18425      3.70584
     -2.27871      5.83550      2.16358      3.67191
     -2.26871      5.73633      2.12400      3.61233
     -2.25871      5.57875      2.06223      3.51652
     -2.24871      5.35703      1.97240      3.38463
     -2.23871      5.09613      1.85450      3.24163
     -2.22871      4.85432      1.72613      3.12818
     -2.21871      4.70286      1.62311      3.07975
     -2.20871      4.69271      1.57996      3.11275
     -2.19871      4.82072      1.60308      3.21764
     -2.18871      5.00472      1.65678      3.34793
     -2.17871      5.09435      1.67538      3.41897
     -2.16871      4.94572      1.60153      3.34419
     -2.15871      4.52147      1.42808      3.09338
     -2.14871      3.92408      1.20622      2.71786
     -2.13871      3.33545      1.01196      2.32348
     -2.12871      2.92823      0.90384      2.02439
     -2.11871      2.80293      0.90121      1.90172
     -2.10871      2.95227      0.98269      1.96957
     -2.09871      3.26079      1.09661      2.16418
     -2.08871      3.56331      1.18379      2.37952
     -2.07871      3.74291      1.20871      2.53419
     -2.06871      3.79029      1.17803      2.61226
     -2.05871      3.76670      1.12679      2.63992
     -2.04871      3.71656      1.08350      2.63306
     -2.03871      3.63340      1.05098      2.58242
     -2.02871      3.50695      1.02093      2.48602
     -2.01871      3.37361      0.99777      2.37584
     -2.00871      3.30108      0.99889      2.30220
     -1.99871      3.33174      1.03267      2.29908
     -1.98871      3.45291      1.08365      2.36926
     -1.97871      3.61367      1.12191      2.49176
     -1.96871      3.75602      1.12507      2.63095
     -1.95871      3.83473      1.09168      2.74305
     -1.94871      3.82502      1.03688      2.78814
     -1.93871      3.72223      0.97747      2.74476
     -1.92871      3.54106      0.92212      2.61895
     -1.91871      3.32235      0.87514      2.44722
     -1.90871      3.13459      0.84441      2.29018
     -1.89871      3.04985      0.83932      2.21053
     -1.88871      3.10411      0.86052      2.24360
     -1.87871      3.27598      0.89552      2.38046
     -1.86871      3.49744      0.92601      2.57143
     -1.85871      3.68342      0.93831      2.74511
     -1.84871      3.76625      0.92849      2.83777
     -1.83871      3.72612      0.90145      2.82467
     -1.82871      3.60204      0.86751      2.73453
     -1.81871      3.47062      0.83804      2.63258
     -1.80871      3.40429      0.82139      2.58290
     -1.79871      3.44000      0.82178      2.61823
     -1.78871      3.57993      0.84248      2.73745
     -1.77871      3.81626      0.88977      2.92649
     -1.76871      4.15024      0.97192      3.17831
     -1.75871      4.57669      1.09060      3.48609
     -1.74871      5.03996      1.22899      3.81097
     -1.73871      5.41314      1.34823      4.06490
     -1.72871      5.54852      1.40292      4.14560
     -1.71871      5.36978      1.36864      4.00115
     -1.70871      4.91776      1.25717      3.66059
     -1.69871      4.31004      1.10488      3.20516
     -1.68871      3.66657      0.94788      2.71870
     -1.67871      3.06777      0.80674      2.26104
     -1.66871      2.55268      0.68647      1.86621
     -1.65871      2.12972      0.58341      1.54631
     -1.64871      1.78685      0.49189      1.29496
     -1.63871      1.50534      0.40920      1.09614
     -1.62871      1.27583      0.33751      0.93831
     -1.61871      1.10452      0.28176      0.82275
     -1.60871      1.00248      0.24513      0.75736
     -1.59871      0.96723      0.22577      0.74146
     -1.58871      0.97307      0.21679      0.75629
     -1.57871      0.97917      0.20903      0.77014
     -1.56871      0.95089      0.19545      0.75544
     -1.55871      0.87826      0.17433      0.70393
     -1.54871      0.77352      0.14846      0.62506
     -1.53871      0.65078      0.12103      0.52975
     -1.52871      0.51428      0.09315      0.42113
     -1.51871      0.36861      0.06547      0.30315
     -1.50871      0.23065      0.04041      0.19024
     -1.49871      0.12226      0.02123      0.10103
     -1.48871      0.05382      0.00929      0.04454
     -1.47871      0.01944      0.00334      0.01610
     -1.46871      0.00572      0.00098      0.00474
     -1.45871      0.00136      0.00023      0.00113
     -1.44871      0.00026      0.00004      0.00022
     -1.43871      0.00004      0.00001      0.00003
     -1.42871      0.00001      0.00000      0.00000
     -1.41871      0.00000      0.00000      0.00000
     -1.40871      0.00000      0.00000      0.00000
     -1.39871      0.00000      0.00000      0.00000
     -1.38871      0.00000      0.00000      0.00000
     -1.37871      0.00000      0.00000      0.00000
     -1.36871      0.00000      0.00000      0.00000
     -1.35871      0.00003      0.00003      0.00001
     -1.34871      0.00023      0.00017      0.00006
     -1.33871      0.00122      0.00089      0.00033
     -1.32871      0.00535      0.00389      0.00147
     -1.31871      0.01918      0.01391      0.00526
     -1.30871      0.05653      0.04098      0.01555
     -1.29871      0.13819      0.10007      0.03813
     -1.28871      0.28326      0.20479      0.07846
     -1.27871      0.49412      0.35652      0.13761
     -1.26871      0.74781      0.53811      0.20970
     -1.25871      1.00436      0.72034      0.28402
     -1.24871      1.22690      0.87673      0.35017
     -1.23871      1.39743      0.99481      0.40263
     -1.22871      1.51952      1.07759      0.44193
     -1.21871      1.60981      1.13699      0.47282
     -1.20871      1.68714      1.18619      0.50095
     -1.19871      1.76697      1.23631      0.53066
     -1.18871      1.85991      1.29559      0.56431
     -1.17871      1.96947      1.36726      0.60221
     -1.16871      2.09084      1.44788      0.64296
     -1.15871      2.21345      1.52934      0.68411
     -1.14871      2.32759      1.60430      0.72329
     -1.13871      2.43437      1.67360      0.76078
     -1.12871      2.55142      1.74986      0.80156
     -1.11871      2.70182      1.84941      0.85241
     -1.10871      2.89331      1.97778      0.91553
     -1.09871      3.11385      2.12670      0.98715
     -1.08871      3.35215      2.28816      1.06399
     -1.07871      3.61628      2.46730      1.14898
     -1.06871      3.91913      2.67285      1.24628
     -1.05871      4.24138      2.89197      1.34942
     -1.04871      4.51991      3.08164      1.43826
     -1.03871      4.68626      3.19423      1.49202
     -1.02871      4.71940      3.21407      1.50533
     -1.01871      4.65799      3.16768      1.49031
     -1.00871      4.56419      3.09988      1.46431
     -0.99871      4.48358      3.04451      1.43907
     -0.98871      4.43824      3.01728      1.42096
     -0.97871      4.43898      3.02384      1.41515
     -0.96871      4.48574      3.06169      1.42405
     -0.95871      4.55722      3.11424      1.44298
     -0.94871      4.61042      3.15042      1.46000
     -0.93871      4.59678      3.13635      1.46043
     -0.92871      4.48615      3.05282      1.43333
     -0.91871      4.28700      2.90888      1.37812
     -0.90871      4.04876      2.74105      1.30771
     -0.89871      3.83669      2.59404      1.24264
     -0.88871      3.69288      2.49490      1.19798
     -0.87871      3.61646      2.44196      1.17449
     -0.86871      3.57665      2.41463      1.16203
     -0.85871      3.53955      2.38975      1.14980
     -0.84871      3.48710      2.35349      1.13362
     -0.83871      3.42165      2.30609      1.11556
     -0.82871      3.35292      2.25526      1.09766
     -0.81871      3.27879      2.20236      1.07642
     -0.80871      3.19057      2.14338      1.04719
     -0.79871      3.10238      2.08746      1.01492
     -0.78871      3.05414      2.05995      0.99419
     -0.77871      3.06848      2.07473      0.99375
     -0.76871      3.11515      2.11039      1.00476
     -0.75871      3.13077      2.12323      1.00754
     -0.74871      3.07294      2.08398      0.98896
     -0.73871      2.95550      2.00222      0.95328
     -0.72871      2.83490      1.91745      0.91744
     -0.71871      2.76019      1.86486      0.89534
     -0.70871      2.73717      1.85009      0.88708
     -0.69871      2.74428      1.85939      0.88489
     -0.68871      2.76942      1.88417      0.88525
     -0.67871      2.80916      1.92022      0.88894
     -0.66871      2.83850      1.94730      0.89120
     -0.65871      2.81462      1.93319      0.88143
     -0.64871      2.72488      1.86872      0.85616
     -0.63871      2.61088      1.78516      0.82572
     -0.62871      2.52669      1.72362      0.80307
     -0.61871      2.48514      1.69504      0.79011
     -0.60871      2.46231      1.68224      0.78007
     -0.59871      2.44633      1.67547      0.77086
     -0.58871      2.45839      1.68893      0.76946
     -0.57871      2.51730      1.73579      0.78151
     -0.56871      2.59505      1.79537      0.79967
     -0.55871      2.62527      1.81879      0.80648
     -0.54871      2.56618      1.77509      0.79108
     -0.53871      2.44841      1.68679      0.76163
     -0.52871      2.34645      1.60910      0.73735
     -0.51871      2.30581      1.57631      0.72950
     -0.50871      2.31502      1.58030      0.73472
     -0.49871      2.34642      1.59995      0.74647
     -0.48871      2.39980      1.63400      0.76580
     -0.47871      2.49438      1.69625      0.79813
     -0.46871      2.63016      1.78709      0.84308
     -0.45871      2.76562      1.87655      0.88907
     -0.44871      2.82832      1.91341      0.91491
     -0.43871      2.74983      1.85290      0.89693
     -0.42871      2.50653      1.68542      0.82111
     -0.41871      2.14027      1.44572      0.69455
     -0.40871      1.73954      1.19391      0.54562
     -0.39871      1.39186      0.98250      0.40936
     -0.38871      1.14427      0.83539      0.30888
     -0.37871      0.99882      0.75052      0.24830
     -0.36871      0.93235      0.71361      0.21874
     -0.35871      0.91415      0.70661      0.20754
     -0.34871      0.91380      0.71005      0.20375
     -0.33871      0.90580      0.70597      0.19983
     -0.32871      0.87499      0.68312      0.19187
     -0.31871      0.82118      0.64171      0.17947
     -0.30871      0.75836      0.59319      0.16518
     -0.29871      0.70525      0.55262      0.15263
     -0.28871      0.67285      0.52863      0.14422
     -0.27871      0.66006      0.52006      0.14000
     -0.26871      0.65989      0.52118      0.13871
     -0.25871      0.66688      0.52767      0.13922
     -0.24871      0.67724      0.53663      0.14061
     -0.23871      0.68440      0.54299      0.14141
     -0.22871      0.67912      0.53949      0.13963
     -0.21871      0.65558      0.52153      0.13405
     -0.20871      0.61644      0.49116      0.12528
     -0.19871      0.57176      0.45631      0.11545
     -0.18871      0.53352      0.42650      0.10702
     -0.17871      0.50911      0.40758      0.10152
     -0.16871      0.49593      0.39741      0.09851
     -0.15871      0.48158      0.38602      0.09556
     -0.14871      0.45306      0.36307      0.08999
     -0.13871      0.40862      0.32730      0.08132
     -0.12871      0.35913      0.28755      0.07157
     -0.11871      0.31683      0.25368      0.06316
     -0.10871      0.28561      0.22875      0.05687
     -0.09871      0.26297      0.21074      0.05224
     -0.08871      0.24685      0.19796      0.04888
     -0.07871      0.23680      0.19008      0.04672
     -0.06871      0.23149      0.18599      0.04550
     -0.05871      0.22839      0.18367      0.04472
     -0.04871      0.22501      0.18112      0.04389
     -0.03871      0.21858      0.17610      0.04248
     -0.02871      0.20545      0.16565      0.03979
     -0.01871      0.18240      0.14717      0.03523
     -0.00871      0.14910      0.12037      0.02873
      0.00129      0.10946      0.08841      0.02106
      0.01129      0.07053      0.05698      0.01355
      0.02129      0.03911      0.03160      0.00751
      0.03129      0.01836      0.01483      0.00352
      0.04129      0.00720      0.00582      0.00138
      0.05129      0.00234      0.00189      0.00045
      0.06129      0.00062      0.00050      0.00012
      0.07129      0.00014      0.00011      0.00003
      0.08129      0.00002      0.00002      0.00000
      0.09129      0.00000      0.00000      0.00000
      0.10129      0.00000      0.00000      0.00000
      0.11129      0.00000      0.00000      0.00000
      0.12129      0.00000      0.00000      0.00000
      0.13129      0.00000      0.00000      0.00000
      0.14129      0.00000      0.00000      0.00000
      0.15129      0.00000      0.00000      0.00000
      0.16129      0.00000      0.00000      0.00000
      0.17129      0.00000      0.00000      0.00000
      0.18129      0.00000      0.00000      0.00000
      0.19129      0.00000      0.00000      0.00000
      0.20129      0.00000      0.00000      0.00000
      0.21129      0.00000      0.00000      0.00000
      0.22129      0.00000      0.00000      0.00000
      0.23129      0.00000      0.00000      0.00000
      0.24129      0.00000      0.00000      0.00000
      0.25129      0.00000      0.00000      0.00000
      0.26129      0.00000      0.00000      0.00000
      0.27129      0.00000      0.00000      0.00000
      0.28129      0.00000      0.00000      0.00000
      0.29129      0.00000      0.00000      0.00000
      0.30129      0.00000      0.00000      0.00000
      0.31129      0.00000      0.00000      0.00000
      0.32129      0.00000      0.00000      0.00000
      0.33129      0.00000      0.00000      0.00000
      0.34129      0.00000      0.00000      0.00000
      0.35129      0.00000      0.00000      0.00000
      0.36129      0.00000      0.00000      0.00000
      0.37129      0.00000      0.00000      0.00000
      0.38129      0.00000      0.00000      0.00000
      0.39129      0.00000      0.00000      0.00000
      0.40129      0.00000      0.00000      0.00000
      0.41129      0.00000      0.00000      0.00000
      0.42129      0.00000      0.00000      0.00000
      0.43129      0.00000      0.00000      0.00000
      0.44129      0.00000      0.00000      0.00000
      0.45129      0.00000      0.00000      0.00000
      0.46129      0.00000      0.00000      0.00000
      0.47129      0.00000      0.00000      0.00000
      0.48129      0.00000      0.00000      0.00000
      0.49129      0.00000      0.00000      0.00000
      0.50129      0.00000      0.00000      0.00000
      0.51129      0.00000      0.00000      0.00000
      0.52129      0.00000      0.00000      0.00000
      0.53129      0.00000      0.00000      0.00000
      0.54129      0.00000      0.00000      0.00000
      0.55129      0.00000      0.00000      0.00000
      0.56129      0.00000      0.00000      0.00000
      0.57129      0.00000      0.00000      0.00000
      0.58129      0.00000      0.00000      0.00000
      0.59129      0.00000      0.00000      0.00000
      0.60129      0.00000      0.00000      0.00000
      0.61129      0.00000      0.00000      0.00000
      0.62129      0.00000      0.00000      0.00000
      0.63129      0.00000      0.00000      0.00000
      0.64129      0.00000      0.00000      0.00000
      0.65129      0.00000      0.00000      0.00000
      0.66129      0.00000      0.00000      0.00000
      0.67129      0.00000      0.00000      0.00000
      0.68129      0.00000      0.00000      0.00000
      0.69129      0.00000      0.00000      0.00000
      0.70129      0.00000      0.00000      0.00000
      0.71129      0.00000      0.00000      0.00000
      0.72129      0.00000      0.00000      0.00000
      0.73129      0.00000      0.00000      0.00000
      0.74129      0.00000      0.00000      0.00000
      0.75129      0.00000      0.00000      0.00000
      0.76129      0.00000      0.00000      0.00000
      0.77129      0.00000      0.00000      0.00000
      0.78129      0.00000      0.00000      0.00000
      0.79129      0.00000      0.00000      0.00000
      0.80129      0.00000      0.00000      0.00000
      0.81129      0.00000      0.00000      0.00000
      0.82129      0.00000      0.00000      0.00000
      0.83129      0.00000      0.00000      0.00000
      0.84129      0.00000      0.00000      0.00000
      0.85129      0.00000      0.00000      0.00000
      0.86129      0.00000      0.00000      0.00000
      0.87129      0.00000      0.00000      0.00000
      0.88129      0.00000      0.00000      0.00000
      0.89129      0.00000      0.00000      0.00000
      0.90129      0.00000      0.00000      0.00000
      0.91129      0.00000      0.00000      0.00000
      0.92129      0.00000      0.00000      0.00000
      0.93129      0.00000      0.00000      0.00000
      0.94129      0.00000      0.00000      0.00000
      0.95129      0.00000      0.00000      0.00000
      0.96129      0.00000      0.00000      0.00000
      0.97129      0.00000      0.00000      0.00000
      0.98129      0.00000      0.00000      0.00000
      0.99129      0.00000      0.00000      0.00000
      1.00129      0.00000      0.00000      0.00000
      1.01129      0.00000      0.00000      0.00000
      1.02129      0.00000      0.00000      0.00000
      1.03129      0.00000      0.00000      0.00000
      1.04129      0.00000      0.00000      0.00000
      1.05129      0.00000      0.00000      0.00000
      1.06129      0.00000      0.00000      0.00000
      1.07129      0.00000      0.00000      0.00000
      1.08129      0.00000      0.00000      0.00000
      1.09129      0.00000      0.00000      0.00000
      1.10129      0.00000      0.00000      0.00000
      1.11129      0.00000      0.00000      0.00000
      1.12129      0.00000      0.00000      0.00000
      1.13129      0.00000      0.00000      0.00000
      1.14129      0.00000      0.00000      0.00000
      1.15129      0.00000      0.00000      0.00000
      1.16129      0.00000      0.00000      0.00000
      1.17129      0.00000      0.00000      0.00000
      1.18129      0.00000      0.00000      0.00000
      1.19129      0.00000      0.00000      0.00000
      1.20129      0.00000      0.00000      0.00000
      1.21129      0.00000      0.00000      0.00000
      1.22129      0.00000      0.00000      0.00000
      1.23129      0.00000      0.00000      0.00000
      1.24129      0.00000      0.00000      0.00000
      1.25129      0.00000      0.00000      0.00000
      1.26129      0.00000      0.00000      0.00000
      1.27129      0.00000      0.00000      0.00000
      1.28129      0.00000      0.00000      0.00000
      1.29129      0.00000      0.00000      0.00000
      1.30129      0.00000      0.00000      0.00000
      1.31129      0.00000      0.00000      0.00000
      1.32129      0.00000      0.00000      0.00000
      1.33129      0.00000      0.00000      0.00000
      1.34129      0.00000      0.00000      0.00000
      1.35129      0.00000      0.00000      0.00000
      1.36129      0.00000      0.00000      0.00000
      1.37129      0.00000      0.00000      0.00000
      1.38129      0.00000      0.00000      0.00000
      1.39129      0.00000      0.00000      0.00000
      1.40129      0.00000      0.00000      0.00000
      1.41129      0.00000      0.00000      0.00000
      1.42129      0.00000      0.00000      0.00000
      1.43129      0.00000      0.00000      0.00000
      1.44129      0.00000      0.00000      0.00000
      1.45129      0.00000      0.00000      0.00000
      1.46129      0.00000      0.00000      0.00000
      1.47129      0.00000      0.00000      0.00000
      1.48129      0.00000      0.00000      0.00000
      1.49129      0.00000      0.00000      0.00000
      1.50129      0.00000      0.00000      0.00000
      1.51129      0.00000      0.00000      0.00000
      1.52129      0.00000      0.00000      0.00000
      1.53129      0.00000      0.00000      0.00000
      1.54129      0.00000      0.00000      0.00000
      1.55129      0.00000      0.00000      0.00000
      1.56129      0.00000      0.00000      0.00000
      1.57129      0.00000      0.00000      0.00000
      1.58129      0.00000      0.00000      0.00000
      1.59129      0.00000      0.00000      0.00000
      1.60129      0.00000      0.00000      0.00000
      1.61129      0.00000      0.00000      0.00000
      1.62129      0.00000      0.00000      0.00000
      1.63129      0.00000      0.00000      0.00000
      1.64129      0.00000      0.00000      0.00000
      1.65129      0.00000      0.00000      0.00000
      1.66129      0.00000      0.00000      0.00000
      1.67129      0.00000      0.00000      0.00000
      1.68129      0.00000      0.00000      0.00000
      1.69129      0.00000      0.00000      0.00000
      1.70129      0.00000      0.00000      0.00000
      1.71129      0.00000      0.00000      0.00000
      1.72129      0.00000      0.00000      0.00000
      1.73129      0.00000      0.00000      0.00000
      1.74129      0.00000      0.00000      0.00000
      1.75129      0.00000      0.00000      0.00000
      1.76129      0.00000      0.00000      0.00000
      1.77129      0.00000      0.00000      0.00000
      1.78129      0.00000      0.00000      0.00000
      1.79129      0.00000      0.00000      0.00000
      1.80129      0.00000      0.00000      0.00000
      1.81129      0.00000      0.00000      0.00000
      1.82129      0.00000      0.00000      0.00000
      1.83129      0.00000      0.00000      0.00000
      1.84129      0.00000      0.00000      0.00000
      1.85129      0.00000      0.00000      0.00000
      1.86129      0.00000      0.00000      0.00000
      1.87129      0.00000      0.00000      0.00000
      1.88129      0.00000      0.00000      0.00000
      1.89129      0.00000      0.00000      0.00000
      1.90129      0.00000      0.00000      0.00000
      1.91129      0.00000      0.00000      0.00000
      1.92129      0.00000      0.00000      0.00000
      1.93129      0.00000      0.00000      0.00000
      1.94129      0.00000      0.00000      0.00000
      1.95129      0.00000      0.00000      0.00000
      1.96129      0.00000      0.00000      0.00000
      1.97129      0.00000      0.00000      0.00000
      1.98129      0.00000      0.00000      0.00000
      1.99129      0.00000      0.00000      0.00000
      2.00129      0.00000      0.00000      0.00000
      2.01129      0.00000      0.00000      0.00000
      2.02129      0.00000      0.00000      0.00000
      2.03129      0.00000      0.00000      0.00000
      2.04129      0.00000      0.00000      0.00000
      2.05129      0.00000      0.00000      0.00000
      2.06129      0.00000      0.00000      0.00000
      2.07129      0.00000      0.00000      0.00000
      2.08129      0.00000      0.00000      0.00000
      2.09129      0.00000      0.00000      0.00000
      2.10129      0.00000      0.00000      0.00000
      2.11129      0.00000      0.00000      0.00000
      2.12129      0.00000      0.00000      0.00000
      2.13129      0.00000      0.00000      0.00000
      2.14129      0.00000      0.00000      0.00000
      2.15129      0.00000      0.00000      0.00000
      2.16129      0.00000      0.00000      0.00000
      2.17129      0.00000      0.00000      0.00000
      2.18129      0.00000      0.00000      0.00000
      2.19129      0.00000      0.00000      0.00000
      2.20129      0.00000      0.00000      0.00000
      2.21129      0.00002      0.00001      0.00001
      2.22129      0.00016      0.00008      0.00008
      2.23129      0.00085      0.00042      0.00044
      2.24129      0.00379      0.00185      0.00194
      2.25129      0.01381      0.00673      0.00708
      2.26129      0.04156      0.02025      0.02130
      2.27129      0.10374      0.05055      0.05319
      2.28129      0.21662      0.10553      0.11109
      2.29129      0.38264      0.18637      0.19627
      2.30129      0.58153      0.28317      0.29836
      2.31129      0.78093      0.38007      0.40086
      2.32129      0.96373      0.46853      0.49520
      2.33129      1.14493      0.55565      0.58927
      2.34129      1.35474      0.65630      0.69845
      2.35129      1.60319      0.77630      0.82690
      2.36129      1.86747      0.90643      0.96104
      2.37129      2.11710      1.03399      1.08312
      2.38129      2.34285      1.15565      1.18720
      2.39129      2.55149      1.27407      1.27741
      2.40129      2.73953      1.38521      1.35432
      2.41129      2.88936      1.47757      1.41179
      2.42129      2.99580      1.54641      1.44939
      2.43129      3.08445      1.60323      1.48123
      2.44129      3.19372      1.66660      1.52712
      2.45129      3.34113      1.74528      1.59585
      2.46129      3.51080      1.83193      1.67887
      2.47129      3.67069      1.91211      1.75858
      2.48129      3.79965      1.97755      1.82210
      2.49129      3.90263      2.03214      1.87049
      2.50129      4.00910      2.08920      1.91990
      2.51129      4.16389      2.16782      1.99607
      2.52129      4.41013      2.28798      2.12215
      2.53129      4.74967      2.45313      2.29654
      2.54129      5.09910      2.62658      2.47252
      2.55129      5.30986      2.73888      2.57098
      2.56129      5.27820      2.74134      2.53685
      2.57129      5.04336      2.65365      2.38970
      2.58129      4.75278      2.54463      2.20815
      2.59129      4.52990      2.46713      2.06278
      2.60129      4.40019      2.42682      1.97338
      2.61129      4.33821      2.41220      1.92601
      2.62129      4.33530      2.42872      1.90658
      2.63129      4.39123      2.48645      1.90478
      2.64129      4.47345      2.57036      1.90308
      2.65129      4.53452      2.64867      1.88585
      2.66129      4.57335      2.71262      1.86073
      2.67129      4.64843      2.79171      1.85672
      2.68129      4.81877      2.92257      1.89620
      2.69129      5.08464      3.11022      1.97442
      2.70129      5.38808      3.32162      2.06645
      2.71129      5.65051      3.50645      2.14406
      2.72129      5.79764      3.61665      2.18099
      2.73129      5.77019      3.61728      2.15291
      2.74129      5.54857      3.49989      2.04869
      2.75129      5.18447      3.29751      1.88696
      2.76129      4.79439      3.07939      1.71500
      2.77129      4.49734      2.91472      1.58262
      2.78129      4.34735      2.83383      1.51351
      2.79129      4.32798      2.82643      1.50155
      2.80129      4.40507      2.87323      1.53184
      2.81129      4.56807      2.96881      1.59926
      2.82129      4.81850      3.11376      1.70474
      2.83129      5.13651      3.29665      1.83987
      2.84129      5.47395      3.49133      1.98262
      2.85129      5.77769      3.66803      2.10965
      2.86129      6.01724      3.80516      2.21208
      2.87129      6.20706      3.90356      2.30350
      2.88129      6.41690      4.00033      2.41658
      2.89129      6.73970      4.15524      2.58446
      2.90129      7.21380      4.40125      2.81255
      2.91129      7.76596      4.70280      3.06316
      2.92129      8.23985      4.96917      3.27068
      2.93129      8.49302      5.11529      3.37773
      2.94129      8.48214      5.11810      3.36404
      2.95129      8.26976      5.02130      3.24845
      2.96129      7.95793      4.88939      3.06854
      2.97129      7.61854      4.75921      2.85934
      2.98129      7.27894      4.63229      2.64665
      2.99129      6.95090      4.50061      2.45029
      3.00129      6.64977      4.36628      2.28349
      3.01129      6.38253      4.23459      2.14794
      3.02129      6.13280      4.09620      2.03661
      3.03129      5.86836      3.92306      1.94530
      3.04129      5.55980      3.68361      1.87618
      3.05129      5.19061      3.36504      1.82558
      3.06129      4.76442      2.98910      1.77533
      3.07129      4.32195      2.61373      1.70823
      3.08129      3.95144      2.31677      1.63466
      3.09129      3.75904      2.16406      1.59498
      3.10129      3.80313      2.17611      1.62701
      3.11129      4.04856      2.31668      1.73188
      3.12129      4.39471      2.51835      1.87636
      3.13129      4.76424      2.73376      2.03048
      3.14129      5.16831      2.96967      2.19864
      3.15129      5.66972      3.26290      2.40682
      3.16129      6.27373      3.61602      2.65771
      3.17129      6.87303      3.96603      2.90699
      3.18129      7.31027      4.22190      3.08836
      3.19129      7.47687      4.32163      3.15524
      3.20129      7.35253      4.25455      3.09798
      3.21129      6.99450      4.05682      2.93768
      3.22129      6.51785      3.80128      2.71658
      3.23129      6.05798      3.57171      2.48627
      3.24129      5.71215      3.42292      2.28923
      3.25129      5.50500      3.36044      2.14455
      3.26129      5.40359      3.35485      2.04873
      3.27129      5.34982      3.36560      1.98422
      3.28129      5.27972      3.35525      1.92447
      3.29129      5.13960      3.30029      1.83931
      3.30129      4.90970      3.20111      1.70859
      3.31129      4.61981      3.08089      1.53892
      3.32129      4.34015      2.97363      1.36652
      3.33129      4.15000      2.91212      1.23789
      3.34129      4.09913      2.91771      1.18142
      3.35129      4.18171      2.98862      1.19309
      3.36129      4.34338      3.09744      1.24595
      3.37129      4.52119      3.20965      1.31154
      3.38129      4.68306      3.30849      1.37457
      3.39129      4.82779      3.39656      1.43124
      3.40129      4.94687      3.47047      1.47639
      3.41129      4.99965      3.50402      1.49563
      3.42129      4.94541      3.46977      1.47564
      3.43129      4.79745      3.37484      1.42261
      3.44129      4.62333      3.26004      1.36329
      3.45129      4.48396      3.16049      1.32347
      3.46129      4.38418      3.07638      1.30780
      3.47129      4.28500      2.98360      1.30139
      3.48129      4.15234      2.86512      1.28722
      3.49129      3.99090      2.73047      1.26043
      3.50129      3.84080      2.61062      1.23018
      3.51129      3.74885      2.53644      1.21241
      3.52129      3.73750      2.51854      1.21896
      3.53129      3.78736      2.54008      1.24727
      3.54129      3.84365      2.56480      1.27885
      3.55129      3.85200      2.55768      1.29433
      3.56129      3.80492      2.50913      1.29579
      3.57129      3.75785      2.44525      1.31260
      3.58129      3.79007      2.41073      1.37934
      3.59129      3.93580      2.43279      1.50301
      3.60129      4.14783      2.49628      1.65155
      3.61129      4.33712      2.55732      1.77980
      3.62129      4.46307      2.58953      1.87354
      3.63129      4.58737      2.61895      1.96841
      3.64129      4.82226      2.70393      2.11832
      3.65129      5.20765      2.86958      2.33807
      3.66129      5.64337      3.06489      2.57848
      3.67129      5.96110      3.19739      2.76370
      3.68129      6.06952      3.21535      2.85417
      3.69129      6.02080      3.15024      2.87056
      3.70129      5.93532      3.07675      2.85857
      3.71129      5.87527      3.03763      2.83764
      3.72129      5.79570      3.00961      2.78609
      3.73129      5.60521      2.93476      2.67045
      3.74129      5.26448      2.77953      2.48495
      3.75129      4.83330      2.56756      2.26574
      3.76129      4.43493      2.36290      2.07203
      3.77129      4.17612      2.22502      1.95110
      3.78129      4.08598      2.17445      1.91153
      3.79129      4.11015      2.18844      1.92170
      3.80129      4.15369      2.21963      1.93406
      3.81129      4.13782      2.22193      1.91589
      3.82129      4.03686      2.17288      1.86399
      3.83129      3.88090      2.08355      1.79736
      3.84129      3.72549      1.98734      1.73816
      3.85129      3.60460      1.91127      1.69333
      3.86129      3.50646      1.85563      1.65083
      3.87129      3.40064      1.80438      1.59626
      3.88129      3.28688      1.75273      1.53415
      3.89129      3.21045      1.71978      1.49067
      3.90129      3.22794      1.73330      1.49464
      3.91129      3.35283      1.80013      1.55271
      3.92129      3.52345      1.88706      1.63639
      3.93129      3.62821      1.93369      1.69452
      3.94129      3.58396      1.89524      1.68872
      3.95129      3.40364      1.78021      1.62343
      3.96129      3.18230      1.64361      1.53869
      3.97129      3.01265      1.54044      1.47221
      3.98129      2.91762      1.48639      1.43123
      3.99129      2.85587      1.45828      1.39759
      4.00129      2.77249      1.42228      1.35021
      4.01129      2.64377      1.36121      1.28256
      4.02129      2.49483      1.28602      1.20881
      4.03129      2.38696      1.22880      1.15816
      4.04129      2.37871      1.22080      1.15791
      4.05129      2.48222      1.26859      1.21364
      4.06129      2.64596      1.34557      1.30039
      4.07129      2.78125      1.40717      1.37408
      4.08129      2.82229      1.42175      1.40055
      4.09129      2.77492      1.39345      1.38147
      4.10129      2.69986      1.35215      1.34771
      4.11129      2.63789      1.31653      1.32135
      4.12129      2.56383      1.27279      1.29104
      4.13129      2.42755      1.19605      1.23150
      4.14129      2.22587      1.08614      1.13973
      4.15129      2.01780      0.97466      1.04313
      4.16129      1.87745      0.90028      0.97717
      4.17129      1.84132      0.88106      0.96025
      4.18129      1.88983      0.90506      0.98477
      4.19129      1.96828      0.94226      1.02603
      4.20129      2.03057      0.96833      1.06224
      4.21129      2.07146      0.98160      1.08987
      4.22129      2.11753      0.99751      1.12002
      4.23129      2.18490      1.02587      1.15903
      4.24129      2.24795      1.05447      1.19349
      4.25129      2.25433      1.05730      1.19703
      4.26129      2.17530      1.02035      1.15495
      4.27129      2.04057      0.95858      1.08199
      4.28129      1.91936      0.90567      1.01368
      4.29129      1.86486      0.88611      0.97875
      4.30129      1.87804      0.89777      0.98028
      4.31129      1.92389      0.92133      1.00256
      4.32129      1.97526      0.94322      1.03203
      4.33129      2.03247      0.96552      1.06695
      4.34129      2.10175      0.99398      1.10776
      4.35129      2.16742      1.02269      1.14473
      4.36129      2.19924      1.03704      1.16220
      4.37129      2.18948      1.03263      1.15685
      4.38129      2.17035      1.02463      1.14572
      4.39129      2.18007      1.03143      1.14864
      4.40129      2.21560      1.05149      1.16411
      4.41129      2.23555      1.06454      1.17101
      4.42129      2.21332      1.05721      1.15611
      4.43129      2.17448      1.04111      1.13338
      4.44129      2.17430      1.04232      1.13198
      4.45129      2.24346      1.07563      1.16782
      4.46129      2.36087      1.13168      1.22919
      4.47129      2.47655      1.18800      1.28855
      4.48129      2.55696      1.23038      1.32658
      4.49129      2.61055      1.26396      1.34659
      4.50129      2.67307      1.30488      1.36819
      4.51129      2.76798      1.36110      1.40689
      4.52129      2.87642      1.41933      1.45710
      4.53129      2.94118      1.44926      1.49192
      4.54129      2.90122      1.42173      1.47949
      4.55129      2.73224      1.32799      1.40424
      4.56129      2.46627      1.18711      1.27917
      4.57129      2.17760      1.03685      1.14075
      4.58129      1.94379      0.91455      1.02924
      4.59129      1.80678      0.83970      0.96708
      4.60129      1.75823      0.80820      0.95003
      4.61129      1.75685      0.80063      0.95622
      4.62129      1.76298      0.79814      0.96483
      4.63129      1.76249      0.79381      0.96868
      4.64129      1.76529      0.79207      0.97322
      4.65129      1.79099      0.80171      0.98928
      4.66129      1.85891      0.83107      1.02783
      4.67129      1.98249      0.88595      1.09653
      4.68129      2.16327      0.96727      1.19600
      4.69129      2.38864      1.06975      1.31889
      4.70129      2.63797      1.18394      1.45403
      4.71129      2.89271      1.30065      1.59207
      4.72129      3.14654      1.41633      1.73021
      4.73129      3.41572      1.53848      1.87724
      4.74129      3.74091      1.68605      2.05486
      4.75129      4.16594      1.87892      2.28702
      4.76129      4.69844      2.11999      2.57845
      4.77129      5.27997      2.38261      2.89736
      4.78129      5.79278      2.61465      3.17814
      4.79129      6.10714      2.75957      3.34757
      4.80129      6.13850      2.78093      3.35757
      4.81129      5.87442      2.67313      3.20129
      4.82129      5.36612      2.45749      2.90863
      4.83129      4.71076      2.17542      2.53534
      4.84129      4.03344      1.88181      2.15163
      4.85129      3.45473      1.63104      1.82368
      4.86129      3.04808      1.45704      1.59105
      4.87129      2.81614      1.36116      1.45498
      4.88129      2.70208      1.31678      1.38530
      4.89129      2.62672      1.28687      1.33985
      4.90129      2.53439      1.24642      1.28797
      4.91129      2.42337      1.19681      1.22656
      4.92129      2.33313      1.15864      1.17449
      4.93129      2.29583      1.14730      1.14853
      4.94129      2.29916      1.15519      1.14397
      4.95129      2.29502      1.15715      1.13787
      4.96129      2.24041      1.13170      1.10871
      4.97129      2.13337      1.07911      1.05426
      4.98129      2.01583      1.02221      0.99362
      4.99129      1.93960      0.98822      0.95138
      5.00129      1.92367      0.98635      0.93732
      5.01129      1.94107      1.00119      0.93987
      5.02129      1.94487      1.00717      0.93770
      5.03129      1.90901      0.99094      0.91807
      5.04129      1.85179      0.96370      0.88809
      5.05129      1.81887      0.95092      0.86795
      5.06129      1.83066      0.96317      0.86749
      5.07129      1.84639      0.97717      0.86922
      5.08129      1.79894      0.95567      0.84328
      5.09129      1.67275      0.89026      0.78250
      5.10129      1.53270      0.81690      0.71579
      5.11129      1.46605      0.78392      0.68213
      5.12129      1.50063      0.80689      0.69374
      5.13129      1.58030      0.85491      0.72540
      5.14129      1.61496      0.87793      0.73702
      5.15129      1.55739      0.84948      0.70791
      5.16129      1.43992      0.78733      0.65258
      5.17129      1.33945      0.73449      0.60496
      5.18129      1.30841      0.72052      0.58789
      5.19129      1.33794      0.74067      0.59728
      5.20129      1.37691      0.76606      0.61085
      5.21129      1.37755      0.76943      0.60812
      5.22129      1.32875      0.74429      0.58447
      5.23129      1.25825      0.70657      0.55168
      5.24129      1.20659      0.67969      0.52690
      5.25129      1.19293      0.67463      0.51830
      5.26129      1.19940      0.68095      0.51845
      5.27129      1.18950      0.67749      0.51201
      5.28129      1.14602      0.65440      0.49162
      5.29129      1.09018      0.62409      0.46609
      5.30129      1.05988      0.60857      0.45131
      5.31129      1.07096      0.61705      0.45392
      5.32129      1.10389      0.63822      0.46568
      5.33129      1.12588      0.65306      0.47283
      5.34129      1.12058      0.65201      0.46857
      5.35129      1.09570      0.63948      0.45623
      5.36129      1.06765      0.62490      0.44275
      5.37129      1.04455      0.61299      0.43156
      5.38129      1.02314      0.60189      0.42125
      5.39129      0.99751      0.58829      0.40922
      5.40129      0.97087      0.57422      0.39664
      5.41129      0.95962      0.56945      0.39017
      5.42129      0.97929      0.58312      0.39617
      5.43129      1.02265      0.61082      0.41183
      5.44129      1.05884      0.63412      0.42472
      5.45129      1.06092      0.63698      0.42394
      5.46129      1.03089      0.62070      0.41019
      5.47129      0.99357      0.60020      0.39336
      5.48129      0.97006      0.58808      0.38198
      5.49129      0.96166      0.58494      0.37672
      5.50129      0.95370      0.58172      0.37198
      5.51129      0.92618      0.56614      0.36005
      5.52129      0.86344      0.52858      0.33486
      5.53129      0.76590      0.46939      0.29650
      5.54129      0.65621      0.40265      0.25357
      5.55129      0.56654      0.34822      0.21833
      5.56129      0.51471      0.31711      0.19760
      5.57129      0.49369      0.30500      0.18869
      5.58129      0.48172      0.29843      0.18330
      5.59129      0.45789      0.28439      0.17350
      5.60129      0.40988      0.25515      0.15473
      5.61129      0.33577      0.20941      0.12635
      5.62129      0.24484      0.15293      0.09191
      5.63129      0.15492      0.09687      0.05804
      5.64129      0.08330      0.05213      0.03117
      5.65129      0.03748      0.02347      0.01401
      5.66129      0.01396      0.00874      0.00521
      5.67129      0.00427      0.00268      0.00159
      5.68129      0.00107      0.00067      0.00040
      5.69129      0.00022      0.00014      0.00008
      5.70129      0.00004      0.00002      0.00001
      5.71129      0.00000      0.00000      0.00000
      5.72129      0.00000      0.00000      0.00000
      5.73129      0.00000      0.00000      0.00000
      5.74129      0.00000      0.00000      0.00000
      5.75129      0.00000      0.00000      0.00000
      5.76129      0.00000      0.00000      0.00000
      5.77129      0.00000      0.00000      0.00000
      5.78129      0.00000      0.00000      0.00000
      5.79129      0.00000      0.00000      0.00000
      5.80129      0.00000      0.00000      0.00000
      5.81129      0.00000      0.00000      0.00000
      5.82129      0.00000      0.00000      0.00000
      5.83129      0.00000      0.00000      0.00000
      5.84129      0.00000      0.00000      0.00000
      5.85129      0.00000      0.00000      0.00000
      5.86129      0.00000      0.00000      0.00000
      5.87129      0.00000      0.00000      0.00000
      5.88129      0.00000      0.00000      0.00000
      5.89129      0.00000      0.00000      0.00000
      5.90129      0.00000      0.00000      0.00000
      5.91129      0.00000      0.00000      0.00000
      5.92129      0.00000      0.00000      0.00000
      5.93129      0.00000      0.00000      0.00000
      5.94129      0.00000      0.00000      0.00000
      5.95129      0.00000      0.00000      0.00000
      5.96129      0.00000      0.00000      0.00000
      5.97129      0.00000      0.00000      0.00000
      5.98129      0.00000      0.00000      0.00000
      5.99129      0.00000      0.00000      0.00000
      6.00129      0.00000      0.00000      0.00000
      6.01129      0.00000      0.00000      0.00000
      6.02129      0.00000      0.00000      0.00000
      6.03129      0.00000      0.00000      0.00000
      6.04129      0.00000      0.00000      0.00000
      6.05129      0.00000      0.00000      0.00000
      6.06129      0.00000      0.00000      0.00000
      6.07129      0.00000      0.00000      0.00000
      6.08129      0.00000      0.00000      0.00000
      6.09129      0.00000      0.00000      0.00000
      6.10129      0.00000      0.00000      0.00000
      6.11129      0.00000      0.00000      0.00000
      6.12129      0.00000      0.00000      0.00000
      6.13129      0.00000      0.00000      0.00000
      6.14129      0.00000      0.00000      0.00000
      6.15129      0.00000      0.00000      0.00000
      6.16129      0.00000      0.00000      0.00000
      6.17129      0.00000      0.00000      0.00000
      6.18129      0.00000      0.00000      0.00000
      6.19129      0.00000      0.00000      0.00000
      6.20129      0.00000      0.00000      0.00000
      6.21129      0.00000      0.00000      0.00000
      6.22129      0.00000      0.00000      0.00000
      6.23129      0.00000      0.00000      0.00000
      6.24129      0.00000      0.00000      0.00000
      6.25129      0.00000      0.00000      0.00000
      6.26129      0.00000      0.00000      0.00000
      6.27129      0.00000      0.00000      0.00000
      6.28129      0.00000      0.00000      0.00000
      6.29129      0.00000      0.00000      0.00000
      6.30129      0.00000      0.00000      0.00000
      6.31129      0.00000      0.00000      0.00000
      6.32129      0.00000      0.00000      0.00000
      6.33129      0.00000      0.00000      0.00000
      6.34129      0.00000      0.00000      0.00000
      6.35129      0.00000      0.00000      0.00000
      6.36129      0.00000      0.00000      0.00000
      6.37129      0.00000      0.00000      0.00000
      6.38129      0.00000      0.00000      0.00000
      6.39129      0.00000      0.00000      0.00000
      6.40129      0.00000      0.00000      0.00000
      6.41129      0.00000      0.00000      0.00000
      6.42129      0.00000      0.00000      0.00000
      6.43129      0.00000      0.00000      0.00000
      6.44129      0.00000      0.00000      0.00000
      6.45129      0.00000      0.00000      0.00000
      6.46129      0.00000      0.00000      0.00000
      6.47129      0.00000      0.00000      0.00000
      6.48129      0.00000      0.00000      0.00000
      6.49129      0.00000      0.00000      0.00000
      6.50129      0.00000      0.00000      0.00000
      6.51129      0.00000      0.00000      0.00000
      6.52129      0.00000      0.00000      0.00000
      6.53129      0.00000      0.00000      0.00000
      6.54129      0.00000      0.00000      0.00000
      6.55129      0.00000      0.00000      0.00000
      6.56129      0.00000      0.00000      0.00000
      6.57129      0.00000      0.00000      0.00000
      6.58129      0.00000      0.00000      0.00000
      6.59129      0.00000      0.00000      0.00000
      6.60129      0.00000      0.00000      0.00000
      6.61129      0.00000      0.00000      0.00000
      6.62129      0.00000      0.00000      0.00000
      6.63129      0.00000      0.00000      0.00000
      6.64129      0.00000      0.00000      0.00000
      6.65129      0.00000      0.00000      0.00000
      6.66129      0.00000      0.00000      0.00000
      6.67129      0.00000      0.00000      0.00000
      6.68129      0.00000      0.00000      0.00000
      6.69129      0.00000      0.00000      0.00000
      6.70129      0.00000      0.00000      0.00000
      6.71129      0.00000      0.00000      0.00000
      6.72129      0.00000      0.00000      0.00000
      6.73129      0.00000      0.00000      0.00000
      6.74129      0.00000      0.00000      0.00000
      6.75129      0.00000      0.00000      0.00000
      6.76129      0.00000      0.00000      0.00000
      6.77129      0.00000      0.00000      0.00000
      6.78129      0.00000      0.00000      0.00000
      6.79129      0.00000      0.00000      0.00000
      6.80129      0.00000      0.00000      0.00000
      6.81129      0.00000      0.00000      0.00000
      6.82129      0.00000      0.00000      0.00000
      6.83129      0.00000      0.00000      0.00000
      6.84129      0.00000      0.00000      0.00000
      6.85129      0.00000      0.00000      0.00000
      6.86129      0.00000      0.00000      0.00000
      6.87129      0.00000      0.00000      0.00000
      6.88129      0.00000      0.00000      0.00000
      6.89129      0.00000      0.00000      0.00000
      6.90129      0.00000      0.00000      0.00000
      6.91129      0.00000      0.00000      0.00000
      6.92129      0.00000      0.00000      0.00000
      6.93129      0.00002      0.00002      0.00001
      6.94129      0.00017      0.00011      0.00006
      6.95129      0.00093      0.00061      0.00035
      6.96129      0.00422      0.00283      0.00157
      6.97129      0.01552      0.01058      0.00569
      6.98129      0.04655      0.03225      0.01678
      6.99129      0.11435      0.08056      0.04055
      7.00129      0.23218      0.16621      0.08095
      7.01129      0.39478      0.28647      0.13554
      7.02129      0.57325      0.41948      0.19470
      7.03129      0.73031      0.53460      0.24747
      7.04129      0.84342      0.61242      0.28794
      7.05129      0.91202      0.65536      0.31497
      7.06129      0.94651      0.67950      0.32806
      7.07129      0.95686      0.69803      0.32736
      7.08129      0.95033      0.71213      0.31688
      7.09129      0.93308      0.71563      0.30372
      7.10129      0.91178      0.70691      0.29346
      7.11129      0.89511      0.69423      0.28840
      7.12129      0.89089      0.68699      0.28948
      7.13129      0.89899      0.68345      0.29730
      7.14129      0.90984      0.67212      0.31051
      7.15129      0.91365      0.64762      0.32474
      7.16129      0.91083      0.62205      0.33440
      7.17129      0.91196      0.61774      0.33614
      7.18129      0.92667      0.64816      0.33039
      7.19129      0.95206      0.70413      0.31994
      7.20129      0.97179      0.75659      0.30787
      7.21129      0.96659      0.77460      0.29583
      7.22129      0.92671      0.74584      0.28274
      7.23129      0.85967      0.68516      0.26628
      7.24129      0.79224      0.62551      0.24884
      7.25129      0.76248      0.59826      0.24174
      7.26129      0.79983      0.61724      0.25894
      7.27129      0.90364      0.67567      0.30340
      7.28129      1.03594      0.75024      0.35991
      7.29129      1.13597      0.80599      0.40296
      7.30129      1.15379      0.80969      0.41371
      7.31129      1.08378      0.75365      0.39195
      7.32129      0.96800      0.66715      0.35285
      7.33129      0.86467      0.59777      0.31388
      7.34129      0.81369      0.58009      0.28600
      7.35129      0.82463      0.61857      0.27366
