Energy (eV)    DOS (1/eV)    PDOS (1/eV)  of atom type Mo S  
     -5.05827      3.18237      1.47917      1.70321
     -5.04827      2.22356      1.00548      1.21808
     -5.03827      2.28171      1.00016      1.28155
     -5.02827      2.28536      0.95901      1.32635
     -5.01827      1.75186      0.69955      1.05231
     -5.00827      1.45523      0.53801      0.91722
     -4.99827      0.57861      0.20383      0.37478
     -4.98827      0.71410      0.24385      0.47024
     -4.97827      1.14460      0.39406      0.75053
     -4.96827      1.32151      0.45460      0.86691
     -4.95827      1.23622      0.43725      0.79897
     -4.94827      1.67122      0.60822      1.06300
     -4.93827      1.28678      0.47995      0.80683
     -4.92827      1.36913      0.54072      0.82841
     -4.91827      1.42286      0.58981      0.83306
     -4.90827      1.58478      0.68554      0.89923
     -4.89827      2.63145      1.13358      1.49787
     -4.88827      2.90278      1.22789      1.67489
     -4.87827      1.22975      0.50581      0.72394
     -4.86827      0.20150      0.07855      0.12294
     -4.85827      0.25017      0.09938      0.15078
     -4.84827      0.49611      0.19639      0.29972
     -4.83827      0.39458      0.14201      0.25257
     -4.82827      0.91345      0.32416      0.58929
     -4.81827      1.07377      0.39460      0.67917
     -4.80827      0.33520      0.12361      0.21159
     -4.79827      0.03326      0.01198      0.02128
     -4.78827      0.26957      0.09424      0.17533
     -4.77827      0.83930      0.28886      0.55044
     -4.76827      0.56662      0.19261      0.37401
     -4.75827      0.37538      0.15192      0.22346
     -4.74827      0.92485      0.39022      0.53463
     -4.73827      0.47827      0.20144      0.27683
     -4.72827      0.35784      0.13037      0.22747
     -4.71827      0.97549      0.34966      0.62583
     -4.70827      0.61114      0.23772      0.37342
     -4.69827      0.81540      0.37288      0.44252
     -4.68827      0.65164      0.30381      0.34782
     -4.67827      0.20919      0.08912      0.12007
     -4.66827      0.60806      0.23109      0.37697
     -4.65827      0.77459      0.28957      0.48502
     -4.64827      0.29008      0.10674      0.18334
     -4.63827      0.48130      0.17091      0.31040
     -4.62827      0.87848      0.30589      0.57259
     -4.61827      0.40110      0.14090      0.26020
     -4.60827      0.62600      0.24738      0.37861
     -4.59827      0.86183      0.34409      0.51774
     -4.58827      0.20294      0.08140      0.12155
     -4.57827      0.00773      0.00311      0.00461
     -4.56827      0.02120      0.00894      0.01226
     -4.55827      0.31607      0.13184      0.18423
     -4.54827      1.04163      0.41946      0.62217
     -4.53827      1.02876      0.40093      0.62782
     -4.52827      0.20568      0.07931      0.12637
     -4.51827      0.05011      0.02160      0.02851
     -4.50827      0.42674      0.18739      0.23935
     -4.49827      0.84341      0.37306      0.47035
     -4.48827      0.79015      0.33730      0.45285
     -4.47827      1.49822      0.61366      0.88456
     -4.46827      1.51955      0.62656      0.89299
     -4.45827      1.15016      0.44339      0.70677
     -4.44827      0.61368      0.21787      0.39582
     -4.43827      0.09465      0.03290      0.06176
     -4.42827      0.00242      0.00084      0.00158
     -4.41827      0.00001      0.00000      0.00001
     -4.40827      0.00000      0.00000      0.00000
     -4.39827      0.00001      0.00000      0.00000
     -4.38827      0.00187      0.00068      0.00118
     -4.37827      0.09529      0.03497      0.06032
     -4.36827      0.71375      0.26208      0.45167
     -4.35827      0.79821      0.29326      0.50496
     -4.34827      0.13513      0.04975      0.08538
     -4.33827      0.07818      0.03220      0.04598
     -4.32827      0.50954      0.21147      0.29807
     -4.31827      0.77864      0.32590      0.45274
     -4.30827      0.34998      0.14749      0.20249
     -4.29827      0.03118      0.01314      0.01803
     -4.28827      0.03640      0.01404      0.02236
     -4.27827      0.44131      0.16872      0.27259
     -4.26827      1.34950      0.50600      0.84350
     -4.25827      1.37636      0.50822      0.86814
     -4.24827      0.55820      0.21928      0.33892
     -4.23827      0.31531      0.13859      0.17672
     -4.22827      0.23985      0.10831      0.13154
     -4.21827      0.04643      0.02101      0.02542
     -4.20827      0.00813      0.00274      0.00540
     -4.19827      0.15862      0.05006      0.10855
     -4.18827      0.57359      0.19197      0.38161
     -4.17827      1.19850      0.51618      0.68233
     -4.16827      2.60274      1.18178      1.42096
     -4.15827      2.49850      1.12033      1.37817
     -4.14827      1.80718      0.84894      0.95823
     -4.13827      0.91868      0.44325      0.47542
     -4.12827      1.69616      0.78727      0.90890
     -4.11827      3.00865      1.35303      1.65562
     -4.10827      2.42365      1.12133      1.30232
     -4.09827      1.81296      0.83857      0.97439
     -4.08827      2.26404      1.01135      1.25269
     -4.07827      2.36250      1.03436      1.32814
     -4.06827      2.91174      1.28339      1.62834
     -4.05827      3.02091      1.26310      1.75781
     -4.04827      2.65526      1.04825      1.60700
     -4.03827      3.28892      1.38427      1.90465
     -4.02827      4.13545      1.74300      2.39244
     -4.01827      3.36874      1.41701      1.95173
     -4.00827      3.78498      1.59414      2.19084
     -3.99827      3.92649      1.61580      2.31068
     -3.98827      4.30655      1.73731      2.56925
     -3.97827      4.53223      1.78940      2.74283
     -3.96827      3.87711      1.52043      2.35668
     -3.95827      3.46554      1.32863      2.13691
     -3.94827      3.21303      1.19768      2.01534
     -3.93827      3.87718      1.49604      2.38113
     -3.92827      4.62726      1.80696      2.82030
     -3.91827      4.18805      1.60354      2.58451
     -3.90827      3.33401      1.28792      2.04609
     -3.89827      4.02268      1.59371      2.42897
     -3.88827      3.50030      1.38564      2.11465
     -3.87827      2.49307      0.94784      1.54523
     -3.86827      3.19291      1.18071      2.01220
     -3.85827      3.91676      1.48799      2.42878
     -3.84827      2.03798      0.81331      1.22467
     -3.83827      2.22956      0.92473      1.30483
     -3.82827      3.05345      1.22856      1.82489
     -3.81827      3.96082      1.55834      2.40247
     -3.80827      3.61269      1.37261      2.24008
     -3.79827      2.17887      0.79958      1.37929
     -3.78827      0.99486      0.42285      0.57201
     -3.77827      1.16198      0.52214      0.63984
     -3.76827      1.51393      0.54383      0.97010
     -3.75827      1.66145      0.57203      1.08941
     -3.74827      1.19761      0.45901      0.73860
     -3.73827      1.78690      0.74953      1.03736
     -3.72827      1.04412      0.44464      0.59948
     -3.71827      1.68768      0.72679      0.96089
     -3.70827      2.37414      0.99355      1.38059
     -3.69827      1.88227      0.74351      1.13876
     -3.68827      2.56487      1.04597      1.51891
     -3.67827      1.20181      0.48703      0.71479
     -3.66827      0.34722      0.12231      0.22490
     -3.65827      0.18900      0.06401      0.12499
     -3.64827      0.02310      0.00783      0.01527
     -3.63827      0.01881      0.00708      0.01173
     -3.62827      0.25752      0.09718      0.16034
     -3.61827      0.60239      0.22769      0.37470
     -3.60827      1.14437      0.43206      0.71231
     -3.59827      2.40132      0.93148      1.46983
     -3.58827      2.21721      0.96960      1.24761
     -3.57827      1.71502      0.81782      0.89720
     -3.56827      1.06236      0.46288      0.59947
     -3.55827      0.54403      0.21020      0.33383
     -3.54827      0.18896      0.07008      0.11887
     -3.53827      0.24612      0.08935      0.15676
     -3.52827      0.07822      0.02904      0.04918
     -3.51827      0.14666      0.07904      0.06762
     -3.50827      0.94602      0.49182      0.45420
     -3.49827      1.33408      0.61159      0.72249
     -3.48827      1.55593      0.58760      0.96833
     -3.47827      2.13061      0.76548      1.36513
     -3.46827      1.95232      0.69447      1.25785
     -3.45827      1.57585      0.57652      0.99934
     -3.44827      1.91457      0.77041      1.14416
     -3.43827      2.71791      1.17450      1.54341
     -3.42827      2.25177      0.90715      1.34462
     -3.41827      1.59390      0.62097      0.97292
     -3.40827      1.52384      0.70507      0.81877
     -3.39827      1.74655      0.81421      0.93234
     -3.38827      2.42085      0.93209      1.48876
     -3.37827      3.04356      1.15508      1.88848
     -3.36827      2.91493      1.08733      1.82760
     -3.35827      2.82689      1.05383      1.77307
     -3.34827      2.37690      0.90813      1.46877
     -3.33827      2.85961      1.06585      1.79376
     -3.32827      3.79222      1.30594      2.48628
     -3.31827      4.42860      1.56776      2.86084
     -3.30827      5.20576      1.97561      3.23015
     -3.29827      3.78638      1.49818      2.28820
     -3.28827      2.76016      1.04723      1.71293
     -3.27827      2.93185      1.18806      1.74379
     -3.26827      4.27906      1.73757      2.54148
     -3.25827      4.05992      1.61216      2.44776
     -3.24827      3.15976      1.23582      1.92394
     -3.23827      3.64026      1.59852      2.04175
     -3.22827      3.63392      1.63544      1.99848
     -3.21827      3.49248      1.53434      1.95814
     -3.20827      3.51560      1.50125      2.01435
     -3.19827      4.71154      2.11371      2.59783
     -3.18827      4.91146      2.26914      2.64233
     -3.17827      3.70132      1.58752      2.11380
     -3.16827      1.83251      0.65995      1.17256
     -3.15827      2.59042      1.00155      1.58886
     -3.14827      3.28249      1.40843      1.87406
     -3.13827      1.97658      0.89816      1.07842
     -3.12827      1.55980      0.71753      0.84227
     -3.11827      2.17231      1.08911      1.08321
     -3.10827      2.82626      1.35842      1.46784
     -3.09827      2.67004      1.20610      1.46394
     -3.08827      1.54878      0.70886      0.83992
     -3.07827      1.39186      0.56692      0.82495
     -3.06827      2.05792      0.85004      1.20788
     -3.05827      1.98258      0.83473      1.14785
     -3.04827      1.35368      0.57091      0.78278
     -3.03827      1.66431      0.79006      0.87426
     -3.02827      1.67813      0.85156      0.82657
     -3.01827      1.43398      0.64446      0.78952
     -3.00827      1.93890      0.80542      1.13348
     -2.99827      2.22088      0.95875      1.26212
     -2.98827      1.06992      0.45600      0.61392
     -2.97827      0.61093      0.22471      0.38622
     -2.96827      0.70680      0.32914      0.37766
     -2.95827      0.95017      0.50250      0.44767
     -2.94827      1.85813      0.91689      0.94124
     -2.93827      2.04496      0.98844      1.05652
     -2.92827      1.41973      0.78771      0.63203
     -2.91827      1.08492      0.58531      0.49961
     -2.90827      0.73364      0.36868      0.36496
     -2.89827      0.15060      0.07481      0.07578
     -2.88827      0.00531      0.00263      0.00268
     -2.87827      0.00211      0.00097      0.00114
     -2.86827      0.12236      0.05733      0.06504
     -2.85827      1.02525      0.49256      0.53269
     -2.84827      1.33364      0.66253      0.67111
     -2.83827      0.99700      0.50499      0.49201
     -2.82827      1.27793      0.55957      0.71836
     -2.81827      0.54512      0.21989      0.32522
     -2.80827      0.74874      0.38124      0.36750
     -2.79827      1.33928      0.66638      0.67290
     -2.78827      2.95691      1.33136      1.62555
     -2.77827      3.03804      1.31678      1.72125
     -2.76827      1.06374      0.41681      0.64693
     -2.75827      0.79553      0.34467      0.45086
     -2.74827      0.85129      0.44110      0.41020
     -2.73827      1.55553      0.73082      0.82472
     -2.72827      1.61905      0.60169      1.01736
     -2.71827      1.73084      0.54085      1.18999
     -2.70827      1.64566      0.59125      1.05441
     -2.69827      1.36524      0.63768      0.72756
     -2.68827      1.51159      0.73194      0.77964
     -2.67827      1.34868      0.59627      0.75242
     -2.66827      0.88249      0.32172      0.56077
     -2.65827      0.18113      0.06258      0.11855
     -2.64827      0.23907      0.13604      0.10302
     -2.63827      1.11624      0.60307      0.51317
     -2.62827      1.51533      0.77209      0.74324
     -2.61827      1.67637      0.81909      0.85728
     -2.60827      1.31888      0.65493      0.66394
     -2.59827      0.23639      0.12121      0.11518
     -2.58827      0.00663      0.00347      0.00316
     -2.57827      0.00125      0.00083      0.00042
     -2.56827      0.06035      0.04020      0.02014
     -2.55827      0.42671      0.28335      0.14336
     -2.54827      0.81469      0.49241      0.32228
     -2.53827      2.17863      1.04884      1.12978
     -2.52827      2.21329      0.96312      1.25017
     -2.51827      0.47218      0.20744      0.26474
     -2.50827      0.47056      0.30292      0.16764
     -2.49827      0.91674      0.57002      0.34672
     -2.48827      1.57315      0.84219      0.73096
     -2.47827      2.53007      1.14853      1.38153
     -2.46827      2.21959      1.00624      1.21335
     -2.45827      0.54905      0.25097      0.29808
     -2.44827      0.54847      0.28597      0.26249
     -2.43827      0.96604      0.51066      0.45538
     -2.42827      0.76743      0.46199      0.30544
     -2.41827      1.16616      0.67065      0.49551
     -2.40827      1.49008      0.53966      0.95041
     -2.39827      1.55620      0.52222      1.03398
     -2.38827      0.75585      0.29767      0.45817
     -2.37827      0.35196      0.16522      0.18675
     -2.36827      0.93363      0.48762      0.44601
     -2.35827      0.81858      0.46329      0.35530
     -2.34827      0.97716      0.51769      0.45947
     -2.33827      1.74830      0.74983      0.99847
     -2.32827      1.76226      0.88846      0.87380
     -2.31827      1.25386      0.69370      0.56017
     -2.30827      0.43407      0.20804      0.22602
     -2.29827      0.51045      0.23161      0.27884
     -2.28827      1.50502      0.69550      0.80952
     -2.27827      1.14479      0.53693      0.60785
     -2.26827      0.76472      0.32531      0.43941
     -2.25827      0.67336      0.26779      0.40557
     -2.24827      1.00683      0.46841      0.53842
     -2.23827      1.17698      0.55873      0.61825
     -2.22827      1.42882      0.66062      0.76821
     -2.21827      1.91529      0.91990      0.99538
     -2.20827      2.11478      0.95666      1.15812
     -2.19827      2.03965      0.92122      1.11843
     -2.18827      2.33074      0.95984      1.37090
     -2.17827      2.64432      0.93384      1.71048
     -2.16827      2.76832      0.98843      1.77989
     -2.15827      2.02946      0.85163      1.17783
     -2.14827      1.54799      0.75430      0.79369
     -2.13827      1.87094      0.77441      1.09653
     -2.12827      2.64349      0.97299      1.67050
     -2.11827      2.53462      0.78088      1.75375
     -2.10827      2.39075      0.72815      1.66260
     -2.09827      2.53851      0.80834      1.73016
     -2.08827      1.90334      0.71722      1.18612
     -2.07827      2.33530      0.87291      1.46238
     -2.06827      2.51502      0.81237      1.70265
     -2.05827      1.89563      0.77798      1.11765
     -2.04827      2.42441      0.79445      1.62996
     -2.03827      3.34964      0.83983      2.50981
     -2.02827      4.50758      1.17405      3.33353
     -2.01827      5.10336      1.38062      3.72274
     -2.00827      4.57142      1.36629      3.20513
     -1.99827      4.57280      1.21146      3.36135
     -1.98827      3.04336      0.81775      2.22561
     -1.97827      2.60577      0.89873      1.70704
     -1.96827      2.83101      1.10225      1.72876
     -1.95827      3.32886      1.10806      2.22080
     -1.94827      3.78767      1.10736      2.68031
     -1.93827      2.46077      0.80583      1.65493
     -1.92827      2.27692      0.76271      1.51421
     -1.91827      2.73473      0.96035      1.77438
     -1.90827      3.55588      0.95999      2.59589
     -1.89827      4.13749      1.15460      2.98288
     -1.88827      4.37256      1.36935      3.00321
     -1.87827      3.25199      0.92863      2.32336
     -1.86827      3.34881      1.10030      2.24851
     -1.85827      3.18718      1.36824      1.81895
     -1.84827      2.15998      0.96799      1.19200
     -1.83827      0.81486      0.37315      0.44171
     -1.82827      1.25040      0.52731      0.72309
     -1.81827      2.02381      0.54587      1.47794
     -1.80827      2.91082      0.69142      2.21940
     -1.79827      2.77220      0.74686      2.02535
     -1.78827      1.62306      0.47164      1.15143
     -1.77827      1.56946      0.46138      1.10808
     -1.76827      1.84467      0.63764      1.20702
     -1.75827      1.28593      0.45761      0.82832
     -1.74827      0.51752      0.18478      0.33274
     -1.73827      1.52045      0.50746      1.01299
     -1.72827      2.83835      0.93204      1.90632
     -1.71827      3.07173      1.01280      2.05892
     -1.70827      2.90960      0.93263      1.97697
     -1.69827      2.21994      0.57181      1.64813
     -1.68827      2.41884      0.56451      1.85433
     -1.67827      2.14911      0.53905      1.61005
     -1.66827      2.15076      0.64411      1.50665
     -1.65827      2.75552      0.68463      2.07089
     -1.64827      1.85046      0.41981      1.43065
     -1.63827      1.53817      0.50375      1.03442
     -1.62827      1.71495      0.53586      1.17909
     -1.61827      2.09242      0.74233      1.35009
     -1.60827      1.46927      0.64065      0.82862
     -1.59827      0.44459      0.22627      0.21832
     -1.58827      0.63107      0.23453      0.39654
     -1.57827      1.44341      0.52425      0.91916
     -1.56827      1.12349      0.32734      0.79615
     -1.55827      2.22852      0.50709      1.72143
     -1.54827      2.58264      0.53954      2.04310
     -1.53827      1.92410      0.48014      1.44395
     -1.52827      1.07248      0.41465      0.65783
     -1.51827      0.40955      0.17066      0.23889
     -1.50827      0.83538      0.34604      0.48934
     -1.49827      2.04608      0.73562      1.31047
     -1.48827      1.86637      0.52514      1.34123
     -1.47827      1.53662      0.32236      1.21426
     -1.46827      2.47847      0.57861      1.89986
     -1.45827      2.48855      0.57849      1.91007
     -1.44827      1.20310      0.28193      0.92118
     -1.43827      1.45913      0.33960      1.11953
     -1.42827      1.72937      0.27901      1.45036
     -1.41827      2.09667      0.36356      1.73311
     -1.40827      2.51450      0.65109      1.86341
     -1.39827      1.38502      0.40191      0.98311
     -1.38827      1.14254      0.29586      0.84668
     -1.37827      1.70511      0.42459      1.28052
     -1.36827      0.71370      0.19091      0.52279
     -1.35827      0.34360      0.11564      0.22796
     -1.34827      0.86683      0.30757      0.55925
     -1.33827      0.57789      0.20107      0.37682
     -1.32827      0.36729      0.07001      0.29728
     -1.31827      0.88916      0.21250      0.67665
     -1.30827      2.46721      0.62373      1.84349
     -1.29827      1.96827      0.38748      1.58079
     -1.28827      1.21484      0.14945      1.06539
     -1.27827      0.85874      0.09709      0.76165
     -1.26827      1.38959      0.23357      1.15602
     -1.25827      1.84830      0.43490      1.41340
     -1.24827      1.71060      0.37399      1.33661
     -1.23827      2.08317      0.46322      1.61995
     -1.22827      2.34079      0.59851      1.74228
     -1.21827      1.77981      0.39969      1.38012
     -1.20827      1.70898      0.33494      1.37405
     -1.19827      1.91836      0.26249      1.65587
     -1.18827      2.22935      0.31627      1.91308
     -1.17827      1.95589      0.31579      1.64009
     -1.16827      2.05859      0.37442      1.68417
     -1.15827      1.88160      0.34107      1.54053
     -1.14827      1.70350      0.36563      1.33787
     -1.13827      1.60804      0.32199      1.28605
     -1.12827      1.34469      0.21755      1.12714
     -1.11827      1.92979      0.31300      1.61679
     -1.10827      2.26091      0.35613      1.90477
     -1.09827      1.93136      0.41391      1.51745
     -1.08827      2.55502      0.81170      1.74333
     -1.07827      2.49179      0.93547      1.55632
     -1.06827      1.87441      0.84904      1.02537
     -1.05827      1.91118      0.64886      1.26232
     -1.04827      2.62065      0.74246      1.87819
     -1.03827      2.20388      0.66095      1.54293
     -1.02827      2.04104      0.62056      1.42048
     -1.01827      1.37865      0.62525      0.75340
     -1.00827      1.73767      0.94358      0.79409
     -0.99827      1.55831      0.93203      0.62628
     -0.98827      1.28265      0.88633      0.39632
     -0.97827      0.78674      0.55382      0.23293
     -0.96827      0.61409      0.39409      0.22000
     -0.95827      0.79291      0.37149      0.42142
     -0.94827      1.53420      0.90189      0.63231
     -0.93827      1.92232      1.34999      0.57233
     -0.92827      3.38927      2.35210      1.03717
     -0.91827      3.17969      2.09551      1.08418
     -0.90827      1.89371      1.25792      0.63579
     -0.89827      2.05783      1.41084      0.64699
     -0.88827      1.73738      1.21198      0.52540
     -0.87827      2.04072      1.42153      0.61919
     -0.86827      1.12374      0.75541      0.36834
     -0.85827      0.78395      0.53864      0.24530
     -0.84827      2.78337      1.90841      0.87496
     -0.83827      4.50595      3.03034      1.47561
     -0.82827      3.35855      2.21766      1.14089
     -0.81827      1.66819      1.14409      0.52410
     -0.80827      1.32608      0.95045      0.37563
     -0.79827      2.06666      1.47267      0.59399
     -0.78827      1.52587      1.08544      0.44043
     -0.77827      0.85366      0.55103      0.30264
     -0.76827      1.92790      1.17610      0.75179
     -0.75827      2.61873      1.65618      0.96255
     -0.74827      2.65435      1.73089      0.92346
     -0.73827      2.79744      1.83747      0.95997
     -0.72827      1.83474      1.19340      0.64134
     -0.71827      1.70197      1.12281      0.57916
     -0.70827      1.67598      1.13247      0.54351
     -0.69827      1.35258      0.94726      0.40532
     -0.68827      1.83596      1.26226      0.57370
     -0.67827      3.03494      1.96854      1.06639
     -0.66827      2.66967      1.72622      0.94346
     -0.65827      2.15694      1.42944      0.72750
     -0.64827      0.88650      0.56684      0.31966
     -0.63827      0.73964      0.41303      0.32661
     -0.62827      0.64983      0.39789      0.25194
     -0.61827      0.83645      0.57131      0.26514
     -0.60827      1.99284      1.32222      0.67062
     -0.59827      2.29220      1.53365      0.75856
     -0.58827      2.09743      1.42172      0.67570
     -0.57827      2.08564      1.36359      0.72205
     -0.56827      2.09592      1.33666      0.75926
     -0.55827      0.89504      0.56873      0.32631
     -0.54827      0.53538      0.34446      0.19092
     -0.53827      1.37083      0.89195      0.47888
     -0.52827      1.83482      1.24573      0.58908
     -0.51827      2.75737      1.97910      0.77827
     -0.50827      2.26422      1.58090      0.68332
     -0.49827      1.68239      1.12684      0.55555
     -0.48827      1.35107      0.90247      0.44860
     -0.47827      1.79743      1.19113      0.60629
     -0.46827      1.54066      0.99142      0.54924
     -0.45827      0.67460      0.42186      0.25274
     -0.44827      0.09952      0.06484      0.03467
     -0.43827      0.63414      0.44210      0.19204
     -0.42827      1.87373      1.27399      0.59974
     -0.41827      1.79931      1.23215      0.56715
     -0.40827      2.21912      1.61662      0.60250
     -0.39827      2.32284      1.67911      0.64373
     -0.38827      1.46333      1.02045      0.44288
     -0.37827      1.13179      0.77178      0.36001
     -0.36827      0.74339      0.49686      0.24653
     -0.35827      0.92910      0.64174      0.28736
     -0.34827      1.46792      0.99454      0.47338
     -0.33827      1.23168      0.79907      0.43260
     -0.32827      1.37911      0.93319      0.44591
     -0.31827      1.41531      1.05110      0.36421
     -0.30827      1.28151      0.96311      0.31840
     -0.29827      1.49588      1.04498      0.45089
     -0.28827      1.14189      0.75961      0.38228
     -0.27827      0.70358      0.47782      0.22577
     -0.26827      1.93415      1.33066      0.60348
     -0.25827      1.59334      1.04618      0.54716
     -0.24827      0.69622      0.42837      0.26786
     -0.23827      0.90951      0.55869      0.35082
     -0.22827      0.87874      0.60671      0.27202
     -0.21827      0.71341      0.55054      0.16287
     -0.20827      0.55523      0.44062      0.11461
     -0.19827      0.67888      0.53486      0.14402
     -0.18827      0.46724      0.36890      0.09834
     -0.17827      0.58080      0.46254      0.11826
     -0.16827      0.57495      0.46444      0.11051
     -0.15827      0.33226      0.26850      0.06376
     -0.14827      0.36713      0.28835      0.07879
     -0.13827      0.42110      0.32994      0.09116
     -0.12827      0.07015      0.05496      0.01519
     -0.11827      0.00160      0.00125      0.00035
     -0.10827      0.00230      0.00185      0.00046
     -0.09827      0.06381      0.05118      0.01263
     -0.08827      0.24277      0.19471      0.04807
     -0.07827      0.19438      0.15569      0.03868
     -0.06827      0.25187      0.20132      0.05055
     -0.05827      0.11103      0.08874      0.02229
     -0.04827      0.01307      0.01050      0.00258
     -0.03827      0.15008      0.12105      0.02903
     -0.02827      0.48851      0.39403      0.09448
     -0.01827      0.21530      0.17366      0.04164
     -0.00827      0.01284      0.01036      0.00248
      0.00173      0.00010      0.00008      0.00002
      0.01173      0.00000      0.00000      0.00000
      0.02173      0.00000      0.00000      0.00000
      0.03173      0.00000      0.00000      0.00000
      0.04173      0.00000      0.00000      0.00000
      0.05173      0.00000      0.00000      0.00000
      0.06173      0.00000      0.00000      0.00000
      0.07173      0.00000      0.00000      0.00000
      0.08173      0.00000      0.00000      0.00000
      0.09173      0.00000      0.00000      0.00000
      0.10173      0.00000      0.00000      0.00000
      0.11173      0.00000      0.00000      0.00000
      0.12173      0.00000      0.00000      0.00000
      0.13173      0.00000      0.00000      0.00000
      0.14173      0.00000      0.00000      0.00000
      0.15173      0.00000      0.00000      0.00000
      0.16173      0.00000      0.00000      0.00000
      0.17173      0.00000      0.00000      0.00000
      0.18173      0.00000      0.00000      0.00000
      0.19173      0.00000      0.00000      0.00000
      0.20173      0.00000      0.00000      0.00000
      0.21173      0.00000      0.00000      0.00000
      0.22173      0.00000      0.00000      0.00000
      0.23173      0.00000      0.00000      0.00000
      0.24173      0.00000      0.00000      0.00000
      0.25173      0.00000      0.00000      0.00000
      0.26173      0.00000      0.00000      0.00000
      0.27173      0.00000      0.00000      0.00000
      0.28173      0.00000      0.00000      0.00000
      0.29173      0.00000      0.00000      0.00000
      0.30173      0.00000      0.00000      0.00000
      0.31173      0.00000      0.00000      0.00000
      0.32173      0.00000      0.00000      0.00000
      0.33173      0.00000      0.00000      0.00000
      0.34173      0.00000      0.00000      0.00000
      0.35173      0.00000      0.00000      0.00000
      0.36173      0.00000      0.00000      0.00000
      0.37173      0.00000      0.00000      0.00000
      0.38173      0.00000      0.00000      0.00000
      0.39173      0.00000      0.00000      0.00000
      0.40173      0.00000      0.00000      0.00000
      0.41173      0.00000      0.00000      0.00000
      0.42173      0.00000      0.00000      0.00000
      0.43173      0.00000      0.00000      0.00000
      0.44173      0.00000      0.00000      0.00000
      0.45173      0.00000      0.00000      0.00000
      0.46173      0.00000      0.00000      0.00000
      0.47173      0.00000      0.00000      0.00000
      0.48173      0.00000      0.00000      0.00000
      0.49173      0.00000      0.00000      0.00000
      0.50173      0.00000      0.00000      0.00000
      0.51173      0.00000      0.00000      0.00000
      0.52173      0.00000      0.00000      0.00000
      0.53173      0.00000      0.00000      0.00000
      0.54173      0.00000      0.00000      0.00000
      0.55173      0.00000      0.00000      0.00000
      0.56173      0.00000      0.00000      0.00000
      0.57173      0.00000      0.00000      0.00000
      0.58173      0.00000      0.00000      0.00000
      0.59173      0.00000      0.00000      0.00000
      0.60173      0.00000      0.00000      0.00000
      0.61173      0.00000      0.00000      0.00000
      0.62173      0.00000      0.00000      0.00000
      0.63173      0.00000      0.00000      0.00000
      0.64173      0.00000      0.00000      0.00000
      0.65173      0.00000      0.00000      0.00000
      0.66173      0.00000      0.00000      0.00000
      0.67173      0.00000      0.00000      0.00000
      0.68173      0.00000      0.00000      0.00000
      0.69173      0.00000      0.00000      0.00000
      0.70173      0.00000      0.00000      0.00000
      0.71173      0.00000      0.00000      0.00000
      0.72173      0.00000      0.00000      0.00000
      0.73173      0.00000      0.00000      0.00000
      0.74173      0.00000      0.00000      0.00000
      0.75173      0.00000      0.00000      0.00000
      0.76173      0.00000      0.00000      0.00000
      0.77173      0.00000      0.00000      0.00000
      0.78173      0.00000      0.00000      0.00000
      0.79173      0.00000      0.00000      0.00000
      0.80173      0.00000      0.00000      0.00000
      0.81173      0.00000      0.00000      0.00000
      0.82173      0.00000      0.00000      0.00000
      0.83173      0.00000      0.00000      0.00000
      0.84173      0.00000      0.00000      0.00000
      0.85173      0.00000      0.00000      0.00000
      0.86173      0.00000      0.00000      0.00000
      0.87173      0.00000      0.00000      0.00000
      0.88173      0.00000      0.00000      0.00000
      0.89173      0.00000      0.00000      0.00000
      0.90173      0.00000      0.00000      0.00000
      0.91173      0.00000      0.00000      0.00000
      0.92173      0.00000      0.00000      0.00000
      0.93173      0.00000      0.00000      0.00000
      0.94173      0.00000      0.00000      0.00000
      0.95173      0.00000      0.00000      0.00000
      0.96173      0.00000      0.00000      0.00000
      0.97173      0.00000      0.00000      0.00000
      0.98173      0.00000      0.00000      0.00000
      0.99173      0.00000      0.00000      0.00000
      1.00173      0.00000      0.00000      0.00000
      1.01173      0.00000      0.00000      0.00000
      1.02173      0.00000      0.00000      0.00000
      1.03173      0.00000      0.00000      0.00000
      1.04173      0.00000      0.00000      0.00000
      1.05173      0.00000      0.00000      0.00000
      1.06173      0.00000      0.00000      0.00000
      1.07173      0.00000      0.00000      0.00000
      1.08173      0.00000      0.00000      0.00000
      1.09173      0.00000      0.00000      0.00000
      1.10173      0.00000      0.00000      0.00000
      1.11173      0.00000      0.00000      0.00000
      1.12173      0.00000      0.00000      0.00000
      1.13173      0.00000      0.00000      0.00000
      1.14173      0.00000      0.00000      0.00000
      1.15173      0.00000      0.00000      0.00000
      1.16173      0.00000      0.00000      0.00000
      1.17173      0.00000      0.00000      0.00000
      1.18173      0.00000      0.00000      0.00000
      1.19173      0.00000      0.00000      0.00000
      1.20173      0.00000      0.00000      0.00000
      1.21173      0.00000      0.00000      0.00000
      1.22173      0.00000      0.00000      0.00000
      1.23173      0.00000      0.00000      0.00000
      1.24173      0.00000      0.00000      0.00000
      1.25173      0.00000      0.00000      0.00000
      1.26173      0.00000      0.00000      0.00000
      1.27173      0.00000      0.00000      0.00000
      1.28173      0.00000      0.00000      0.00000
      1.29173      0.00000      0.00000      0.00000
      1.30173      0.00000      0.00000      0.00000
      1.31173      0.00000      0.00000      0.00000
      1.32173      0.00000      0.00000      0.00000
      1.33173      0.00000      0.00000      0.00000
      1.34173      0.00000      0.00000      0.00000
      1.35173      0.00000      0.00000      0.00000
      1.36173      0.00000      0.00000      0.00000
      1.37173      0.00000      0.00000      0.00000
      1.38173      0.00000      0.00000      0.00000
      1.39173      0.00000      0.00000      0.00000
      1.40173      0.00000      0.00000      0.00000
      1.41173      0.00000      0.00000      0.00000
      1.42173      0.00000      0.00000      0.00000
      1.43173      0.00000      0.00000      0.00000
      1.44173      0.00000      0.00000      0.00000
      1.45173      0.00000      0.00000      0.00000
      1.46173      0.00000      0.00000      0.00000
      1.47173      0.00000      0.00000      0.00000
      1.48173      0.00000      0.00000      0.00000
      1.49173      0.00000      0.00000      0.00000
      1.50173      0.00000      0.00000      0.00000
      1.51173      0.00000      0.00000      0.00000
      1.52173      0.00000      0.00000      0.00000
      1.53173      0.00000      0.00000      0.00000
      1.54173      0.00000      0.00000      0.00000
      1.55173      0.00000      0.00000      0.00000
      1.56173      0.00000      0.00000      0.00000
      1.57173      0.00000      0.00000      0.00000
      1.58173      0.00000      0.00000      0.00000
      1.59173      0.00000      0.00000      0.00000
      1.60173      0.00000      0.00000      0.00000
      1.61173      0.00000      0.00000      0.00000
      1.62173      0.00000      0.00000      0.00000
      1.63173      0.00000      0.00000      0.00000
      1.64173      0.00000      0.00000      0.00000
      1.65173      0.00000      0.00000      0.00000
      1.66173      0.00000      0.00000      0.00000
      1.67173      0.00000      0.00000      0.00000
      1.68173      0.00000      0.00000      0.00000
      1.69173      0.00000      0.00000      0.00000
      1.70173      0.00000      0.00000      0.00000
      1.71173      0.00000      0.00000      0.00000
      1.72173      0.00003      0.00001      0.00001
      1.73173      0.00543      0.00276      0.00267
      1.74173      0.15360      0.07783      0.07577
      1.75173      0.72387      0.36317      0.36070
      1.76173      0.72712      0.36255      0.36457
      1.77173      0.50974      0.31264      0.19711
      1.78173      1.51843      0.92083      0.59760
      1.79173      1.45606      0.90354      0.55252
      1.80173      0.73107      0.48164      0.24943
      1.81173      1.19252      0.58768      0.60484
      1.82173      1.58050      0.76955      0.81095
      1.83173      1.19892      0.68388      0.51504
      1.84173      2.36835      1.43079      0.93756
      1.85173      2.11366      1.22827      0.88540
      1.86173      1.01730      0.53686      0.48044
      1.87173      1.51898      0.75517      0.76382
      1.88173      1.57099      0.78091      0.79008
      1.89173      1.14988      0.56311      0.58677
      1.90173      1.62716      0.83710      0.79005
      1.91173      1.38929      0.70799      0.68131
      1.92173      1.85831      1.05804      0.80027
      1.93173      3.18062      1.96882      1.21180
      1.94173      3.79946      2.23774      1.56172
      1.95173      2.70531      1.41568      1.28963
      1.96173      1.80715      0.91955      0.88759
      1.97173      2.75055      1.58992      1.16063
      1.98173      2.78815      1.59391      1.19424
      1.99173      1.94183      1.02630      0.91553
      2.00173      2.33733      1.22175      1.11558
      2.01173      2.10139      1.12313      0.97826
      2.02173      2.61040      1.39899      1.21141
      2.03173      3.38758      1.83918      1.54841
      2.04173      3.37243      1.99495      1.37748
      2.05173      2.52045      1.56393      0.95652
      2.06173      2.24465      1.28545      0.95920
      2.07173      2.18919      1.20317      0.98603
      2.08173      1.71624      0.98850      0.72775
      2.09173      2.34618      1.44917      0.89701
      2.10173      3.40269      2.07383      1.32886
      2.11173      3.97959      2.38460      1.59499
      2.12173      4.64749      2.90433      1.74316
      2.13173      3.68068      2.22441      1.45627
      2.14173      3.35997      1.97562      1.38435
      2.15173      2.79881      1.70737      1.09144
      2.16173      3.03919      1.96276      1.07644
      2.17173      2.62739      1.83670      0.79069
      2.18173      2.03379      1.45883      0.57496
      2.19173      1.52986      1.12017      0.40969
      2.20173      2.16809      1.58858      0.57951
      2.21173      2.85137      2.01637      0.83500
      2.22173      3.76491      2.53159      1.23332
      2.23173      3.38169      2.34255      1.03914
      2.24173      1.76661      1.28816      0.47845
      2.25173      1.66855      1.34674      0.32181
      2.26173      3.10152      2.49366      0.60786
      2.27173      3.71241      2.81159      0.90082
      2.28173      3.72072      2.72838      0.99234
      2.29173      3.93277      2.98158      0.95119
      2.30173      3.66348      2.80304      0.86045
      2.31173      2.82881      1.97060      0.85821
      2.32173      2.26324      1.50510      0.75814
      2.33173      2.22004      1.53080      0.68923
      2.34173      1.72521      1.10561      0.61960
      2.35173      1.43373      0.85298      0.58075
      2.36173      1.50348      0.78405      0.71943
      2.37173      3.06510      1.64726      1.41783
      2.38173      3.68998      2.03519      1.65479
      2.39173      4.43539      2.53194      1.90345
      2.40173      3.98159      2.27248      1.70911
      2.41173      3.35082      1.79876      1.55206
      2.42173      4.31779      2.36928      1.94851
      2.43173      3.38527      1.97657      1.40870
      2.44173      2.28016      1.34392      0.93625
      2.45173      1.36288      0.81448      0.54839
      2.46173      1.77608      1.10272      0.67337
      2.47173      3.18509      1.94159      1.24350
      2.48173      3.81540      2.31231      1.50309
      2.49173      4.30498      2.52976      1.77522
      2.50173      4.07630      2.43773      1.63857
      2.51173      3.40321      2.01433      1.38888
      2.52173      3.92657      2.32464      1.60194
      2.53173      4.07196      2.55243      1.51953
      2.54173      3.89084      2.44179      1.44905
      2.55173      3.43471      1.97384      1.46087
      2.56173      3.71748      2.08042      1.63706
      2.57173      2.88614      1.81661      1.06953
      2.58173      2.48805      1.53535      0.95270
      2.59173      3.31630      2.07364      1.24266
      2.60173      3.38140      2.15959      1.22181
      2.61173      4.18948      2.57618      1.61329
      2.62173      3.95148      2.51729      1.43420
      2.63173      2.82963      1.82787      1.00176
      2.64173      2.67577      1.71666      0.95911
      2.65173      2.82872      1.73092      1.09779
      2.66173      3.07077      1.95652      1.11425
      2.67173      3.90725      2.55351      1.35375
      2.68173      2.55590      1.60013      0.95576
      2.69173      1.24661      0.85440      0.39221
      2.70173      2.12693      1.37007      0.75686
      2.71173      3.42289      1.85052      1.57236
      2.72173      3.97515      2.22268      1.75248
      2.73173      5.34207      3.36793      1.97414
      2.74173      3.58768      2.42621      1.16147
      2.75173      2.17981      1.65927      0.52054
      2.76173      2.16723      1.66240      0.50483
      2.77173      1.83653      1.34168      0.49485
      2.78173      2.20109      1.53221      0.66888
      2.79173      3.26249      2.21394      1.04855
      2.80173      2.67730      1.81273      0.86456
      2.81173      1.32463      0.78215      0.54249
      2.82173      1.75551      1.01801      0.73750
      2.83173      2.53778      1.42652      1.11126
      2.84173      2.02004      1.08964      0.93039
      2.85173      1.71308      0.78472      0.92837
      2.86173      2.73146      1.33066      1.40081
      2.87173      4.79201      2.63832      2.15369
      2.88173      4.42563      2.58360      1.84203
      2.89173      2.52459      1.41702      1.10757
      2.90173      1.81825      1.15528      0.66297
      2.91173      2.63762      1.62085      1.01677
      2.92173      3.84999      2.05109      1.79890
      2.93173      6.95531      3.54889      3.40642
      2.94173      5.21535      2.52165      2.69370
      2.95173      2.34020      1.04827      1.29192
      2.96173      1.80005      0.86565      0.93440
      2.97173      3.11505      1.58116      1.53389
      2.98173      2.01165      0.97126      1.04039
      2.99173      1.05927      0.55251      0.50676
      3.00173      1.49843      0.93182      0.56661
      3.01173      1.78603      1.09024      0.69578
      3.02173      2.15494      1.18066      0.97427
      3.03173      3.22135      1.79176      1.42959
      3.04173      1.54301      0.85260      0.69041
      3.05173      1.20845      0.59623      0.61222
      3.06173      1.80196      0.96276      0.83920
      3.07173      1.69807      0.93124      0.76683
      3.08173      2.66025      1.59139      1.06886
      3.09173      1.84741      1.17856      0.66884
      3.10173      0.35493      0.22120      0.13373
      3.11173      0.48240      0.26155      0.22086
      3.12173      1.26212      0.66483      0.59729
      3.13173      1.95313      0.96477      0.98836
      3.14173      2.07793      0.99492      1.08300
      3.15173      2.02334      1.05248      0.97086
      3.16173      1.70647      0.86805      0.83842
      3.17173      1.56817      0.74843      0.81974
      3.18173      2.19583      1.03369      1.16215
      3.19173      1.90523      0.99978      0.90544
      3.20173      2.46336      1.39166      1.07169
      3.21173      1.96586      1.03970      0.92616
      3.22173      1.84063      0.98445      0.85619
      3.23173      1.67267      0.97559      0.69709
      3.24173      1.49844      0.92275      0.57569
      3.25173      1.44660      0.87903      0.56758
      3.26173      1.12716      0.68341      0.44375
      3.27173      0.82043      0.44193      0.37850
      3.28173      1.02755      0.47906      0.54849
      3.29173      1.08483      0.48699      0.59784
      3.30173      1.51236      0.69229      0.82007
      3.31173      1.39908      0.73170      0.66738
      3.32173      0.91482      0.47864      0.43618
      3.33173      0.72344      0.35656      0.36688
      3.34173      0.78553      0.41827      0.36727
      3.35173      1.46676      0.82581      0.64095
      3.36173      1.36908      0.80208      0.56700
      3.37173      0.50893      0.29290      0.21604
      3.38173      0.47273      0.28677      0.18595
      3.39173      1.84894      1.05420      0.79474
      3.40173      2.21872      1.19097      1.02775
      3.41173      0.93432      0.45685      0.47746
      3.42173      0.97610      0.42643      0.54967
      3.43173      0.96163      0.50320      0.45844
      3.44173      0.64821      0.36552      0.28269
      3.45173      0.69032      0.30809      0.38224
      3.46173      1.59594      0.73127      0.86467
      3.47173      2.65354      1.22313      1.43042
      3.48173      1.43018      0.65457      0.77561
      3.49173      1.30664      0.63537      0.67127
      3.50173      1.72434      0.88924      0.83510
      3.51173      2.05387      1.03821      1.01566
      3.52173      1.65888      0.84092      0.81797
      3.53173      1.39195      0.70695      0.68500
      3.54173      1.06600      0.53618      0.52982
      3.55173      0.67815      0.35549      0.32267
      3.56173      0.36656      0.19450      0.17206
      3.57173      0.94149      0.50079      0.44070
      3.58173      0.68665      0.35177      0.33488
      3.59173      0.53296      0.23146      0.30151
      3.60173      0.43335      0.19665      0.23669
      3.61173      1.13565      0.54004      0.59561
      3.62173      1.10877      0.51139      0.59738
      3.63173      0.49015      0.23906      0.25109
      3.64173      0.76281      0.39751      0.36530
      3.65173      0.57270      0.30307      0.26963
      3.66173      0.17649      0.09174      0.08475
      3.67173      0.56390      0.28175      0.28215
      3.68173      1.36263      0.66767      0.69496
      3.69173      1.25989      0.60871      0.65118
      3.70173      0.51194      0.24786      0.26408
      3.71173      1.30023      0.61291      0.68732
      3.72173      1.81927      0.81585      1.00342
      3.73173      1.43819      0.66706      0.77114
      3.74173      1.31170      0.62906      0.68265
      3.75173      1.55922      0.73870      0.82052
      3.76173      1.45154      0.68800      0.76354
      3.77173      2.01521      0.95441      1.06080
      3.78173      1.83538      0.90973      0.92565
      3.79173      1.53987      0.79591      0.74396
      3.80173      1.08010      0.57010      0.51000
      3.81173      0.64674      0.34869      0.29805
      3.82173      0.58237      0.31374      0.26863
      3.83173      0.63425      0.32617      0.30808
      3.84173      0.74434      0.33468      0.40966
      3.85173      1.07575      0.49365      0.58210
      3.86173      1.51044      0.73961      0.77083
      3.87173      0.85030      0.40910      0.44120
      3.88173      0.56406      0.26629      0.29777
      3.89173      0.97827      0.46616      0.51211
      3.90173      0.68696      0.33311      0.35385
      3.91173      0.18732      0.08974      0.09758
      3.92173      0.25221      0.11312      0.13909
      3.93173      0.25486      0.11231      0.14255
      3.94173      0.85823      0.37462      0.48361
      3.95173      0.80063      0.35003      0.45059
      3.96173      0.87677      0.38516      0.49161
      3.97173      1.29215      0.56798      0.72417
      3.98173      1.19746      0.52669      0.67077
      3.99173      0.79082      0.35234      0.43849
      4.00173      0.94662      0.42531      0.52131
      4.01173      1.15333      0.52367      0.62966
      4.02173      1.46756      0.66457      0.80299
      4.03173      1.42886      0.63645      0.79241
      4.04173      1.08709      0.48490      0.60219
      4.05173      1.10401      0.49426      0.60975
      4.06173      0.65943      0.29593      0.36350
      4.07173      0.28931      0.13115      0.15816
      4.08173      0.92387      0.42161      0.50226
      4.09173      1.98841      0.89376      1.09466
      4.10173      2.05212      0.91265      1.13947
      4.11173      2.02143      0.91165      1.10978
      4.12173      1.97100      0.89658      1.07442
      4.13173      1.90728      0.86311      1.04417
      4.14173      2.29409      1.06938      1.22470
      4.15173      2.94478      1.35254      1.59224
      4.16173      2.91388      1.31531      1.59857
      4.17173      2.46750      1.12034      1.34716
      4.18173      2.31653      1.04255      1.27398
      4.19173      2.97855      1.33069      1.64786
      4.20173      4.71945      2.10395      2.61550
      4.21173      3.97171      1.78727      2.18444
      4.22173      2.51119      1.20976      1.30143
      4.23173      1.70019      0.82697      0.87322
      4.24173      1.74571      0.83241      0.91330
      4.25173      1.71085      0.81810      0.89275
      4.26173      1.66852      0.81726      0.85126
      4.27173      1.40702      0.71236      0.69466
      4.28173      1.15325      0.60102      0.55223
      4.29173      1.18202      0.60239      0.57963
      4.30173      1.51586      0.76322      0.75264
      4.31173      2.00908      0.99977      1.00931
      4.32173      1.91676      0.95303      0.96373
      4.33173      1.24776      0.62065      0.62711
      4.34173      0.46915      0.23091      0.23824
      4.35173      0.42355      0.21669      0.20687
      4.36173      1.07517      0.54758      0.52759
      4.37173      1.04009      0.53382      0.50627
      4.38173      0.98457      0.50892      0.47565
      4.39173      1.32064      0.66710      0.65354
      4.40173      0.79261      0.40328      0.38933
      4.41173      0.52801      0.28136      0.24664
      4.42173      1.24565      0.67371      0.57195
      4.43173      1.11106      0.59133      0.51973
      4.44173      0.68842      0.35618      0.33223
      4.45173      0.48194      0.24928      0.23265
      4.46173      0.50976      0.26780      0.24196
      4.47173      0.35835      0.18974      0.16862
      4.48173      0.78477      0.42495      0.35982
      4.49173      1.93801      1.05986      0.87815
      4.50173      1.95667      1.08062      0.87605
      4.51173      0.81357      0.44959      0.36399
      4.52173      0.71595      0.39182      0.32412
      4.53173      0.61490      0.33343      0.28147
      4.54173      0.51018      0.28482      0.22536
      4.55173      0.81150      0.46178      0.34972
      4.56173      1.02961      0.58904      0.44057
      4.57173      0.96070      0.54629      0.41440
      4.58173      0.58737      0.33174      0.25562
      4.59173      0.16473      0.09278      0.07196
      4.60173      0.22615      0.12691      0.09924
      4.61173      0.35490      0.20240      0.15250
      4.62173      0.93961      0.54173      0.39788
      4.63173      0.91241      0.52402      0.38839
      4.64173      0.49963      0.28610      0.21353
      4.65173      0.08546      0.04893      0.03653
      4.66173      0.02101      0.01222      0.00879
      4.67173      0.30991      0.18040      0.12951
      4.68173      0.90384      0.52503      0.37881
      4.69173      0.77170      0.45034      0.32136
      4.70173      0.58649      0.34643      0.24006
      4.71173      0.53456      0.31729      0.21727
      4.72173      0.39727      0.23629      0.16098
      4.73173      0.54292      0.32440      0.21852
      4.74173      0.82947      0.49406      0.33540
      4.75173      0.43760      0.26057      0.17702
      4.76173      0.49524      0.29702      0.19821
      4.77173      0.26722      0.16036      0.10686
      4.78173      0.14625      0.08800      0.05825
      4.79173      0.48150      0.28986      0.19164
      4.80173      0.34466      0.20808      0.13657
      4.81173      0.63380      0.38557      0.24823
      4.82173      0.67767      0.41292      0.26475
      4.83173      0.38823      0.23676      0.15147
      4.84173      0.50678      0.30798      0.19880
      4.85173      0.46560      0.28431      0.18129
      4.86173      0.51874      0.31990      0.19884
      4.87173      0.20541      0.12678      0.07863
      4.88173      0.01242      0.00766      0.00475
      4.89173      0.03854      0.02381      0.01473
      4.90173      0.28804      0.17802      0.11002
      4.91173      0.41571      0.25706      0.15865
      4.92173      0.12364      0.07649      0.04715
      4.93173      0.01687      0.01050      0.00638
      4.94173      0.19556      0.12205      0.07351
      4.95173      0.49177      0.30692      0.18484
      4.96173      0.16742      0.10449      0.06293
      4.97173      0.00771      0.00481      0.00290
      4.98173      0.00005      0.00003      0.00002
      4.99173      0.00000      0.00000      0.00000
      5.00173      0.00000      0.00000      0.00000
      5.01173      0.00000      0.00000      0.00000
      5.02173      0.00000      0.00000      0.00000
      5.03173      0.00000      0.00000      0.00000
      5.04173      0.00000      0.00000      0.00000
      5.05173      0.00000      0.00000      0.00000
      5.06173      0.00000      0.00000      0.00000
      5.07173      0.00000      0.00000      0.00000
      5.08173      0.00000      0.00000      0.00000
      5.09173      0.00000      0.00000      0.00000
      5.10173      0.00000      0.00000      0.00000
      5.11173      0.00000      0.00000      0.00000
      5.12173      0.00000      0.00000      0.00000
      5.13173      0.00000      0.00000      0.00000
      5.14173      0.00000      0.00000      0.00000
      5.15173      0.00000      0.00000      0.00000
      5.16173      0.00000      0.00000      0.00000
      5.17173      0.00000      0.00000      0.00000
      5.18173      0.00000      0.00000      0.00000
      5.19173      0.00000      0.00000      0.00000
      5.20173      0.00000      0.00000      0.00000
      5.21173      0.00000      0.00000      0.00000
      5.22173      0.00000      0.00000      0.00000
      5.23173      0.00000      0.00000      0.00000
      5.24173      0.00000      0.00000      0.00000
      5.25173      0.00000      0.00000      0.00000
      5.26173      0.00000      0.00000      0.00000
      5.27173      0.00000      0.00000      0.00000
      5.28173      0.00000      0.00000      0.00000
      5.29173      0.00000      0.00000      0.00000
      5.30173      0.00000      0.00000      0.00000
      5.31173      0.00000      0.00000      0.00000
      5.32173      0.00000      0.00000      0.00000
      5.33173      0.00000      0.00000      0.00000
      5.34173      0.00000      0.00000      0.00000
      5.35173      0.00000      0.00000      0.00000
      5.36173      0.00000      0.00000      0.00000
      5.37173      0.00000      0.00000      0.00000
      5.38173      0.00000      0.00000      0.00000
      5.39173      0.00000      0.00000      0.00000
      5.40173      0.00000      0.00000      0.00000
      5.41173      0.00000      0.00000      0.00000
      5.42173      0.00000      0.00000      0.00000
      5.43173      0.00000      0.00000      0.00000
      5.44173      0.00000      0.00000      0.00000
      5.45173      0.00000      0.00000      0.00000
      5.46173      0.00000      0.00000      0.00000
      5.47173      0.00000      0.00000      0.00000
      5.48173      0.00000      0.00000      0.00000
      5.49173      0.00000      0.00000      0.00000
      5.50173      0.00000      0.00000      0.00000
      5.51173      0.00000      0.00000      0.00000
      5.52173      0.00000      0.00000      0.00000
      5.53173      0.00000      0.00000      0.00000
      5.54173      0.00000      0.00000      0.00000
      5.55173      0.00000      0.00000      0.00000
      5.56173      0.00000      0.00000      0.00000
      5.57173      0.00000      0.00000      0.00000
      5.58173      0.00000      0.00000      0.00000
      5.59173      0.00000      0.00000      0.00000
      5.60173      0.00000      0.00000      0.00000
      5.61173      0.00000      0.00000      0.00000
      5.62173      0.00000      0.00000      0.00000
      5.63173      0.00000      0.00000      0.00000
      5.64173      0.00000      0.00000      0.00000
      5.65173      0.00000      0.00000      0.00000
      5.66173      0.00000      0.00000      0.00000
      5.67173      0.00000      0.00000      0.00000
      5.68173      0.00000      0.00000      0.00000
      5.69173      0.00000      0.00000      0.00000
      5.70173      0.00000      0.00000      0.00000
      5.71173      0.00000      0.00000      0.00000
      5.72173      0.00000      0.00000      0.00000
      5.73173      0.00000      0.00000      0.00000
      5.74173      0.00000      0.00000      0.00000
      5.75173      0.00000      0.00000      0.00000
      5.76173      0.00000      0.00000      0.00000
      5.77173      0.00000      0.00000      0.00000
      5.78173      0.00000      0.00000      0.00000
      5.79173      0.00000      0.00000      0.00000
      5.80173      0.00000      0.00000      0.00000
      5.81173      0.00000      0.00000      0.00000
      5.82173      0.00000      0.00000      0.00000
      5.83173      0.00000      0.00000      0.00000
      5.84173      0.00000      0.00000      0.00000
      5.85173      0.00000      0.00000      0.00000
      5.86173      0.00000      0.00000      0.00000
      5.87173      0.00000      0.00000      0.00000
      5.88173      0.00000      0.00000      0.00000
      5.89173      0.00000      0.00000      0.00000
      5.90173      0.00000      0.00000      0.00000
      5.91173      0.00000      0.00000      0.00000
      5.92173      0.00000      0.00000      0.00000
      5.93173      0.00000      0.00000      0.00000
      5.94173      0.00000      0.00000      0.00000
      5.95173      0.00000      0.00000      0.00000
      5.96173      0.00000      0.00000      0.00000
      5.97173      0.00000      0.00000      0.00000
      5.98173      0.00000      0.00000      0.00000
      5.99173      0.00000      0.00000      0.00000
      6.00173      0.00000      0.00000      0.00000
      6.01173      0.00000      0.00000      0.00000
      6.02173      0.00000      0.00000      0.00000
      6.03173      0.00000      0.00000      0.00000
      6.04173      0.00000      0.00000      0.00000
      6.05173      0.00000      0.00000      0.00000
      6.06173      0.00000      0.00000      0.00000
      6.07173      0.00000      0.00000      0.00000
      6.08173      0.00000      0.00000      0.00000
      6.09173      0.00000      0.00000      0.00000
      6.10173      0.00000      0.00000      0.00000
      6.11173      0.00001      0.00000      0.00000
      6.12173      0.00180      0.00106      0.00075
      6.13173      0.08661      0.05080      0.03580
      6.14173      0.64918      0.38077      0.26842
      6.15173      0.84090      0.49309      0.34780
      6.16173      0.39642      0.23198      0.16444
      6.17173      0.51999      0.30400      0.21599
      6.18173      0.57391      0.33657      0.23733
      6.19173      0.37673      0.22126      0.15547
      6.20173      0.04547      0.02671      0.01876
      6.21173      0.00082      0.00048      0.00034
      6.22173      0.00816      0.00476      0.00340
      6.23173      0.17205      0.10030      0.07176
      6.24173      0.50431      0.29397      0.21034
      6.25173      0.40235      0.23447      0.16787
      6.26173      0.52927      0.30852      0.22076
      6.27173      0.49454      0.28979      0.20475
      6.28173      0.73239      0.43014      0.30224
      6.29173      0.54289      0.31876      0.22413
      6.30173      0.10294      0.06044      0.04251
      6.31173      0.00302      0.00177      0.00125
      6.32173      0.00001      0.00001      0.00001
      6.33173      0.00000      0.00000      0.00000
      6.34173      0.00000      0.00000      0.00000
      6.35173      0.00084      0.00049      0.00035
      6.36173      0.06184      0.03607      0.02579
      6.37173      0.66512      0.39188      0.27537
      6.38173      1.46236      0.95874      0.55758
      6.39173      1.55876      1.30688      0.45557
      6.40173      0.61553      0.58521      0.14665
      6.41173      0.38818      0.24523      0.15293
      6.42173      0.57384      0.33452      0.23945
      6.43173      0.92219      0.53913      0.38306
      6.44173      1.17377      0.68596      0.48780
      6.45173      0.40715      0.23774      0.16941
      6.46173      0.02684      0.01566      0.01118
      6.47173      0.00040      0.00034      0.00012
      6.48173      0.01310      0.01879      0.00000
      6.49173      0.20101      0.28823      0.00002
      6.50173      0.48050      0.68321      0.00270
      6.51173      0.30002      0.32368      0.05198
      6.52173      0.60228      0.36086      0.24569
      6.53173      1.25662      0.73588      0.52078
      6.54173      1.12402      0.65728      0.46674
      6.55173      0.36366      0.21225      0.15141
      6.56173      0.09899      0.05770      0.04130
      6.57173      0.42723      0.24896      0.17827
      6.58173      0.33434      0.19483      0.13951
      6.59173      0.03553      0.02071      0.01483
      6.60173      0.00915      0.00535      0.00381
      6.61173      0.17690      0.10338      0.07352
      6.62173      0.49478      0.28914      0.20564
      6.63173      0.31586      0.18462      0.13124
      6.64173      0.82564      0.48273      0.34291
      6.65173      0.70999      0.41514      0.29484
      6.66173      0.10613      0.06210      0.04404
      6.67173      0.37305      0.22005      0.15357
      6.68173      1.03836      0.66559      0.40065
      6.69173      0.88498      0.94858      0.15050
      6.70173      0.84278      1.17276      0.00802
      6.71173      0.31166      0.43918      0.00006
      6.72173      0.02175      0.03065      0.00000
      6.73173      0.00026      0.00034      0.00001
      6.74173      0.00769      0.00448      0.00320
      6.75173      0.23251      0.13558      0.09693
      6.76173      1.03722      0.60577      0.43189
      6.77173      1.11224      0.68371      0.44569
      6.78173      1.06661      0.82759      0.34010
      6.79173      0.99307      0.87468      0.25972
      6.80173      0.89936      0.68763      0.28617
      6.81173      0.61565      0.37846      0.24538
      6.82173      0.31245      0.18416      0.12842
      6.83173      0.61357      0.36309      0.25048
      6.84173      0.69687      0.41139      0.28548
      6.85173      0.67029      0.39218      0.27811
      6.86173      1.25848      0.73246      0.52603
      6.87173      1.19101      0.69282      0.49820
      6.88173      0.57225      0.33256      0.23969
      6.89173      0.07404      0.04310      0.03095
      6.90173      0.14089      0.08402      0.05687
      6.91173      0.47916      0.28577      0.19339
      6.92173      0.23246      0.13862      0.09385
      6.93173      0.01756      0.01100      0.00673
      6.94173      0.11172      0.10223      0.02110
      6.95173      1.10959      1.03205      0.20149
      6.96173      1.87898      1.81011      0.31897
      6.97173      1.27281      1.00553      0.36724
      6.98173      0.75459      0.46032      0.30107
      6.99173      0.17033      0.10062      0.06978
      7.00173      0.44433      0.26376      0.18058
      7.01173      0.70435      0.41434      0.29001
      7.02173      0.46284      0.26970      0.19314
      7.03173      0.10352      0.06059      0.04293
      7.04173      0.32455      0.19273      0.13182
      7.05173      0.54408      0.32533      0.21875
      7.06173      0.34980      0.21358      0.13622
      7.07173      0.25689      0.15707      0.09981
      7.08173      0.30674      0.18399      0.12275
      7.09173      0.86893      0.50418      0.36475
      7.10173      1.30354      0.75559      0.54795
      7.11173      0.36792      0.21327      0.15465
      7.12173      0.14994      0.08674      0.06321
      7.13173      0.48293      0.27936      0.20358
      7.14173      0.31255      0.18270      0.12985
      7.15173      0.52162      0.31053      0.21110
      7.16173      0.98193      0.58677      0.39706
      7.17173      1.13246      0.79473      0.38736
      7.18173      1.30453      1.18705      0.30259
      7.19173      1.03314      1.02579      0.19995
      7.20173      0.91135      0.91121      0.17782
      7.21173      1.29365      0.84597      0.48523
      7.22173      1.39763      0.84606      0.55390
      7.23173      0.97985      0.67571      0.34402
      7.24173      0.97731      0.99535      0.18184
      7.25173      1.50863      1.42933      0.33988
      7.26173      1.42914      1.10692      0.45451
      7.27173      0.41456      0.26730      0.16069
      7.28173      0.03953      0.02325      0.01647
      7.29173      0.25677      0.14901      0.10776
      7.30173      0.47367      0.27488      0.19879
      7.31173      0.11954      0.06937      0.05017
      7.32173      0.01936      0.01122      0.00814
      7.33173      0.23370      0.13601      0.09802
      7.34173      0.52772      0.33507      0.20634
      7.35173      0.60002      0.51571      0.16271
      7.36173      1.56009      1.06538      0.57238
      7.37173      1.60882      1.12002      0.57777
      7.38173      0.69489      0.51510      0.23228
      7.39173      0.47565      0.28087      0.19928
      7.40173      0.35263      0.20061      0.15207
      7.41173      0.04111      0.02337      0.01774
      7.42173      0.01178      0.00689      0.00491
      7.43173      0.18789      0.11403      0.07590
      7.44173      0.58671      0.43333      0.19548
      7.45173      0.61681      0.67997      0.08577
      7.46173      0.50711      0.52683      0.08881
      7.47173      0.53361      0.33970      0.20924
      7.48173      0.20057      0.11610      0.08482
      7.49173      0.32777      0.18988      0.13789
      7.50173      0.43766      0.25456      0.18354
      7.51173      0.14599      0.13399      0.03440
      7.52173      0.50719      0.68186      0.00128
      7.53173      0.85886      1.12870      0.01676
      7.54173      0.54494      0.56492      0.09521
      7.55173      0.19026      0.12574      0.07323
      7.56173      0.02363      0.01350      0.01022
      7.57173      0.14904      0.08589      0.06315
      7.58173      0.52723      0.30341      0.22382
      7.59173      0.44172      0.25207      0.18964
      7.60173      0.31910      0.18152      0.13757
      7.61173      0.95866      0.54879      0.40987
      7.62173      1.15753      0.66529      0.49223
      7.63173      0.49641      0.29055      0.20586
      7.64173      0.51672      0.31131      0.20541
