Energy (eV)    DOS (1/eV)    PDOS (1/eV)  of atom type Mo S  
     -5.23617      1.25666      1.45809      1.76022
     -5.22617      1.01137      1.40005      1.58488
     -5.21617      0.50492      1.28756      1.55219
     -5.20617      0.03646      0.94569      1.26281
     -5.19617      0.00036      0.73678      1.07063
     -5.18617      0.00054      0.40721      0.76310
     -5.17617      0.04728      0.22983      0.45326
     -5.16617      0.56844      0.27819      0.51658
     -5.15617      1.03199      0.35696      0.66008
     -5.14617      0.97963      0.49440      0.91786
     -5.13617      0.76054      0.54433      0.99475
     -5.12617      0.10141      0.47607      0.86090
     -5.11617      0.00189      0.49698      0.84240
     -5.10617      0.00267      0.53570      0.83771
     -5.09617      0.12774      0.58074      0.83287
     -5.08617      0.88671      0.66994      0.87810
     -5.07617      1.47882      0.96238      1.20339
     -5.06617      1.73200      1.29704      1.72008
     -5.05617      0.90632      0.55022      0.77467
     -5.04617      0.10137      0.30444      0.47836
     -5.03617      0.00212      0.32133      0.51052
     -5.02617      0.03804      0.05374      0.08610
     -5.01617      0.51565      0.05137      0.09953
     -5.00617      0.94774      0.21654      0.40781
     -4.99617      0.23908      0.38926      0.66916
     -4.98617      0.10711      0.26379      0.44012
     -4.97617      0.45888      0.02917      0.04858
     -4.96617      0.28911      0.01787      0.03370
     -4.95617      0.12052      0.20169      0.38140
     -4.94617      0.74744      0.31664      0.59829
     -4.93617      0.78646      0.11343      0.18948
     -4.92617      0.11219      0.33367      0.45260
     -4.91617      0.01141      0.32162      0.43591
     -4.90617      0.25709      0.10090      0.16168
     -4.89617      1.07940      0.31729      0.56376
     -4.88617      1.73817      0.25994      0.44288
     -4.87617      1.80247      0.32620      0.38997
     -4.86617      0.34235      0.40238      0.46392
     -4.85617      0.02113      0.07656      0.09044
     -4.84617      0.29534      0.11313      0.18462
     -4.83617      0.97568      0.36952      0.60581
     -4.82617      0.43631      0.16695      0.27391
     -4.81617      0.02650      0.05769      0.10388
     -4.80617      0.01496      0.29390      0.53921
     -4.79617      0.32708      0.25393      0.46297
     -4.78617      0.98245      0.18640      0.28790
     -4.77617      0.39958      0.39462      0.58963
     -4.76617      0.02201      0.13253      0.19797
     -4.75617      0.00016      0.00603      0.00901
     -4.74617      0.00000      0.00065      0.00090
     -4.73617      0.00038      0.03932      0.05454
     -4.72617      0.03781      0.36216      0.51817
     -4.71617      0.51431      0.51715      0.78384
     -4.70617      0.94863      0.12466      0.20337
     -4.69617      0.27187      0.00853      0.01314
     -4.68617      0.67232      0.10228      0.12757
     -4.67617      1.90466      0.42041      0.52439
     -4.66617      0.83257      0.26593      0.33888
     -4.65617      0.05497      0.44138      0.62460
     -4.64617      0.00053      0.80661      1.11229
     -4.63617      0.00008      0.40501      0.62410
     -4.62617      0.01068      0.34544      0.60987
     -4.61617      0.19693      0.07946      0.14116
     -4.60617      0.49163      0.00253      0.00449
     -4.59617      0.16618      0.00001      0.00002
     -4.58617      0.01899      0.00000      0.00000
     -4.57617      0.24989      0.00000      0.00000
     -4.56617      1.14578      0.00008      0.00014
     -4.55617      1.73300      0.00991      0.01681
     -4.54617      1.30916      0.16270      0.27607
     -4.53617      1.57363      0.36157      0.61353
     -4.52617      2.16607      0.10876      0.18455
     -4.51617      2.38276      0.00745      0.01167
     -4.50617      3.97370      0.09399      0.12935
     -4.49617      4.50309      0.39526      0.54393
     -4.48617      3.93638      0.22502      0.30966
     -4.47617      4.76432      0.01734      0.02386
     -4.46617      5.35211      0.00080      0.00124
     -4.45617      5.34789      0.03787      0.06103
     -4.44617      6.44384      0.35742      0.58222
     -4.43617      6.91605      0.64412      1.07303
     -4.42617      3.11966      0.29410      0.48216
     -4.41617      2.61472      0.21863      0.28076
     -4.40617      4.67029      0.13527      0.16840
     -4.39617      5.59745      0.01233      0.01535
     -4.38617      3.52302      0.00015      0.00019
     -4.37617      3.29410      0.00002      0.00002
     -4.36617      6.21723      0.00503      0.00570
     -4.35617      6.21233      0.18800      0.21816
     -4.34617      3.06211      1.04722      1.24276
     -4.33617      2.81469      1.22537      1.49875
     -4.32617      4.03481      1.04382      1.38622
     -4.31617      2.76977      0.88670      1.24573
     -4.30617      1.71493      0.66118      0.76162
     -4.29617      2.55243      1.00534      1.11865
     -4.28617      3.23374      1.28086      1.43128
     -4.27617      1.80094      0.86037      0.95863
     -4.26617      1.60842      0.57680      0.65264
     -4.25617      2.77519      1.03093      1.26996
     -4.24617      2.11526      1.71396      2.15476
     -4.23617      1.90501      0.77871      1.06636
     -4.22617      1.81137      1.17081      1.60896
     -4.21617      1.57736      1.36465      1.90152
     -4.20617      3.28853      1.37087      1.97405
     -4.19617      3.41708      1.78382      2.52385
     -4.18617      1.50776      1.78015      2.39562
     -4.17617      0.48195      1.47565      2.05006
     -4.16617      0.45232      1.39009      2.03222
     -4.15617      0.08901      2.01945      3.04223
     -4.14617      0.00277      1.98833      2.94122
     -4.13617      0.03765      0.83423      1.30322
     -4.12617      0.52350      1.14896      1.95056
     -4.11617      1.14653      1.78139      2.94620
     -4.10617      0.73020      1.71455      2.68732
     -4.09617      0.21975      1.68140      2.62637
     -4.08617      0.67113      1.21956      1.95038
     -4.07617      1.73781      1.48077      2.18730
     -4.06617      1.23653      1.52733      2.29733
     -4.05617      1.21340      1.39620      2.23130
     -4.04617      1.03250      1.01354      1.74207
     -4.03617      0.17591      1.37135      2.27494
     -4.02617      0.01370      1.09674      1.70214
     -4.01617      0.28824      0.64287      0.92042
     -4.00617      1.60860      1.43920      2.06574
     -3.99617      2.57276      1.51564      2.27585
     -3.98617      2.82458      1.37630      2.21285
     -3.97617      2.08677      1.05037      1.76838
     -3.96617      1.31607      0.42583      0.67410
     -3.95617      0.59289      0.48227      0.54209
     -3.94617      0.04957      0.46003      0.68199
     -3.93617      0.00058      0.67084      1.27836
     -3.92617      0.00000      0.40545      0.73083
     -3.91617      0.00000      0.68875      0.99807
     -3.90617      0.00003      0.67112      0.91094
     -3.89617      0.00787      0.52630      0.69658
     -3.88617      0.31347      0.96780      1.26962
     -3.87617      2.13514      0.81454      1.24133
     -3.86617      3.69953      0.95509      1.44798
     -3.85617      2.69164      0.70324      0.94564
     -3.84617      1.54163      0.25498      0.42666
     -3.83617      1.67992      0.07805      0.15185
     -3.82617      2.07922      0.00480      0.00943
     -3.81617      3.38793      0.00007      0.00012
     -3.80617      3.10081      0.00475      0.00790
     -3.79617      1.98028      0.13287      0.22062
     -3.78617      2.82807      0.60969      1.00652
     -3.77617      0.90044      0.63435      1.00370
     -3.76617      1.85860      0.76951      1.01537
     -3.75617      4.01428      1.06320      1.25369
     -3.74617      3.65847      0.73117      0.90528
     -3.73617      2.50237      0.15314      0.22952
     -3.72617      2.92432      0.17623      0.31413
     -3.71617      3.69152      0.08221      0.14686
     -3.70617      4.69574      0.00534      0.00946
     -3.69617      6.24797      0.01186      0.00948
     -3.68617      3.51244      0.22055      0.17734
     -3.67617      2.44417      0.62631      0.57653
     -3.66617      2.99195      0.64476      0.95484
     -3.65617      2.44455      0.51280      0.87005
     -3.64617      2.20358      0.64592      1.12411
     -3.63617      1.43808      0.85214      1.51346
     -3.62617      1.93393      0.78587      1.30419
     -3.61617      3.14145      1.08911      1.50338
     -3.60617      2.95332      1.12636      1.48342
     -3.59617      2.17350      0.66848      1.08266
     -3.58617      0.82390      0.42832      0.56353
     -3.57617      0.29568      0.80868      0.85199
     -3.56617      1.69078      0.93189      1.25057
     -3.55617      3.26114      1.43587      2.31573
     -3.54617      3.23091      1.03305      1.79986
     -3.53617      2.88011      0.59225      0.90651
     -3.52617      1.91735      1.09912      1.55156
     -3.51617      2.39137      1.05773      1.78726
     -3.50617      1.99050      1.02899      1.95898
     -3.49617      1.20067      1.08689      1.81898
     -3.48617      1.65315      1.65230      2.50835
     -3.47617      1.39632      2.26492      3.54266
     -3.46617      1.26072      0.94290      1.56671
     -3.45617      2.20579      1.20898      1.93334
     -3.44617      3.48276      2.58920      4.32765
     -3.43617      2.47399      1.82624      2.91942
     -3.42617      1.79937      1.11759      1.54948
     -3.41617      1.54813      1.49258      1.93132
     -3.40617      2.47201      1.48117      1.76021
     -3.39617      1.77317      1.41781      1.79440
     -3.38617      1.84058      1.47471      1.95253
     -3.37617      1.27226      2.14050      2.93287
     -3.36617      1.23975      2.56440      3.27383
     -3.35617      1.67914      1.89389      2.23690
     -3.34617      0.49448      0.66191      1.15751
     -3.33617      0.46448      0.72650      1.35773
     -3.32617      1.75500      1.16920      1.34260
     -3.31617      1.17536      0.83167      0.84266
     -3.30617      0.57294      0.96109      1.13490
     -3.29617      1.40725      1.00518      1.32223
     -3.28617      1.33768      1.10749      1.15537
     -3.27617      1.16665      1.28176      1.09175
     -3.26617      1.93906      0.90372      1.05092
     -3.25617      0.82361      0.42446      1.01313
     -3.24617      0.95720      0.48631      0.70083
     -3.23617      1.09638      0.98871      1.03627
     -3.22617      2.07683      0.57582      0.86466
     -3.21617      2.32077      1.01094      1.44501
     -3.20617      2.31701      1.14787      1.29408
     -3.19617      2.81372      0.62227      0.70154
     -3.18617      2.07955      0.86642      1.23338
     -3.17617      1.37444      1.08598      1.58403
     -3.16617      0.53767      0.54448      0.70537
     -3.15617      0.62816      0.06391      0.07090
     -3.14617      0.90870      0.17859      0.14814
     -3.13617      0.35878      0.40384      0.34376
     -3.12617      0.89442      0.73631      0.73684
     -3.11617      0.62046      0.91659      1.10828
     -3.10617      0.13287      0.86790      0.73720
     -3.09617      0.72494      0.76995      0.57129
     -3.08617      1.40824      0.50529      0.48237
     -3.07617      1.20580      0.09454      0.09431
     -3.06617      1.70659      0.00263      0.00263
     -3.05617      3.36310      0.00011      0.00010
     -3.04617      1.77812      0.01323      0.01142
     -3.03617      0.20966      0.22662      0.19569
     -3.02617      0.00443      0.52978      0.45843
     -3.01617      0.00001      0.30219      0.29514
     -3.00617      0.00016      0.61427      0.72624
     -2.99617      0.02427      0.54408      0.73228
     -2.98617      0.51247      0.69341      0.90050
     -2.97617      1.47394      0.68288      0.73343
     -2.96617      0.59963      0.56943      0.50417
     -2.95617      0.60224      1.02382      0.72529
     -2.94617      2.24787      0.51809      0.30564
     -2.93617      1.61846      0.25529      0.30205
     -2.92617      0.96923      0.86498      1.60598
     -2.91617      1.91969      1.34724      2.43583
     -2.90617      1.35900      0.88150      1.49157
     -2.89617      0.88678      0.53973      1.03804
     -2.88617      1.01754      0.26212      0.44852
     -2.87617      1.05796      0.43523      0.41685
     -2.86617      0.54372      0.38512      0.35887
     -2.85617      0.47589      0.28016      0.34903
     -2.84617      1.75335      0.91574      1.25922
     -2.83617      1.81939      0.59042      0.86779
     -2.82617      0.32067      0.06614      0.10256
     -2.81617      0.19676      0.04431      0.04227
     -2.80617      1.19104      0.39452      0.36081
     -2.79617      1.59104      0.82379      0.66258
     -2.78617      0.63691      0.89973      0.66296
     -2.77617      1.37532      0.25694      0.19826
     -2.76617      1.92593      0.02318      0.01525
     -2.75617      1.44878      0.20013      0.12766
     -2.74617      1.07250      0.62162      0.57644
     -2.73617      0.18178      0.47548      0.54812
     -2.72617      0.36853      0.36814      0.23367
     -2.71617      1.03822      0.50333      0.39938
     -2.70617      1.04454      0.73248      0.95597
     -2.69617      1.60790      0.38465      0.69883
     -2.68617      1.74796      0.16882      0.15877
     -2.67617      1.95569      0.67624      0.35883
     -2.66617      2.74771      0.69187      0.43278
     -2.65617      3.12033      0.53462      0.37888
     -2.64617      2.25628      0.85173      0.62041
     -2.63617      1.71885      0.28133      0.21724
     -2.62617      1.21017      0.22278      0.27451
     -2.61617      0.90817      0.99452      1.45828
     -2.60617      3.61660      1.54617      2.16124
     -2.59617      5.42629      1.18907      1.34064
     -2.58617      3.93800      0.33132      0.52380
     -2.57617      5.60815      0.11077      0.27948
     -2.56617      5.34720      0.01343      0.03510
     -2.55617      5.02641      0.00205      0.00161
     -2.54617      2.88656      0.08457      0.04645
     -2.53617      2.26226      0.53331      0.29364
     -2.52617      3.62645      0.48916      0.31842
     -2.51617      3.61095      0.50164      0.71275
     -2.50617      1.56046      1.17583      1.32192
     -2.49617      1.31957      1.19375      1.23702
     -2.48617      2.32881      0.37552      0.40327
     -2.47617      4.18579      0.03612      0.03098
     -2.46617      4.08201      0.21080      0.15561
     -2.45617      2.26133      0.56583      0.68457
     -2.44617      3.41668      0.62690      0.87583
     -2.43617      3.20405      0.32900      0.39807
     -2.42617      1.41511      0.37514      0.43634
     -2.41617      2.16648      0.65807      0.78814
     -2.40617      3.33555      0.48542      0.62887
     -2.39617      2.83926      0.74183      0.74762
     -2.38617      1.90852      0.59255      0.58537
     -2.37617      1.46904      0.67956      0.59718
     -2.36617      2.00020      0.48566      0.42739
     -2.35617      2.80624      0.46170      0.69624
     -2.34617      2.11350      1.43235      2.07962
     -2.33617      1.21075      1.43432      1.98236
     -2.32617      1.90044      1.09867      1.50391
     -2.31617      2.83690      1.33074      1.73549
     -2.30617      2.31235      0.74859      1.56153
     -2.29617      2.51918      0.75678      2.18790
     -2.28617      3.29698      0.66498      1.89229
     -2.27617      1.99485      0.95574      1.64308
     -2.26617      3.01942      1.61134      2.14627
     -2.25617      4.52624      0.53949      0.81679
     -2.24617      3.97325      0.55821      1.30458
     -2.23617      3.51671      0.69717      1.15859
     -2.22617      2.23291      0.40317      0.85593
     -2.21617      1.89533      0.73233      2.11562
     -2.20617      1.92937      1.08625      2.90933
     -2.19617      2.69595      1.69371      4.60089
     -2.18617      2.16973      1.20742      2.85931
     -2.17617      1.38778      1.02282      2.75234
     -2.16617      1.18644      1.19544      3.40369
     -2.15617      1.82798      0.60650      1.89105
     -2.14617      3.21735      0.31433      0.72922
     -2.13617      2.51574      1.29410      1.75818
     -2.12617      1.43797      1.63540      2.91452
     -2.11617      2.41244      0.85521      2.17790
     -2.10617      2.24105      0.78700      1.66612
     -2.09617      0.60684      0.83352      1.53156
     -2.08617      0.57384      0.77296      1.92648
     -2.07617      2.03289      1.27713      2.72562
     -2.06617      1.94077      1.48251      2.55277
     -2.05617      1.10126      1.19343      3.10242
     -2.04617      1.11733      1.42528      3.57821
     -2.03617      4.10429      2.03616      2.97042
     -2.02617      7.56482      0.82195      0.93861
     -2.01617      6.08529      0.05533      0.05726
     -2.00617      5.64382      0.01315      0.02143
     -1.99617      2.96512      0.29978      0.58477
     -1.98617      0.84637      1.11683      2.77286
     -1.97617      0.08454      0.89175      2.72791
     -1.96617      0.19962      0.57486      1.04954
     -1.95617      1.04068      0.34069      0.87691
     -1.94617      1.25383      0.25061      1.11377
     -1.93617      1.04512      0.22862      0.54472
     -1.92617      1.53110      0.46530      0.59354
     -1.91617      1.63910      0.47669      0.83453
     -1.90617      1.75080      1.09285      1.76307
     -1.89617      1.53456      1.02072      1.31263
     -1.88617      1.09716      0.70944      1.48705
     -1.87617      1.08887      0.42644      1.17142
     -1.86617      1.90150      0.34441      1.76594
     -1.85617      2.01788      0.83313      2.71031
     -1.84617      0.89712      1.65441      3.30696
     -1.83617      1.62397      0.93334      2.41333
     -1.82617      1.60443      0.31776      1.27251
     -1.81617      1.44192      0.35832      0.78065
     -1.80617      2.00804      0.28600      0.34984
     -1.79617      2.19420      0.48092      0.72372
     -1.78617      1.52700      0.77517      1.14661
     -1.77617      1.60966      0.44580      1.13066
     -1.76617      0.80794      0.06488      0.28637
     -1.75617      1.14836      0.09848      0.21576
     -1.74617      2.19282      0.31546      0.67514
     -1.73617      3.18685      0.21207      0.65748
     -1.72617      3.32113      0.62218      2.25855
     -1.71617      1.87299      1.40933      3.34220
     -1.70617      0.96044      0.98590      1.70952
     -1.69617      0.52410      0.44245      0.78710
     -1.68617      1.07480      0.26253      0.67293
     -1.67617      1.06872      0.08660      0.27478
     -1.66617      1.04628      0.29529      0.92046
     -1.65617      2.47903      0.31507      0.87656
     -1.64617      3.69939      0.18979      1.12685
     -1.63617      2.91637      0.28733      1.95167
     -1.62617      2.84714      0.12377      0.71792
     -1.61617      2.50983      0.31321      0.48421
     -1.60617      2.87215      0.80035      1.54511
     -1.59617      2.15933      1.10467      3.22456
     -1.58617      1.09415      0.74151      2.58049
     -1.57617      0.41690      0.19455      1.02019
     -1.56617      0.50501      0.03003      0.19487
     -1.55617      0.96878      0.04289      0.40155
     -1.54617      0.38807      0.09394      0.88195
     -1.53617      0.98530      0.05744      0.30555
     -1.52617      2.21959      0.35468      0.49730
     -1.51617      1.68253      0.58473      0.80092
     -1.50617      0.25603      0.13270      0.18244
     -1.49617      0.25861      0.02064      0.10070
     -1.48617      0.47585      0.19769      0.93147
     -1.47617      0.12116      0.49501      2.07188
     -1.46617      0.03470      0.29491      1.48057
     -1.45617      0.31551      0.09710      0.58454
     -1.44617      0.44094      0.32529      1.18029
     -1.43617      0.08340      0.68769      1.98851
     -1.42617      0.00213      0.56682      1.59314
     -1.41617      0.00001      0.23920      1.02178
     -1.40617      0.00000      0.31939      1.87020
     -1.39617      0.00000      0.19550      1.07240
     -1.38617      0.00000      0.02420      0.13692
     -1.37617      0.00000      0.11977      0.57949
     -1.36617      0.00000      0.62957      2.52081
     -1.35617      0.00000      0.79187      3.29243
     -1.34617      0.00000      0.43984      2.22190
     -1.33617      0.00000      0.14282      0.86838
     -1.32617      0.00000      0.10168      0.60712
     -1.31617      0.00000      0.23167      1.33409
     -1.30617      0.00000      0.29585      1.42548
     -1.29617      0.00000      0.36812      1.02522
     -1.28617      0.00000      0.46041      1.85047
     -1.27617      0.00000      0.41054      2.35097
     -1.26617      0.00000      0.75743      1.99713
     -1.25617      0.00000      0.76344      0.77413
     -1.24617      0.00000      0.82657      0.97105
     -1.23617      0.00000      0.85540      1.19820
     -1.22617      0.00000      0.53987      2.08064
     -1.21617      0.00000      1.07043      2.48725
     -1.20617      0.00000      1.61878      2.61883
     -1.19617      0.00000      0.55846      1.24934
     -1.18617      0.00074      0.06894      0.22730
     -1.17617      0.06621      0.00343      0.01153
     -1.16617      0.83732      0.02241      0.01175
     -1.15617      1.77486      0.38507      0.19466
     -1.14617      1.39105      1.34424      0.65760
     -1.13617      1.06577      1.44030      0.75114
     -1.12617      1.07481      1.12512      0.56094
     -1.11617      0.62379      1.49267      0.90422
     -1.10617      0.26003      1.23569      0.80587
     -1.09617      1.09404      0.88935      0.43115
     -1.08617      1.98390      1.08618      0.42618
     -1.07617      1.69986      1.21597      0.48912
     -1.06617      1.05971      1.56658      0.61532
     -1.05617      0.15849      2.88701      1.26879
     -1.04617      0.00429      2.77610      1.36886
     -1.03617      0.03167      1.07447      0.48658
     -1.02617      0.76171      1.62438      0.64133
     -1.01617      3.00885      1.08837      0.43903
     -1.00617      3.03409      0.56379      0.29277
     -0.99617      2.46164      1.51254      0.77485
     -0.98617      1.80272      1.44117      0.64756
     -0.97617      1.22037      2.12004      1.01560
     -0.96617      1.37960      3.18742      1.72737
     -0.95617      2.17639      1.78286      1.00219
     -0.94617      1.69857      0.75469      0.37411
     -0.93617      2.52766      0.37138      0.17929
     -0.92617      2.96125      0.70585      0.28894
     -0.91617      3.55113      0.88428      0.35551
     -0.90617      2.85005      0.75067      0.32926
     -0.89617      2.15560      0.95679      0.62022
     -0.88617      2.62284      1.93119      1.14164
     -0.87617      3.29108      1.33285      0.68419
     -0.86617      3.72268      0.47433      0.23760
     -0.85617      3.09499      1.31978      0.73518
     -0.84617      1.90558      1.72517      0.87904
     -0.83617      1.19741      1.85944      0.88258
     -0.82617      0.61086      1.60356      0.81230
     -0.81617      0.91343      0.97290      0.44277
     -0.80617      2.40728      1.12256      0.58547
     -0.79617      2.62591      1.67658      0.97702
     -0.78617      0.93912      0.87159      0.50713
     -0.77617      0.52602      0.38444      0.19147
     -0.76617      1.18971      0.64697      0.32399
     -0.75617      1.48090      1.07497      0.57122
     -0.74617      2.23850      0.79493      0.35837
     -0.73617      2.04922      1.08725      0.50557
     -0.72617      2.11561      1.25585      0.65912
     -0.71617      1.68019      1.17854      0.59201
     -0.70617      2.08810      1.08682      0.54105
     -0.69617      2.29799      0.54524      0.35010
     -0.68617      1.82549      0.60940      0.41267
     -0.67617      1.41391      0.66068      0.34751
     -0.66617      0.76305      0.62783      0.32007
     -0.65617      0.52199      1.16660      0.62428
     -0.64617      0.95300      1.93606      0.85543
     -0.63617      1.54433      3.28884      1.23867
     -0.62617      1.53980      1.90235      0.74014
     -0.61617      1.91770      0.38705      0.17699
     -0.60617      0.90023      0.72287      0.37795
     -0.59617      0.40840      0.85086      0.43489
     -0.58617      1.28215      0.51151      0.25828
     -0.57617      1.89464      0.26315      0.14003
     -0.56617      1.72762      0.43842      0.23345
     -0.55617      1.21638      0.77167      0.34933
     -0.54617      1.06599      1.15956      0.45169
     -0.53617      0.35389      1.13131      0.43027
     -0.52617      0.95359      1.43690      0.60583
     -0.51617      2.87653      0.91042      0.47071
     -0.50617      1.29085      0.92116      0.43837
     -0.49617      0.15317      0.75493      0.28500
     -0.48617      0.83435      0.27350      0.12609
     -0.47617      1.51845      0.68050      0.37567
     -0.46617      1.47324      1.05618      0.44481
     -0.45617      2.22851      0.86596      0.37186
     -0.44617      1.19001      1.00051      0.52750
     -0.43617      1.85659      1.39685      0.58308
     -0.42617      1.78542      1.36509      0.53476
     -0.41617      0.38938      1.14221      0.47656
     -0.40617      0.29063      0.22386      0.10455
     -0.39617      1.43601      0.05989      0.01822
     -0.38617      1.51925      0.51375      0.13950
     -0.37617      1.03095      0.68100      0.18490
     -0.36617      1.67626      0.12217      0.03317
     -0.35617      1.76683      0.00306      0.00083
     -0.34617      1.44979      0.01106      0.00267
     -0.33617      0.91793      0.17982      0.04342
     -0.32617      0.99809      0.43851      0.10615
     -0.31617      0.25929      0.43480      0.10687
     -0.30617      0.00982      0.30083      0.07439
     -0.29617      0.03911      0.03965      0.00978
     -0.28617      0.52224      0.10869      0.02555
     -0.27617      0.94507      0.67207      0.15792
     -0.26617      0.23151      0.56570      0.13293
     -0.25617      0.00787      0.06444      0.01514
     -0.24617      0.02466      0.00099      0.00023
     -0.23617      0.42185      0.00000      0.00000
     -0.22617      0.99025      0.00000      0.00000
     -0.21617      0.59562      0.00000      0.00000
     -0.20617      0.98585      0.00000      0.00000
     -0.19617      0.45612      0.00000      0.00000
     -0.18617      0.29802      0.00000      0.00000
     -0.17617      0.96688      0.00000      0.00000
     -0.16617      0.46791      0.00000      0.00000
     -0.15617      0.03066      0.00000      0.00000
     -0.14617      0.00027      0.00000      0.00000
     -0.13617      0.00000      0.00000      0.00000
     -0.12617      0.00020      0.00000      0.00000
     -0.11617      0.01950      0.00000      0.00000
     -0.10617      0.27057      0.00000      0.00000
     -0.09617      0.66398      0.00000      0.00000
     -0.08617      0.60830      0.00000      0.00000
     -0.07617      0.17536      0.00000      0.00000
     -0.06617      0.00811      0.00000      0.00000
     -0.05617      0.00109      0.00000      0.00000
     -0.04617      0.07180      0.00000      0.00000
     -0.03617      0.67205      0.00000      0.00000
     -0.02617      0.85149      0.00000      0.00000
     -0.01617      0.14604      0.00000      0.00000
     -0.00617      0.00339      0.00000      0.00000
      0.00383      0.00001      0.00000      0.00000
      0.01383      0.00000      0.00000      0.00000
      0.02383      0.00000      0.00000      0.00000
      0.03383      0.00000      0.00000      0.00000
      0.04383      0.00000      0.00000      0.00000
      0.05383      0.00000      0.00000      0.00000
      0.06383      0.00000      0.00000      0.00000
      0.07383      0.00000      0.00000      0.00000
      0.08383      0.00000      0.00000      0.00000
      0.09383      0.00000      0.00000      0.00000
      0.10383      0.00000      0.00000      0.00000
      0.11383      0.00000      0.00000      0.00000
      0.12383      0.00000      0.00000      0.00000
      0.13383      0.00000      0.00000      0.00000
      0.14383      0.00000      0.00000      0.00000
      0.15383      0.00000      0.00000      0.00000
      0.16383      0.00000      0.00000      0.00000
      0.17383      0.00000      0.00000      0.00000
      0.18383      0.00000      0.00000      0.00000
      0.19383      0.00000      0.00000      0.00000
      0.20383      0.00000      0.00000      0.00000
      0.21383      0.00000      0.00000      0.00000
      0.22383      0.00000      0.00000      0.00000
      0.23383      0.00000      0.00000      0.00000
      0.24383      0.00000      0.00000      0.00000
      0.25383      0.00000      0.00000      0.00000
      0.26383      0.00000      0.00000      0.00000
      0.27383      0.00000      0.00000      0.00000
      0.28383      0.00000      0.00000      0.00000
      0.29383      0.00000      0.00000      0.00000
      0.30383      0.00000      0.00000      0.00000
      0.31383      0.00000      0.00000      0.00000
      0.32383      0.00000      0.00000      0.00000
      0.33383      0.00000      0.00000      0.00000
      0.34383      0.00000      0.00000      0.00000
      0.35383      0.00000      0.00000      0.00000
      0.36383      0.00000      0.00000      0.00000
      0.37383      0.00000      0.00000      0.00000
      0.38383      0.00000      0.00000      0.00000
      0.39383      0.00000      0.00000      0.00000
      0.40383      0.00000      0.00000      0.00000
      0.41383      0.00000      0.00000      0.00000
      0.42383      0.00000      0.00000      0.00000
      0.43383      0.00000      0.00000      0.00000
      0.44383      0.00000      0.00000      0.00000
      0.45383      0.00000      0.00000      0.00000
      0.46383      0.00000      0.00000      0.00000
      0.47383      0.00000      0.00000      0.00000
      0.48383      0.00000      0.00000      0.00000
      0.49383      0.00000      0.00000      0.00000
      0.50383      0.00000      0.00000      0.00000
      0.51383      0.00000      0.00000      0.00000
      0.52383      0.00000      0.00000      0.00000
      0.53383      0.00000      0.00000      0.00000
      0.54383      0.00000      0.00000      0.00000
      0.55383      0.00000      0.00000      0.00000
      0.56383      0.00000      0.00000      0.00000
      0.57383      0.00000      0.00000      0.00000
      0.58383      0.00000      0.00000      0.00000
      0.59383      0.00000      0.00000      0.00000
      0.60383      0.00000      0.00000      0.00000
      0.61383      0.00000      0.00000      0.00000
      0.62383      0.00000      0.00000      0.00000
      0.63383      0.00000      0.00000      0.00000
      0.64383      0.00000      0.00000      0.00000
      0.65383      0.00000      0.00000      0.00000
      0.66383      0.00000      0.00000      0.00000
      0.67383      0.00000      0.00000      0.00000
      0.68383      0.00000      0.00000      0.00000
      0.69383      0.00000      0.00000      0.00000
      0.70383      0.00000      0.00000      0.00000
      0.71383      0.00000      0.00000      0.00000
      0.72383      0.00000      0.00000      0.00000
      0.73383      0.00000      0.00000      0.00000
      0.74383      0.00000      0.00000      0.00000
      0.75383      0.00000      0.00000      0.00000
      0.76383      0.00000      0.00000      0.00000
      0.77383      0.00000      0.00000      0.00000
      0.78383      0.00000      0.00000      0.00000
      0.79383      0.00000      0.00000      0.00000
      0.80383      0.00000      0.00000      0.00000
      0.81383      0.00000      0.00000      0.00000
      0.82383      0.00000      0.00000      0.00000
      0.83383      0.00000      0.00000      0.00000
      0.84383      0.00000      0.00000      0.00000
      0.85383      0.00000      0.00000      0.00000
      0.86383      0.00000      0.00000      0.00000
      0.87383      0.00000      0.00000      0.00000
      0.88383      0.00000      0.00000      0.00000
      0.89383      0.00000      0.00000      0.00000
      0.90383      0.00000      0.00000      0.00000
      0.91383      0.00000      0.00000      0.00000
      0.92383      0.00000      0.00000      0.00000
      0.93383      0.00000      0.00000      0.00000
      0.94383      0.00000      0.00000      0.00000
      0.95383      0.00000      0.00000      0.00000
      0.96383      0.00000      0.00000      0.00000
      0.97383      0.00000      0.00000      0.00000
      0.98383      0.00000      0.00000      0.00000
      0.99383      0.00000      0.00000      0.00000
      1.00383      0.00000      0.00000      0.00000
      1.01383      0.00000      0.00000      0.00000
      1.02383      0.00000      0.00000      0.00000
      1.03383      0.00000      0.00000      0.00000
      1.04383      0.00000      0.00000      0.00000
      1.05383      0.00000      0.00000      0.00000
      1.06383      0.00000      0.00000      0.00000
      1.07383      0.00000      0.00000      0.00000
      1.08383      0.00000      0.00000      0.00000
      1.09383      0.00000      0.00000      0.00000
      1.10383      0.00000      0.00000      0.00000
      1.11383      0.00000      0.00000      0.00000
      1.12383      0.00000      0.00000      0.00000
      1.13383      0.00000      0.00000      0.00000
      1.14383      0.00000      0.00000      0.00000
      1.15383      0.00000      0.00000      0.00000
      1.16383      0.00000      0.00000      0.00000
      1.17383      0.00000      0.00000      0.00000
      1.18383      0.00000      0.00000      0.00000
      1.19383      0.00000      0.00000      0.00000
      1.20383      0.00000      0.00000      0.00000
      1.21383      0.00000      0.00000      0.00000
      1.22383      0.00000      0.00000      0.00000
      1.23383      0.00000      0.00000      0.00000
      1.24383      0.00000      0.00000      0.00000
      1.25383      0.00000      0.00000      0.00000
      1.26383      0.00000      0.00000      0.00000
      1.27383      0.00000      0.00000      0.00000
      1.28383      0.00000      0.00000      0.00000
      1.29383      0.00000      0.00000      0.00000
      1.30383      0.00000      0.00000      0.00000
      1.31383      0.00000      0.00000      0.00000
      1.32383      0.00000      0.00000      0.00000
      1.33383      0.00000      0.00000      0.00000
      1.34383      0.00000      0.00000      0.00000
      1.35383      0.00000      0.00000      0.00000
      1.36383      0.00000      0.00000      0.00000
      1.37383      0.00000      0.00000      0.00000
      1.38383      0.00000      0.00000      0.00000
      1.39383      0.00000      0.00000      0.00000
      1.40383      0.00000      0.00000      0.00000
      1.41383      0.00000      0.00000      0.00000
      1.42383      0.00000      0.00000      0.00000
      1.43383      0.00000      0.00000      0.00000
      1.44383      0.00000      0.00000      0.00000
      1.45383      0.00000      0.00000      0.00000
      1.46383      0.00000      0.00000      0.00000
      1.47383      0.00000      0.00000      0.00000
      1.48383      0.00000      0.00000      0.00000
      1.49383      0.00000      0.00000      0.00000
      1.50383      0.00000      0.00000      0.00000
      1.51383      0.00000      0.00000      0.00000
      1.52383      0.00000      0.00000      0.00000
      1.53383      0.00000      0.00000      0.00000
      1.54383      0.00000      0.00000      0.00000
      1.55383      0.00000      0.00000      0.00000
      1.56383      0.00000      0.00000      0.00000
      1.57383      0.00000      0.00000      0.00000
      1.58383      0.00000      0.00015      0.00014
      1.59383      0.00000      0.02149      0.01854
      1.60383      0.00000      0.48056      0.37335
      1.61383      0.00000      1.69507      1.14822
      1.62383      0.00000      1.14409      0.79879
      1.63383      0.00000      0.74623      0.77976
      1.64383      0.00000      0.69266      0.68254
      1.65383      0.00000      0.71079      0.70119
      1.66383      0.00000      0.96527      0.71703
      1.67383      0.00000      0.85920      0.32531
      1.68383      0.00000      0.47625      0.34884
      1.69383      0.00000      0.53774      0.51956
      1.70383      0.00000      0.98888      0.88669
      1.71383      0.00000      1.07601      1.03726
      1.72383      0.00000      0.86044      0.92058
      1.73383      0.00000      1.20856      1.22380
      1.74383      0.00000      0.75026      0.64985
      1.75383      0.00000      0.96099      0.48285
      1.76383      0.00000      2.13117      1.30107
      1.77383      0.00000      1.93611      1.51872
      1.78383      0.00000      1.44914      1.39341
      1.79383      0.00000      1.22735      1.08301
      1.80383      0.00000      1.70566      1.13039
      1.81383      0.00000      0.82679      0.56218
      1.82383      0.00000      0.58862      0.65548
      1.83383      0.00000      0.97220      1.00897
      1.84383      0.00000      1.37856      1.29344
      1.85383      0.00000      1.83962      1.61425
      1.86383      0.00000      2.71075      1.84281
      1.87383      0.00000      2.54910      1.54672
      1.88383      0.00000      1.06399      0.75177
      1.89383      0.00000      0.29727      0.33345
      1.90383      0.00000      0.45341      0.41177
      1.91383      0.00000      1.18357      0.85165
      1.92383      0.00000      1.87267      1.37069
      1.93383      0.00000      3.13066      2.06539
      1.94383      0.00000      2.67988      1.37350
      1.95383      0.00000      2.34198      1.47060
      1.96383      0.00000      2.03572      1.44179
      1.97383      0.00000      1.70401      1.30351
      1.98383      0.00000      2.17700      1.29732
      1.99383      0.00000      0.91266      0.46145
      2.00383      0.00000      1.23371      0.54763
      2.01383      0.00000      1.95123      0.69714
      2.02383      0.00000      2.40788      0.83653
      2.03383      0.00000      1.39871      0.50797
      2.04383      0.00000      1.56867      0.80247
      2.05383      0.00000      2.27299      1.33687
      2.06383      0.00000      1.71531      0.69228
      2.07383      0.00000      2.00519      0.52940
      2.08383      0.00000      2.35420      0.57139
      2.09383      0.00000      1.68578      0.45002
      2.10383      0.00000      2.57115      1.10840
      2.11383      0.00000      3.39915      1.21271
      2.12383      0.00000      2.93582      0.71083
      2.13383      0.00000      3.26490      1.03797
      2.14383      0.00000      2.40041      0.87349
      2.15383      0.00000      1.49973      0.84250
      2.16383      0.00000      1.38550      0.84230
      2.17383      0.00000      0.34192      0.23603
      2.18383      0.00000      0.40913      0.40561
      2.19383      0.00000      0.59957      0.54762
      2.20383      0.00000      1.58818      1.29066
      2.21383      0.00000      2.14194      1.75110
      2.22383      0.00000      1.66535      1.28795
      2.23383      0.00000      1.44654      1.08127
      2.24383      0.00000      2.52928      2.01620
      2.25383      0.00000      3.29073      2.71408
      2.26383      0.00000      2.37846      1.90029
      2.27383      0.00000      2.13135      1.37968
      2.28383      0.00000      1.48645      0.89777
      2.29383      0.00000      1.59941      0.92718
      2.30383      0.00000      2.50873      1.70266
      2.31383      0.00000      1.51760      1.02552
      2.32383      0.00000      1.45002      0.82345
      2.33383      0.00000      2.69765      1.75585
      2.34383      0.00000      3.10992      2.13917
      2.35383      0.00000      2.41139      1.58263
      2.36383      0.00000      2.83266      1.61294
      2.37383      0.00000      2.76709      2.18691
      2.38383      0.00000      1.66387      1.64761
      2.39383      0.00000      2.03490      1.16854
      2.40383      0.00000      0.92129      0.52382
      2.41383      0.00000      0.62366      0.22283
      2.42383      0.00000      1.18014      0.46914
      2.43383      0.00000      2.40302      1.25316
      2.44383      0.00086      4.55237      2.62753
      2.45383      0.06411      3.24450      1.83855
      2.46383      0.69780      2.02673      1.46602
      2.47383      1.67706      1.48537      1.02945
      2.48383      2.01251      0.88758      0.55192
      2.49383      1.09623      0.38229      0.39858
      2.50383      1.36415      1.06540      0.59712
      2.51383      1.15103      1.52601      0.66801
      2.52383      1.16556      1.89001      0.75429
      2.53383      0.92172      2.58126      1.56057
      2.54383      0.58872      2.47677      1.98504
      2.55383      1.15951      1.94546      1.38398
      2.56383      1.87453      1.86666      0.89377
      2.57383      2.57825      3.08298      1.55971
      2.58383      3.36292      2.93998      1.30336
      2.59383      2.51159      2.18074      0.71735
      2.60383      1.74491      1.44138      0.44290
      2.61383      2.08699      0.80241      0.59279
      2.62383      2.29897      0.93933      1.04163
      2.63383      1.91839      0.71707      0.42954
      2.64383      2.89350      1.06286      0.28761
      2.65383      2.12183      1.31737      0.60782
      2.66383      2.57992      1.49585      1.34343
      2.67383      2.14247      1.54425      1.71747
      2.68383      1.38537      1.83829      1.22353
      2.69383      2.57627      1.76416      1.29817
      2.70383      3.07669      1.06202      0.99265
      2.71383      4.23803      1.97156      1.60797
      2.72383      2.64081      3.29901      2.45149
      2.73383      1.53922      2.57919      2.05036
      2.74383      1.95313      1.43383      1.75838
      2.75383      2.30110      1.08593      1.44706
      2.76383      1.59573      1.39187      1.20311
      2.77383      2.25510      2.58333      2.86397
      2.78383      2.45567      2.54443      2.81466
      2.79383      2.60114      1.07495      0.63227
      2.80383      3.39713      0.78756      0.23479
      2.81383      2.84689      0.46421      0.18256
      2.82383      3.36125      1.32244      0.74477
      2.83383      2.36048      1.72573      1.13780
      2.84383      2.06964      0.98847      0.76795
      2.85383      1.88539      0.87109      0.96466
      2.86383      2.56075      0.88968      1.02583
      2.87383      1.71370      1.27447      1.24176
      2.88383      1.19338      1.55411      1.16737
      2.89383      2.64584      0.82862      0.72880
      2.90383      3.71597      0.76671      0.52358
      2.91383      1.45717      0.69604      0.26650
      2.92383      1.23821      0.13333      0.04694
      2.93383      1.27639      0.05373      0.06001
      2.94383      2.01556      0.54654      0.64865
      2.95383      5.22275      0.83297      0.99886
      2.96383      5.44889      0.53081      0.51537
      2.97383      4.61417      1.59154      1.13601
      2.98383      2.40196      2.25342      1.83137
      2.99383      0.67277      1.62354      1.77379
      3.00383      2.23944      0.65006      0.86254
      3.01383      4.00939      0.48427      0.58251
      3.02383      3.18601      0.59248      0.54162
      3.03383      4.78680      0.86722      0.76254
      3.04383      3.67010      1.90993      1.49423
      3.05383      2.49278      1.50848      1.00782
      3.06383      4.26999      0.30922      0.20479
      3.07383      5.18897      0.01108      0.00772
      3.08383      4.52875      0.01746      0.00825
      3.09383      5.76654      0.32824      0.17900
      3.10383      4.60934      1.15076      0.90469
      3.11383      2.96569      1.29783      1.38531
      3.12383      2.20179      0.95165      0.80722
      3.13383      2.41218      0.99482      0.84550
      3.14383      2.49169      0.32465      0.36237
      3.15383      3.19075      0.05988      0.06077
      3.16383      4.12678      0.47886      0.36796
      3.17383      2.09811      0.82176      0.55910
      3.18383      0.73248      0.39043      0.28355
      3.19383      0.70072      0.93374      0.79402
      3.20383      2.27002      0.69511      0.60671
      3.21383      2.82881      0.31724      0.34956
      3.22383      2.23339      0.43853      0.51192
      3.23383      3.53379      0.18797      0.16728
      3.24383      2.80069      0.33465      0.18268
      3.25383      1.47518      0.49189      0.39240
      3.26383      1.01293      1.08462      1.21935
      3.27383      2.60967      0.79087      1.00312
      3.28383      6.55085      0.71600      0.85377
      3.29383      5.49834      0.79281      0.85210
      3.30383      3.39188      1.40823      1.32745
      3.31383      2.23870      0.79964      0.61546
      3.32383      3.59305      0.37382      0.35764
      3.33383      3.69659      0.99464      1.00835
      3.34383      3.03922      1.45458      1.50818
      3.35383      2.81813      0.98007      0.98188
      3.36383      1.21339      0.15298      0.14384
      3.37383      1.91150      0.00421      0.00380
      3.38383      1.94701      0.00002      0.00002
      3.39383      2.84954      0.00072      0.00096
      3.40383      4.15525      0.04455      0.05940
      3.41383      3.45526      0.42800      0.57167
      3.42383      0.74094      0.74806      1.00232
      3.43383      0.29147      0.27582      0.36135
      3.44383      2.19201      0.28686      0.25638
      3.45383      3.91890      0.51016      0.44319
      3.46383      2.12654      0.17314      0.15476
      3.47383      2.93081      0.37022      0.35810
      3.48383      3.81669      0.41542      0.40220
      3.49383      2.16769      0.16997      0.16631
      3.50383      1.78571      0.58213      0.61126
      3.51383      2.20255      0.50323      0.55881
      3.52383      1.55778      0.07525      0.08443
      3.53383      2.06471      0.18647      0.16705
      3.54383      1.81969      0.75357      0.75833
      3.55383      3.05467      1.15153      1.42052
      3.56383      4.15096      1.02664      1.33573
      3.57383      3.15447      0.77051      0.95177
      3.58383      1.68455      0.77224      0.78689
      3.59383      1.65658      0.90277      0.92391
      3.60383      2.47495      1.09818      1.04309
      3.61383      1.57224      0.74185      0.65570
      3.62383      1.41606      0.15580      0.13549
      3.63383      1.31386      0.29998      0.25771
      3.64383      1.59593      0.50119      0.43048
      3.65383      1.63714      0.12023      0.10565
      3.66383      1.24561      0.13211      0.17143
      3.67383      1.43551      0.42587      0.55740
      3.68383      1.47064      0.32878      0.40472
      3.69383      1.12874      0.93756      0.99516
      3.70383      1.64366      0.95171      0.94779
      3.71383      3.02845      0.28732      0.31481
      3.72383      3.71842      0.19650      0.24535
      3.73383      4.54403      0.03529      0.04426
      3.74383      3.65912      0.00089      0.00112
      3.75383      2.67111      0.00367      0.00477
      3.76383      2.51410      0.11099      0.14408
      3.77383      3.11509      0.54627      0.70625
      3.78383      2.13578      0.66858      0.85714
      3.79383      1.87597      0.39273      0.50525
      3.80383      3.61309      0.49228      0.62521
      3.81383      4.84730      0.40908      0.51121
      3.82383      3.59510      0.23338      0.28705
      3.83383      1.67166      0.80991      0.98989
      3.84383      1.20645      0.90553      1.10746
      3.85383      1.47863      0.78635      0.98289
      3.86383      2.47790      0.39842      0.51023
      3.87383      3.64400      0.04552      0.05876
      3.88383      2.92300      0.02307      0.02821
      3.89383      1.88345      0.30913      0.37525
      3.90383      1.97851      0.84433      1.02171
      3.91383      1.28629      0.80701      1.01820
      3.92383      0.68759      0.71678      0.92747
      3.93383      0.23973      0.78761      0.98010
      3.94383      0.86024      0.87393      0.97460
      3.95383      1.86593      1.05216      1.17861
      3.96383      2.79083      1.80639      2.19661
      3.97383      2.42510      1.30672      1.60652
      3.98383      0.79302      0.39833      0.49536
      3.99383      1.63951      0.83217      1.03552
      4.00383      3.27902      1.72643      2.09084
      4.01383      3.15942      1.87355      2.28594
      4.02383      3.09296      1.89733      2.42020
      4.03383      3.30781      1.31674      1.60607
      4.04383      2.05529      0.97354      1.07849
      4.05383      0.68996      0.63655      0.69214
      4.06383      0.05499      1.27438      1.33347
      4.07383      0.00101      1.10153      1.13091
      4.08383      0.04675      0.83452      0.80078
      4.09383      0.98810      0.52135      0.51919
      4.10383      3.60090      0.71846      0.74301
      4.11383      3.66836      0.61673      0.58994
      4.12383      1.91670      0.37651      0.37083
      4.13383      0.25004      1.12516      1.14602
      4.14383      0.05851      1.21321      1.24572
      4.15383      0.57406      0.40997      0.42328
      4.16383      1.49328      0.03595      0.03710
      4.17383      1.86243      0.17777      0.18285
      4.18383      2.03850      0.48618      0.50002
      4.19383      1.06799      0.22656      0.22871
      4.20383      0.98338      0.52380      0.48732
      4.21383      0.60058      1.09093      0.98367
      4.22383      0.05434      1.09340      0.96407
      4.23383      0.00081      0.43612      0.39285
      4.24383      0.02047      0.06910      0.06449
      4.25383      0.43842      0.33849      0.32184
      4.26383      1.86002      0.44143      0.41973
      4.27383      2.72526      0.08039      0.07630
      4.28383      1.96329      0.09303      0.08300
      4.29383      0.78884      0.47026      0.41898
      4.30383      0.42523      0.34086      0.30301
      4.31383      1.56857      0.26164      0.22079
      4.32383      2.79951      0.72662      0.61228
      4.33383      1.96827      1.07763      0.90256
      4.34383      0.27650      1.21442      0.96320
      4.35383      0.00600      1.16940      0.88407
      4.36383      0.00003      0.39580      0.29605
      4.37383      0.00352      0.02348      0.01750
      4.38383      0.15356      0.00104      0.00082
      4.39383      1.11083      0.03758      0.03023
      4.40383      2.33523      0.23201      0.18660
      4.41383      1.91413      0.24655      0.19607
      4.42383      1.43307      0.44496      0.34021
      4.43383      1.46453      0.44721      0.34104
      4.44383      1.51463      0.06386      0.04870
      4.45383      1.22465      0.00520      0.00389
      4.46383      0.71457      0.14064      0.10425
      4.47383      0.96482      0.81009      0.59309
      4.48383      0.29201      0.88126      0.63380
      4.49383      0.35741      0.18212      0.12927
      4.50383      0.43538      0.00622      0.00439
      4.51383      0.43821      0.00959      0.00675
      4.52383      1.07563      0.20209      0.14212
      4.53383      1.29749      0.57796      0.40645
      4.54383      1.75479      0.22371      0.15732
      4.55383      0.91205      0.01575      0.01096
      4.56383      1.82585      0.12898      0.08699
      4.57383      2.00391      0.55895      0.37694
      4.58383      0.33696      0.40063      0.26912
      4.59383      0.10180      0.51432      0.33986
      4.60383      0.79843      0.43891      0.28971
      4.61383      1.27674      0.18897      0.12451
      4.62383      1.22695      0.56872      0.37448
      4.63383      2.14922      0.31917      0.21016
      4.64383      1.99800      0.02428      0.01599
      4.65383      0.92299      0.00028      0.00018
      4.66383      1.62554      0.00500      0.00315
      4.67383      1.67377      0.11097      0.06980
      4.68383      0.55062      0.41493      0.26090
      4.69383      1.10393      0.41984      0.26382
      4.70383      2.13421      0.11669      0.07329
      4.71383      1.26210      0.05457      0.03352
      4.72383      1.04138      0.43253      0.26503
      4.73383      0.44326      0.51522      0.31570
      4.74383      0.02942      0.08307      0.05090
      4.75383      0.01747      0.00181      0.00111
      4.76383      0.35239      0.00001      0.00000
      4.77383      1.03039      0.00000      0.00000
      4.78383      1.17333      0.00000      0.00000
      4.79383      2.45358      0.00000      0.00000
      4.80383      2.55658      0.00000      0.00000
      4.81383      1.08784      0.00000      0.00000
      4.82383      0.62621      0.00000      0.00000
      4.83383      2.10986      0.00000      0.00000
      4.84383      3.08395      0.00000      0.00000
      4.85383      1.69160      0.00000      0.00000
      4.86383      1.35449      0.00000      0.00000
      4.87383      1.88350      0.00000      0.00000
      4.88383      2.33896      0.00000      0.00000
      4.89383      4.60868      0.00000      0.00000
      4.90383      4.43987      0.00000      0.00000
      4.91383      2.04768      0.00000      0.00000
      4.92383      3.58698      0.00000      0.00000
      4.93383      3.49749      0.00000      0.00000
      4.94383      1.65567      0.00000      0.00000
      4.95383      0.29786      0.00000      0.00000
      4.96383      0.02347      0.00000      0.00000
      4.97383      0.40966      0.00000      0.00000
      4.98383      2.00041      0.00000      0.00000
      4.99383      2.19131      0.00000      0.00000
      5.00383      0.59086      0.00000      0.00000
      5.01383      0.03204      0.00000      0.00000
      5.02383      0.08234      0.00000      0.00000
      5.03383      0.96169      0.00000      0.00000
      5.04383      2.71173      0.00000      0.00000
      5.05383      2.28616      0.00000      0.00000
      5.06383      1.65656      0.00000      0.00000
      5.07383      2.13760      0.00000      0.00000
      5.08383      1.89498      0.00000      0.00000
      5.09383      1.13466      0.00000      0.00000
      5.10383      0.24126      0.00000      0.00000
      5.11383      0.38747      0.00000      0.00000
      5.12383      0.98427      0.00000      0.00000
      5.13383      0.34488      0.00000      0.00000
      5.14383      0.04117      0.00000      0.00000
      5.15383      0.42208      0.00000      0.00000
      5.16383      1.03813      0.00000      0.00000
      5.17383      1.27911      0.00000      0.00000
      5.18383      2.37568      0.00000      0.00000
      5.19383      0.91468      0.00000      0.00000
      5.20383      0.05751      0.00000      0.00000
      5.21383      0.09039      0.00000      0.00000
      5.22383      0.72567      0.00000      0.00000
      5.23383      0.80399      0.00000      0.00000
      5.24383      0.13022      0.00000      0.00000
      5.25383      0.27479      0.00000      0.00000
      5.26383      1.48578      0.00000      0.00000
      5.27383      1.46058      0.00000      0.00000
      5.28383      0.33958      0.00000      0.00000
      5.29383      0.71212      0.00000      0.00000
      5.30383      1.08097      0.00000      0.00000
      5.31383      1.71615      0.00000      0.00000
      5.32383      1.46011      0.00000      0.00000
      5.33383      0.33148      0.00000      0.00000
      5.34383      0.48761      0.00000      0.00000
      5.35383      0.23281      0.00000      0.00000
      5.36383      0.04714      0.00000      0.00000
      5.37383      0.47384      0.00000      0.00000
      5.38383      0.96176      0.00000      0.00000
      5.39383      0.26932      0.00000      0.00000
      5.40383      0.09371      0.00000      0.00000
      5.41383      0.70680      0.00000      0.00000
      5.42383      0.82975      0.00000      0.00000
      5.43383      0.38370      0.00000      0.00000
      5.44383      0.96044      0.00000      0.00000
      5.45383      0.49179      0.00000      0.00000
      5.46383      0.03834      0.00000      0.00000
      5.47383      0.16278      0.00000      0.00000
      5.48383      0.87597      0.00000      0.00000
      5.49383      0.63932      0.00000      0.00000
      5.50383      0.06344      0.00000      0.00000
      5.51383      0.03212      0.00000      0.00000
      5.52383      0.47228      0.00000      0.00000
      5.53383      1.04800      0.00000      0.00000
      5.54383      0.97934      0.00000      0.00000
      5.55383      0.86190      0.00000      0.00000
      5.56383      0.60383      0.00000      0.00000
      5.57383      0.96582      0.00000      0.00000
      5.58383      0.26519      0.00000      0.00000
      5.59383      0.00993      0.00000      0.00000
      5.60383      0.00034      0.00000      0.00000
      5.61383      0.02559      0.00000      0.00000
      5.62383      0.34325      0.00000      0.00000
      5.63383      0.84919      0.00000      0.00000
      5.64383      0.47479      0.00000      0.00000
      5.65383      0.05282      0.00000      0.00000
      5.66383      0.06865      0.00000      0.00000
      5.67383      0.65704      0.00000      0.00000
      5.68383      0.86286      0.00000      0.00000
      5.69383      0.15350      0.00000      0.00000
      5.70383      0.00370      0.00000      0.00000
      5.71383      0.00001      0.00000      0.00000
      5.72383      0.00000      0.00000      0.00000
      5.73383      0.00000      0.00000      0.00000
      5.74383      0.00000      0.00000      0.00000
      5.75383      0.00000      0.00000      0.00000
      5.76383      0.00000      0.00000      0.00000
      5.77383      0.00000      0.00000      0.00000
      5.78383      0.00000      0.00000      0.00000
      5.79383      0.00000      0.00000      0.00000
      5.80383      0.00000      0.00000      0.00000
      5.81383      0.00000      0.00000      0.00000
      5.82383      0.00000      0.00000      0.00000
      5.83383      0.00000      0.00000      0.00000
      5.84383      0.00000      0.00000      0.00000
      5.85383      0.00000      0.00000      0.00000
      5.86383      0.00000      0.00000      0.00000
      5.87383      0.00000      0.00000      0.00000
      5.88383      0.00000      0.00000      0.00000
      5.89383      0.00000      0.00000      0.00000
      5.90383      0.00000      0.00000      0.00000
      5.91383      0.00000      0.00000      0.00000
      5.92383      0.00000      0.00000      0.00000
      5.93383      0.00000      0.00000      0.00000
      5.94383      0.00000      0.00008      0.00006
      5.95383      0.00000      0.01180      0.00835
      5.96383      0.00000      0.22427      0.15856
      5.97383      0.00000      0.57822      0.40880
      5.98383      0.00000      0.25694      0.18199
      5.99383      0.00000      0.28842      0.20544
      6.00383      0.00000      0.33171      0.23499
      6.01383      0.00000      0.28843      0.20309
      6.02383      0.00000      0.06313      0.04442
      6.03383      0.00000      0.00196      0.00138
      6.04383      0.00000      0.00001      0.00001
      6.05383      0.00000      0.00196      0.00140
      6.06383      0.00000      0.08456      0.06070
      6.07383      0.00000      0.49500      0.35530
      6.08383      0.00000      0.39297      0.28205
      6.09383      0.00000      0.09268      0.06589
      6.10383      0.00000      0.42266      0.29809
      6.11383      0.00000      0.47607      0.33575
      6.12383      0.00000      0.07268      0.05126
      6.13383      0.00000      0.00150      0.00106
      6.14383      0.00000      0.00000      0.00000
      6.15383      0.00000      0.00000      0.00000
      6.16383      0.00000      0.00000      0.00000
      6.17383      0.00000      0.00000      0.00000
      6.18383      0.00000      0.00065      0.00045
      6.19383      0.00000      0.05903      0.03934
      6.20383      0.00000      0.79881      0.46987
      6.21383      0.00000      1.73825      0.77044
      6.22383      0.00000      0.65628      0.17345
      6.23383      0.00000      0.04382      0.00634
      6.24383      0.00000      0.08295      0.05918
      6.25383      0.00000      0.73812      0.52830
      6.26383      0.00000      1.00107      0.71520
      6.27383      0.00000      0.20670      0.14743
      6.28383      0.00000      0.00637      0.00454
      6.29383      0.00000      0.00009      0.00002
      6.30383      0.00000      0.00992      0.00000
      6.31383      0.00000      0.22692      0.00000
      6.32383      0.00000      0.70250      0.00002
      6.33383      0.00000      0.29883      0.00322
      6.34383      0.00000      0.14347      0.09028
      6.35383      0.00000      0.64723      0.45994
      6.36383      0.00000      0.64336      0.45655
      6.37383      0.00000      0.19874      0.14173
      6.38383      0.00000      0.50588      0.36323
      6.39383      0.00000      0.38137      0.27385
      6.40383      0.00000      0.03912      0.02809
      6.41383      0.00000      0.00054      0.00039
      6.42383      0.00000      0.00000      0.00000
      6.43383      0.00000      0.00045      0.00032
      6.44383      0.00000      0.03457      0.02482
      6.45383      0.00000      0.36308      0.26075
      6.46383      0.00000      0.51621      0.37072
      6.47383      0.00000      0.10995      0.07882
      6.48383      0.00000      0.21766      0.15344
      6.49383      0.00000      0.64019      0.45147
      6.50383      0.00000      0.51366      0.34298
      6.51383      0.00000      0.72460      0.12203
      6.52383      0.00000      1.40086      0.00923
      6.53383      0.00000      0.47144      0.00010
      6.54383      0.00000      0.02166      0.00000
      6.55383      0.00000      0.00013      0.00000
      6.56383      0.00000      0.00001      0.00000
      6.57383      0.00000      0.00212      0.00152
      6.58383      0.00000      0.08893      0.06369
      6.59383      0.00000      0.54055      0.37945
      6.60383      0.00000      0.95884      0.51650
      6.61383      0.00000      1.40677      0.51015
      6.62383      0.00000      0.94433      0.48114
      6.63383      0.00000      0.31511      0.21628
      6.64383      0.00000      0.02324      0.01663
      6.65383      0.00000      0.07383      0.05135
      6.66383      0.00000      0.48002      0.33384
      6.67383      0.00000      0.44360      0.30907
      6.68383      0.00000      0.43678      0.31444
      6.69383      0.00000      1.10633      0.79962
      6.70383      0.00000      0.48269      0.34873
      6.71383      0.00000      0.03178      0.02295
      6.72383      0.00000      0.00031      0.00022
      6.73383      0.00000      0.00001      0.00001
      6.74383      0.00000      0.00223      0.00150
      6.75383      0.00000      0.09239      0.06208
      6.76383      0.00000      0.53281      0.34767
      6.77383      0.00000      0.80093      0.27124
      6.78383      0.00000      1.60579      0.18183
      6.79383      0.00000      1.19212      0.41572
      6.80383      0.00000      0.24863      0.15304
      6.81383      0.00000      0.12087      0.08685
      6.82383      0.00000      0.52872      0.38053
      6.83383      0.00000      0.34424      0.24771
      6.84383      0.00000      0.10553      0.07352
      6.85383      0.00000      0.48542      0.33376
      6.86383      0.00000      0.42192      0.29009
      6.87383      0.00000      0.04977      0.03421
      6.88383      0.00000      0.01153      0.00737
      6.89383      0.00000      0.15232      0.09681
      6.90383      0.00000      0.30011      0.19152
      6.91383      0.00000      0.25849      0.18235
      6.92383      0.00000      0.57638      0.42301
      6.93383      0.00000      0.42261      0.30924
      6.94383      0.00000      0.58141      0.42350
      6.95383      0.00000      0.23537      0.17141
      6.96383      0.00000      0.01319      0.00961
      6.97383      0.00000      0.00010      0.00007
      6.98383      0.00009      0.00088      0.00056
      6.99383      0.01130      0.06473      0.03655
      7.00383      0.20246      0.87068      0.37112
      7.01383      0.49094      2.49576      0.81713
      7.02383      0.16561      1.51573      0.54298
      7.03383      0.13360      0.73433      0.40811
      7.04383      0.48586      0.82874      0.53997
      7.05383      0.40171      0.54021      0.37582
      7.06383      0.50891      0.51956      0.07127
      7.07383      0.28648      1.63306      0.21202
      7.08383      0.44543      1.13078      0.40435
      7.09383      0.32668      0.21920      0.13604
      7.10383      0.07425      0.39623      0.29185
      7.11383      0.35387      0.48700      0.35898
      7.12383      0.41199      0.08209      0.06051
      7.13383      0.10182      0.00187      0.00138
      7.14383      0.44598      0.00001      0.00001
      7.15383      0.90949      0.00065      0.00048
      7.16383      0.34053      0.04420      0.03229
      7.17383      0.17723      0.44409      0.29322
      7.18383      0.51760      1.00818      0.40762
      7.19383      0.50945      1.17600      0.44098
      7.20383      0.46209      0.96627      0.64747
      7.21383      0.09100      0.49106      0.36859
      7.22383      0.00301      0.05924      0.04478
      7.23383      0.03624      0.00107      0.00081
      7.24383      0.33730      0.00167      0.00119
      7.25383      0.43316      0.05819      0.04093
      7.26383      0.29271      0.31898      0.19065
      7.27383      1.08332      0.63599      0.12018
      7.28383      1.18541      0.58806      0.01036
      7.29383      0.74370      0.11243      0.01268
      7.30383      0.80487      0.26702      0.19539
      7.31383      0.69164      0.55771      0.41140
      7.32383      1.05750      0.15897      0.11723
      7.33383      0.75827      0.01776      0.00452
      7.34383      0.38556      0.33289      0.00002
      7.35383      0.04575      1.28877      0.00000
      7.36383      0.00077      0.67532      0.00000
      7.37383      0.00000      0.04817      0.00022
      7.38383      0.00000      0.02007      0.01543
      7.39383      0.00144      0.18636      0.14661
      7.40383      0.07096      0.24192      0.19026
      7.41383      0.56130      0.13376      0.10256
      7.42383      1.07728      0.50410      0.38184
      7.43383      1.16902      0.51069      0.38402
      7.44383      0.61629      0.58789      0.43447
      7.45383      0.44822      0.28361      0.20917
      7.46383      0.38726      0.08709      0.05952
